<?xml version="1.0" encoding="UTF-8"?>
<coverage generated="1770515086462" clover="3.2.0">
  <project timestamp="1770515086462" name="All files">
    <metrics statements="498" coveredstatements="318" conditionals="298" coveredconditionals="125" methods="80" coveredmethods="51" elements="876" coveredelements="494" complexity="0" loc="498" ncloc="498" packages="6" files="7" classes="7"/>
    <package name="backend">
      <metrics statements="280" coveredstatements="172" conditionals="171" coveredconditionals="79" methods="40" coveredmethods="22"/>
      <file name="server.js" path="/Users/dhaddad/Documents/CS422/experimentMVP/backend/server.js">
        <metrics statements="280" coveredstatements="172" conditionals="171" coveredconditionals="79" methods="40" coveredmethods="22"/>
        <line num="2" count="3" type="stmt"/>
        <line num="3" count="3" type="stmt"/>
        <line num="4" count="3" type="stmt"/>
        <line num="5" count="3" type="stmt"/>
        <line num="6" count="3" type="stmt"/>
        <line num="7" count="3" type="stmt"/>
        <line num="8" count="3" type="stmt"/>
        <line num="9" count="3" type="stmt"/>
        <line num="10" count="3" type="stmt"/>
        <line num="11" count="3" type="stmt"/>
        <line num="14" count="3" type="stmt"/>
        <line num="17" count="3" type="cond" truecount="1" falsecount="1"/>
        <line num="19" count="3" type="stmt"/>
        <line num="20" count="3" type="stmt"/>
        <line num="22" count="3" type="stmt"/>
        <line num="23" count="3" type="stmt"/>
        <line num="25" count="3" type="stmt"/>
        <line num="27" count="3" type="stmt"/>
        <line num="28" count="3" type="stmt"/>
        <line num="30" count="3" type="stmt"/>
        <line num="50" count="3" type="stmt"/>
        <line num="52" count="3" type="cond" truecount="1" falsecount="1"/>
        <line num="55" count="3" type="cond" truecount="2" falsecount="0"/>
        <line num="57" count="3" type="stmt"/>
        <line num="63" count="3" type="stmt"/>
        <line num="69" count="3" type="cond" truecount="2" falsecount="0"/>
        <line num="72" count="39" type="cond" truecount="1" falsecount="1"/>
        <line num="73" count="0" type="stmt"/>
        <line num="75" count="39" type="stmt"/>
        <line num="79" count="23" type="stmt"/>
        <line num="80" count="23" type="cond" truecount="1" falsecount="1"/>
        <line num="81" count="0" type="stmt"/>
        <line num="84" count="23" type="stmt"/>
        <line num="85" count="23" type="cond" truecount="1" falsecount="1"/>
        <line num="86" count="0" type="stmt"/>
        <line num="89" count="23" type="stmt"/>
        <line num="90" count="23" type="cond" truecount="2" falsecount="0"/>
        <line num="91" count="1" type="stmt"/>
        <line num="94" count="22" type="stmt"/>
        <line num="95" count="22" type="stmt"/>
        <line num="96" count="22" type="stmt"/>
        <line num="100" count="20" type="cond" truecount="4" falsecount="1"/>
        <line num="101" count="20" type="stmt"/>
        <line num="102" count="20" type="cond" truecount="3" falsecount="1"/>
        <line num="103" count="20" type="stmt"/>
        <line num="105" count="0" type="stmt"/>
        <line num="106" count="0" type="cond" truecount="0" falsecount="2"/>
        <line num="107" count="0" type="stmt"/>
        <line num="110" count="3" type="stmt"/>
        <line num="111" count="3" type="stmt"/>
        <line num="114" count="10" type="stmt"/>
        <line num="116" count="10" type="stmt"/>
        <line num="118" count="20" type="stmt"/>
        <line num="124" count="20" type="stmt"/>
        <line num="128" count="20" type="stmt"/>
        <line num="130" count="20" type="stmt"/>
        <line num="131" count="10" type="stmt"/>
        <line num="137" count="10" type="stmt"/>
        <line num="138" count="2" type="cond" truecount="1" falsecount="1"/>
        <line num="139" count="2" type="stmt"/>
        <line num="140" count="2" type="stmt"/>
        <line num="141" count="2" type="cond" truecount="3" falsecount="1"/>
        <line num="143" count="2" type="cond" truecount="1" falsecount="1"/>
        <line num="147" count="2" type="stmt"/>
        <line num="148" count="4" type="stmt"/>
        <line num="149" count="4" type="cond" truecount="1" falsecount="1"/>
        <line num="151" count="4" type="stmt"/>
        <line num="162" count="10" type="stmt"/>
        <line num="166" count="10" type="stmt"/>
        <line num="167" count="10" type="stmt"/>
        <line num="177" count="3" type="stmt"/>
        <line num="178" count="0" type="cond" truecount="0" falsecount="2"/>
        <line num="179" count="0" type="stmt"/>
        <line num="181" count="0" type="stmt"/>
        <line num="185" count="3" type="stmt"/>
        <line num="186" count="0" type="stmt"/>
        <line num="189" count="3" type="stmt"/>
        <line num="190" count="0" type="cond" truecount="0" falsecount="2"/>
        <line num="191" count="0" type="stmt"/>
        <line num="193" count="0" type="stmt"/>
        <line num="194" count="0" type="cond" truecount="0" falsecount="2"/>
        <line num="195" count="0" type="stmt"/>
        <line num="197" count="0" type="stmt"/>
        <line num="200" count="3" type="stmt"/>
        <line num="201" count="0" type="stmt"/>
        <line num="202" count="0" type="cond" truecount="0" falsecount="2"/>
        <line num="203" count="0" type="stmt"/>
        <line num="205" count="0" type="stmt"/>
        <line num="210" count="3" type="stmt"/>
        <line num="211" count="0" type="stmt"/>
        <line num="212" count="0" type="stmt"/>
        <line num="213" count="0" type="stmt"/>
        <line num="215" count="0" type="stmt"/>
        <line num="223" count="3" type="stmt"/>
        <line num="224" count="0" type="stmt"/>
        <line num="227" count="3" type="stmt"/>
        <line num="228" count="0" type="stmt"/>
        <line num="229" count="0" type="stmt"/>
        <line num="230" count="0" type="stmt"/>
        <line num="231" count="0" type="stmt"/>
        <line num="233" count="0" type="stmt"/>
        <line num="240" count="0" type="stmt"/>
        <line num="243" count="3" type="stmt"/>
        <line num="244" count="0" type="stmt"/>
        <line num="246" count="0" type="cond" truecount="0" falsecount="2"/>
        <line num="247" count="0" type="stmt"/>
        <line num="248" count="0" type="stmt"/>
        <line num="251" count="0" type="stmt"/>
        <line num="252" count="0" type="stmt"/>
        <line num="253" count="0" type="stmt"/>
        <line num="255" count="0" type="stmt"/>
        <line num="256" count="0" type="stmt"/>
        <line num="258" count="0" type="cond" truecount="0" falsecount="6"/>
        <line num="259" count="0" type="cond" truecount="0" falsecount="2"/>
        <line num="261" count="0" type="stmt"/>
        <line num="268" count="0" type="stmt"/>
        <line num="269" count="0" type="stmt"/>
        <line num="271" count="0" type="stmt"/>
        <line num="272" count="0" type="stmt"/>
        <line num="274" count="0" type="stmt"/>
        <line num="275" count="0" type="stmt"/>
        <line num="276" count="0" type="cond" truecount="0" falsecount="2"/>
        <line num="277" count="0" type="stmt"/>
        <line num="278" count="0" type="stmt"/>
        <line num="280" count="0" type="stmt"/>
        <line num="285" count="0" type="stmt"/>
        <line num="286" count="0" type="stmt"/>
        <line num="288" count="0" type="stmt"/>
        <line num="289" count="0" type="stmt"/>
        <line num="295" count="3" type="stmt"/>
        <line num="296" count="10" type="cond" truecount="1" falsecount="1"/>
        <line num="297" count="10" type="cond" truecount="1" falsecount="1"/>
        <line num="298" count="0" type="stmt"/>
        <line num="301" count="10" type="stmt"/>
        <line num="302" count="10" type="stmt"/>
        <line num="304" count="10" type="stmt"/>
        <line num="307" count="3" type="stmt"/>
        <line num="308" count="0" type="stmt"/>
        <line num="309" count="0" type="stmt"/>
        <line num="312" count="3" type="stmt"/>
        <line num="313" count="1" type="stmt"/>
        <line num="314" count="1" type="stmt"/>
        <line num="317" count="3" type="stmt"/>
        <line num="318" count="9" type="cond" truecount="1" falsecount="1"/>
        <line num="319" count="9" type="cond" truecount="1" falsecount="1"/>
        <line num="320" count="0" type="stmt"/>
        <line num="323" count="9" type="stmt"/>
        <line num="324" count="9" type="cond" truecount="1" falsecount="1"/>
        <line num="326" count="0" type="stmt"/>
        <line num="329" count="9" type="stmt"/>
        <line num="330" count="9" type="stmt"/>
        <line num="335" count="3" type="stmt"/>
        <line num="336" count="6" type="stmt"/>
        <line num="337" count="6" type="stmt"/>
        <line num="338" count="6" type="cond" truecount="1" falsecount="1"/>
        <line num="340" count="6" type="cond" truecount="2" falsecount="2"/>
        <line num="343" count="6" type="cond" truecount="1" falsecount="1"/>
        <line num="344" count="0" type="stmt"/>
        <line num="347" count="6" type="cond" truecount="3" falsecount="1"/>
        <line num="348" count="0" type="stmt"/>
        <line num="350" count="6" type="cond" truecount="1" falsecount="1"/>
        <line num="351" count="0" type="stmt"/>
        <line num="354" count="6" type="stmt"/>
        <line num="355" count="6" type="cond" truecount="3" falsecount="1"/>
        <line num="356" count="0" type="stmt"/>
        <line num="359" count="6" type="stmt"/>
        <line num="360" count="6" type="stmt"/>
        <line num="367" count="6" type="stmt"/>
        <line num="368" count="22" type="cond" truecount="2" falsecount="0"/>
        <line num="370" count="6" type="cond" truecount="1" falsecount="1"/>
        <line num="371" count="0" type="stmt"/>
        <line num="374" count="21" type="stmt"/>
        <line num="375" count="6" type="cond" truecount="2" falsecount="0"/>
        <line num="376" count="1" type="stmt"/>
        <line num="381" count="5" type="stmt"/>
        <line num="391" count="5" type="stmt"/>
        <line num="397" count="5" type="stmt"/>
        <line num="399" count="5" type="stmt"/>
        <line num="408" count="0" type="cond" truecount="0" falsecount="2"/>
        <line num="409" count="0" type="stmt"/>
        <line num="411" count="0" type="stmt"/>
        <line num="412" count="0" type="stmt"/>
        <line num="416" count="3" type="stmt"/>
        <line num="417" count="2" type="stmt"/>
        <line num="421" count="2" type="stmt"/>
        <line num="424" count="3" type="stmt"/>
        <line num="425" count="1" type="stmt"/>
        <line num="426" count="1" type="stmt"/>
        <line num="429" count="3" type="stmt"/>
        <line num="430" count="4" type="stmt"/>
        <line num="431" count="4" type="cond" truecount="1" falsecount="1"/>
        <line num="432" count="0" type="stmt"/>
        <line num="435" count="4" type="cond" truecount="1" falsecount="1"/>
        <line num="436" count="4" type="cond" truecount="1" falsecount="1"/>
        <line num="437" count="0" type="stmt"/>
        <line num="439" count="4" type="cond" truecount="2" falsecount="0"/>
        <line num="441" count="4" type="stmt"/>
        <line num="442" count="4" type="cond" truecount="1" falsecount="1"/>
        <line num="443" count="0" type="stmt"/>
        <line num="446" count="4" type="stmt"/>
        <line num="447" count="4" type="cond" truecount="1" falsecount="1"/>
        <line num="448" count="0" type="stmt"/>
        <line num="451" count="4" type="stmt"/>
        <line num="457" count="4" type="stmt"/>
        <line num="458" count="4" type="cond" truecount="1" falsecount="1"/>
        <line num="459" count="4" type="cond" truecount="2" falsecount="0"/>
        <line num="460" count="4" type="stmt"/>
        <line num="462" count="4" type="stmt"/>
        <line num="463" count="4" type="cond" truecount="2" falsecount="0"/>
        <line num="464" count="2" type="stmt"/>
        <line num="465" count="2" type="cond" truecount="1" falsecount="1"/>
        <line num="466" count="2" type="stmt"/>
        <line num="469" count="4" type="stmt"/>
        <line num="470" count="4" type="cond" truecount="1" falsecount="1"/>
        <line num="471" count="4" type="stmt"/>
        <line num="474" count="4" type="stmt"/>
        <line num="483" count="3" type="stmt"/>
        <line num="484" count="1" type="stmt"/>
        <line num="485" count="1" type="cond" truecount="1" falsecount="1"/>
        <line num="486" count="0" type="stmt"/>
        <line num="489" count="1" type="stmt"/>
        <line num="490" count="1" type="cond" truecount="1" falsecount="1"/>
        <line num="491" count="0" type="stmt"/>
        <line num="494" count="1" type="cond" truecount="1" falsecount="1"/>
        <line num="495" count="0" type="stmt"/>
        <line num="498" count="1" type="cond" truecount="1" falsecount="1"/>
        <line num="499" count="0" type="stmt"/>
        <line num="502" count="1" type="stmt"/>
        <line num="503" count="1" type="stmt"/>
        <line num="508" count="3" type="stmt"/>
        <line num="509" count="4" type="stmt"/>
        <line num="510" count="4" type="stmt"/>
        <line num="511" count="4" type="stmt"/>
        <line num="513" count="4" type="cond" truecount="3" falsecount="1"/>
        <line num="514" count="0" type="stmt"/>
        <line num="516" count="4" type="cond" truecount="1" falsecount="1"/>
        <line num="517" count="0" type="stmt"/>
        <line num="521" count="4" type="cond" truecount="1" falsecount="1"/>
        <line num="522" count="4" type="stmt"/>
        <line num="523" count="4" type="cond" truecount="3" falsecount="1"/>
        <line num="524" count="0" type="stmt"/>
        <line num="528" count="4" type="stmt"/>
        <line num="529" count="4" type="stmt"/>
        <line num="535" count="4" type="stmt"/>
        <line num="537" count="0" type="cond" truecount="0" falsecount="2"/>
        <line num="538" count="0" type="stmt"/>
        <line num="540" count="0" type="stmt"/>
        <line num="541" count="0" type="stmt"/>
        <line num="547" count="3" type="stmt"/>
        <line num="548" count="0" type="stmt"/>
        <line num="549" count="0" type="stmt"/>
        <line num="550" count="0" type="cond" truecount="0" falsecount="4"/>
        <line num="551" count="0" type="stmt"/>
        <line num="554" count="0" type="stmt"/>
        <line num="555" count="0" type="stmt"/>
        <line num="557" count="0" type="stmt"/>
        <line num="562" count="0" type="cond" truecount="0" falsecount="4"/>
        <line num="563" count="0" type="stmt"/>
        <line num="566" count="0" type="stmt"/>
        <line num="567" count="0" type="cond" truecount="0" falsecount="2"/>
        <line num="568" count="0" type="cond" truecount="0" falsecount="2"/>
        <line num="570" count="0" type="stmt"/>
        <line num="577" count="0" type="stmt"/>
        <line num="579" count="0" type="stmt"/>
        <line num="581" count="0" type="cond" truecount="0" falsecount="4"/>
        <line num="582" count="0" type="stmt"/>
        <line num="583" count="0" type="stmt"/>
        <line num="586" count="0" type="stmt"/>
        <line num="590" count="3" type="cond" truecount="1" falsecount="1"/>
        <line num="591" count="3" type="stmt"/>
        <line num="592" count="16" type="stmt"/>
        <line num="593" count="16" type="stmt"/>
        <line num="594" count="16" type="stmt"/>
        <line num="595" count="16" type="stmt"/>
        <line num="599" count="3" type="stmt"/>
        <line num="600" count="0" type="stmt"/>
        <line num="608" count="3" type="cond" truecount="1" falsecount="1"/>
        <line num="609" count="0" type="stmt"/>
        <line num="610" count="0" type="stmt"/>
        <line num="614" count="3" type="stmt"/>
      </file>
    </package>
    <package name="backend.__tests__">
      <metrics statements="15" coveredstatements="15" conditionals="6" coveredconditionals="4" methods="5" coveredmethods="5"/>
      <file name="testUtils.js" path="/Users/dhaddad/Documents/CS422/experimentMVP/backend/__tests__/testUtils.js">
        <metrics statements="15" coveredstatements="15" conditionals="6" coveredconditionals="4" methods="5" coveredmethods="5"/>
        <line num="1" count="3" type="stmt"/>
        <line num="2" count="3" type="stmt"/>
        <line num="3" count="3" type="stmt"/>
        <line num="6" count="3" type="stmt"/>
        <line num="7" count="3" type="stmt"/>
        <line num="8" count="3" type="stmt"/>
        <line num="10" count="30" type="stmt"/>
        <line num="13" count="3" type="stmt"/>
        <line num="14" count="27" type="stmt"/>
        <line num="19" count="9" type="stmt"/>
        <line num="25" count="18" type="stmt"/>
        <line num="31" count="18" type="stmt"/>
        <line num="34" count="3" type="stmt"/>
        <line num="40" count="3" type="stmt"/>
        <line num="41" count="3" type="stmt"/>
      </file>
    </package>
    <package name="backend.algorithm">
      <metrics statements="71" coveredstatements="65" conditionals="48" coveredconditionals="36" methods="6" coveredmethods="6"/>
      <file name="algorithm.js" path="/Users/dhaddad/Documents/CS422/experimentMVP/backend/algorithm/algorithm.js">
        <metrics statements="64" coveredstatements="58" conditionals="46" coveredconditionals="34" methods="4" coveredmethods="4"/>
        <line num="22" count="20" type="cond" truecount="2" falsecount="0"/>
        <line num="27" count="4" type="stmt"/>
        <line num="30" count="4" type="stmt"/>
        <line num="31" count="4" type="stmt"/>
        <line num="33" count="4" type="stmt"/>
        <line num="34" count="4" type="stmt"/>
        <line num="36" count="4" type="cond" truecount="1" falsecount="1"/>
        <line num="37" count="4" type="stmt"/>
        <line num="39" count="0" type="stmt"/>
        <line num="40" count="0" type="stmt"/>
        <line num="43" count="4" type="stmt"/>
        <line num="44" count="4" type="stmt"/>
        <line num="55" count="22" type="cond" truecount="2" falsecount="0"/>
        <line num="80" count="10" type="cond" truecount="3" falsecount="1"/>
        <line num="81" count="0" type="stmt"/>
        <line num="83" count="10" type="cond" truecount="1" falsecount="1"/>
        <line num="84" count="0" type="stmt"/>
        <line num="86" count="10" type="cond" truecount="1" falsecount="1"/>
        <line num="87" count="0" type="stmt"/>
        <line num="90" count="10" type="stmt"/>
        <line num="91" count="10" type="cond" truecount="3" falsecount="1"/>
        <line num="92" count="0" type="stmt"/>
        <line num="97" count="10" type="stmt"/>
        <line num="99" count="10" type="stmt"/>
        <line num="100" count="20" type="stmt"/>
        <line num="101" count="20" type="cond" truecount="1" falsecount="1"/>
        <line num="104" count="20" type="stmt"/>
        <line num="106" count="20" type="stmt"/>
        <line num="107" count="10" type="cond" truecount="1" falsecount="1"/>
        <line num="108" count="10" type="stmt"/>
        <line num="109" count="10" type="stmt"/>
        <line num="110" count="10" type="cond" truecount="3" falsecount="1"/>
        <line num="111" count="10" type="cond" truecount="1" falsecount="1"/>
        <line num="114" count="10" type="stmt"/>
        <line num="115" count="10" type="stmt"/>
        <line num="116" count="10" type="cond" truecount="1" falsecount="1"/>
        <line num="120" count="10" type="stmt"/>
        <line num="123" count="20" type="stmt"/>
        <line num="124" count="20" type="cond" truecount="2" falsecount="0"/>
        <line num="125" count="6" type="stmt"/>
        <line num="131" count="10" type="stmt"/>
        <line num="132" count="20" type="stmt"/>
        <line num="135" count="10" type="stmt"/>
        <line num="136" count="10" type="stmt"/>
        <line num="140" count="10" type="stmt"/>
        <line num="141" count="40" type="stmt"/>
        <line num="144" count="40" type="stmt"/>
        <line num="146" count="40" type="stmt"/>
        <line num="148" count="40" type="stmt"/>
        <line num="149" count="80" type="stmt"/>
        <line num="150" count="80" type="cond" truecount="2" falsecount="0"/>
        <line num="151" count="80" type="cond" truecount="2" falsecount="0"/>
        <line num="154" count="80" type="cond" truecount="2" falsecount="0"/>
        <line num="156" count="80" type="stmt"/>
        <line num="158" count="80" type="stmt"/>
        <line num="159" count="80" type="cond" truecount="2" falsecount="0"/>
        <line num="160" count="22" type="stmt"/>
        <line num="161" count="22" type="stmt"/>
        <line num="164" count="80" type="cond" truecount="2" falsecount="0"/>
        <line num="165" count="60" type="stmt"/>
        <line num="168" count="40" type="stmt"/>
        <line num="169" count="40" type="stmt"/>
        <line num="171" count="40" type="stmt"/>
        <line num="183" count="10" type="stmt"/>
      </file>
      <file name="index.cjs" path="/Users/dhaddad/Documents/CS422/experimentMVP/backend/algorithm/index.cjs">
        <metrics statements="7" coveredstatements="7" conditionals="2" coveredconditionals="2" methods="2" coveredmethods="2"/>
        <line num="1" count="3" type="stmt"/>
        <line num="4" count="10" type="cond" truecount="2" falsecount="0"/>
        <line num="5" count="2" type="stmt"/>
        <line num="7" count="10" type="stmt"/>
        <line num="11" count="10" type="stmt"/>
        <line num="12" count="10" type="stmt"/>
        <line num="15" count="3" type="stmt"/>
      </file>
    </package>
    <package name="backend.algorithm.types">
      <metrics statements="2" coveredstatements="2" conditionals="0" coveredconditionals="0" methods="0" coveredmethods="0"/>
      <file name="algorithm_types.js" path="/Users/dhaddad/Documents/CS422/experimentMVP/backend/algorithm/types/algorithm_types.js">
        <metrics statements="2" coveredstatements="2" conditionals="0" coveredconditionals="0" methods="0" coveredmethods="0"/>
        <line num="2" count="2" type="stmt"/>
        <line num="8" count="2" type="stmt"/>
      </file>
    </package>
    <package name="backend.db">
      <metrics statements="95" coveredstatements="62" conditionals="39" coveredconditionals="6" methods="24" coveredmethods="18"/>
      <file name="index.js" path="/Users/dhaddad/Documents/CS422/experimentMVP/backend/db/index.js">
        <metrics statements="95" coveredstatements="62" conditionals="39" coveredconditionals="6" methods="24" coveredmethods="18"/>
        <line num="1" count="3" type="stmt"/>
        <line num="2" count="3" type="stmt"/>
        <line num="6" count="3" type="stmt"/>
        <line num="8" count="3" type="stmt"/>
        <line num="21" count="3" type="stmt"/>
        <line num="22" count="0" type="stmt"/>
        <line num="23" count="0" type="stmt"/>
        <line num="30" count="3" type="stmt"/>
        <line num="31" count="0" type="cond" truecount="0" falsecount="4"/>
        <line num="32" count="0" type="stmt"/>
        <line num="35" count="0" type="stmt"/>
        <line num="36" count="0" type="stmt"/>
        <line num="37" count="0" type="stmt"/>
        <line num="39" count="0" type="stmt"/>
        <line num="41" count="0" type="cond" truecount="0" falsecount="2"/>
        <line num="42" count="0" type="stmt"/>
        <line num="46" count="0" type="cond" truecount="0" falsecount="2"/>
        <line num="47" count="0" type="stmt"/>
        <line num="57" count="0" type="stmt"/>
        <line num="61" count="0" type="cond" truecount="0" falsecount="4"/>
        <line num="62" count="0" type="stmt"/>
        <line num="66" count="0" type="cond" truecount="0" falsecount="2"/>
        <line num="67" count="0" type="stmt"/>
        <line num="77" count="0" type="stmt"/>
        <line num="81" count="0" type="cond" truecount="0" falsecount="2"/>
        <line num="82" count="0" type="stmt"/>
        <line num="88" count="0" type="stmt"/>
        <line num="91" count="0" type="stmt"/>
        <line num="92" count="0" type="stmt"/>
        <line num="94" count="0" type="stmt"/>
        <line num="95" count="0" type="stmt"/>
        <line num="97" count="0" type="stmt"/>
        <line num="101" count="3" type="stmt"/>
        <line num="102" count="0" type="stmt"/>
        <line num="108" count="0" type="stmt"/>
        <line num="111" count="3" type="stmt"/>
        <line num="112" count="9" type="stmt"/>
        <line num="118" count="9" type="stmt"/>
        <line num="121" count="3" type="stmt"/>
        <line num="122" count="10" type="stmt"/>
        <line num="128" count="10" type="stmt"/>
        <line num="131" count="3" type="stmt"/>
        <line num="132" count="0" type="stmt"/>
        <line num="140" count="0" type="stmt"/>
        <line num="143" count="3" type="stmt"/>
        <line num="144" count="23" type="stmt"/>
        <line num="150" count="23" type="stmt"/>
        <line num="153" count="3" type="stmt"/>
        <line num="154" count="27" type="stmt"/>
        <line num="158" count="27" type="stmt"/>
        <line num="161" count="3" type="cond" truecount="0" falsecount="1"/>
        <line num="162" count="19" type="stmt"/>
        <line num="169" count="19" type="stmt"/>
        <line num="172" count="3" type="stmt"/>
        <line num="173" count="1" type="stmt"/>
        <line num="181" count="1" type="stmt"/>
        <line num="184" count="3" type="stmt"/>
        <line num="185" count="10" type="stmt"/>
        <line num="193" count="10" type="stmt"/>
        <line num="196" count="3" type="stmt"/>
        <line num="205" count="5" type="stmt"/>
        <line num="211" count="5" type="stmt"/>
        <line num="214" count="3" type="stmt"/>
        <line num="215" count="5" type="stmt"/>
        <line num="221" count="5" type="stmt"/>
        <line num="224" count="3" type="stmt"/>
        <line num="225" count="2" type="stmt"/>
        <line num="247" count="2" type="stmt"/>
        <line num="250" count="3" type="stmt"/>
        <line num="251" count="1" type="stmt"/>
        <line num="275" count="1" type="stmt"/>
        <line num="278" count="3" type="stmt"/>
        <line num="279" count="9" type="stmt"/>
        <line num="287" count="9" type="stmt"/>
        <line num="290" count="3" type="stmt"/>
        <line num="291" count="4" type="stmt"/>
        <line num="299" count="4" type="stmt"/>
        <line num="302" count="3" type="stmt"/>
        <line num="303" count="4" type="stmt"/>
        <line num="310" count="4" type="stmt"/>
        <line num="313" count="3" type="stmt"/>
        <line num="314" count="1" type="stmt"/>
        <line num="317" count="3" type="stmt"/>
        <line num="318" count="10" type="cond" truecount="3" falsecount="1"/>
        <line num="319" count="0" type="stmt"/>
        <line num="322" count="10" type="stmt"/>
        <line num="343" count="10" type="stmt"/>
        <line num="346" count="3" type="stmt"/>
        <line num="347" count="9" type="stmt"/>
        <line num="353" count="9" type="cond" truecount="1" falsecount="1"/>
        <line num="356" count="3" type="stmt"/>
        <line num="357" count="0" type="stmt"/>
        <line num="364" count="0" type="stmt"/>
        <line num="367" count="3" type="stmt"/>
        <line num="369" count="54" type="stmt"/>
      </file>
    </package>
    <package name="backend.services">
      <metrics statements="35" coveredstatements="2" conditionals="34" coveredconditionals="0" methods="5" coveredmethods="0"/>
      <file name="googleCalendar.js" path="/Users/dhaddad/Documents/CS422/experimentMVP/backend/services/googleCalendar.js">
        <metrics statements="35" coveredstatements="2" conditionals="34" coveredconditionals="0" methods="5" coveredmethods="0"/>
        <line num="1" count="1" type="stmt"/>
        <line num="4" count="0" type="stmt"/>
        <line num="12" count="0" type="cond" truecount="0" falsecount="2"/>
        <line num="13" count="0" type="cond" truecount="0" falsecount="2"/>
        <line num="14" count="0" type="stmt"/>
        <line num="15" count="0" type="cond" truecount="0" falsecount="2"/>
        <line num="17" count="0" type="cond" truecount="0" falsecount="2"/>
        <line num="18" count="0" type="stmt"/>
        <line num="19" count="0" type="cond" truecount="0" falsecount="2"/>
        <line num="21" count="0" type="stmt"/>
        <line num="25" count="0" type="cond" truecount="0" falsecount="2"/>
        <line num="26" count="0" type="stmt"/>
        <line num="28" count="0" type="stmt"/>
        <line num="29" count="0" type="cond" truecount="0" falsecount="5"/>
        <line num="30" count="0" type="stmt"/>
        <line num="31" count="0" type="stmt"/>
        <line num="32" count="0" type="cond" truecount="0" falsecount="4"/>
        <line num="33" count="0" type="cond" truecount="0" falsecount="2"/>
        <line num="35" count="0" type="stmt"/>
        <line num="44" count="0" type="stmt"/>
        <line num="48" count="0" type="stmt"/>
        <line num="49" count="0" type="stmt"/>
        <line num="51" count="0" type="stmt"/>
        <line num="53" count="0" type="stmt"/>
        <line num="60" count="0" type="cond" truecount="0" falsecount="2"/>
        <line num="61" count="0" type="cond" truecount="0" falsecount="2"/>
        <line num="63" count="0" type="stmt"/>
        <line num="64" count="0" type="cond" truecount="0" falsecount="2"/>
        <line num="68" count="0" type="cond" truecount="0" falsecount="2"/>
        <line num="69" count="0" type="stmt"/>
        <line num="70" count="0" type="stmt"/>
        <line num="71" count="0" type="stmt"/>
        <line num="74" count="0" type="stmt"/>
        <line num="80" count="0" type="stmt"/>
        <line num="83" count="1" type="stmt"/>
      </file>
    </package>
  </project>
</coverage>
