{"total": {"lines":{"total":1723,"covered":1171,"skipped":0,"pct":67.96},"statements":{"total":1823,"covered":1221,"skipped":0,"pct":66.97},"functions":{"total":259,"covered":195,"skipped":0,"pct":75.28},"branches":{"total":1495,"covered":710,"skipped":0,"pct":47.49},"branchesTrue":{"total":0,"covered":0,"skipped":0,"pct":100}}
,"/Users/dhaddad/Documents/CS422/experimentMVP/backend/inviteToken.js": {"lines":{"total":50,"covered":49,"skipped":0,"pct":98},"functions":{"total":6,"covered":6,"skipped":0,"pct":100},"statements":{"total":59,"covered":58,"skipped":0,"pct":98.3},"branches":{"total":44,"covered":44,"skipped":0,"pct":100}}
,"/Users/dhaddad/Documents/CS422/experimentMVP/backend/server.js": {"lines":{"total":769,"covered":436,"skipped":0,"pct":56.69},"functions":{"total":97,"covered":63,"skipped":0,"pct":64.94},"statements":{"total":810,"covered":449,"skipped":0,"pct":55.43},"branches":{"total":687,"covered":247,"skipped":0,"pct":35.95}}
,"/Users/dhaddad/Documents/CS422/experimentMVP/backend/db/index.js": {"lines":{"total":444,"covered":335,"skipped":0,"pct":75.45},"functions":{"total":78,"covered":60,"skipped":0,"pct":76.92},"statements":{"total":460,"covered":342,"skipped":0,"pct":74.34},"branches":{"total":322,"covered":151,"skipped":0,"pct":46.89}}
,"/Users/dhaddad/Documents/CS422/experimentMVP/backend/invites/service.js": {"lines":{"total":11,"covered":11,"skipped":0,"pct":100},"functions":{"total":4,"covered":4,"skipped":0,"pct":100},"statements":{"total":13,"covered":13,"skipped":0,"pct":100},"branches":{"total":11,"covered":10,"skipped":0,"pct":90.9}}
,"/Users/dhaddad/Documents/CS422/experimentMVP/backend/maintenance/cleanup.js": {"lines":{"total":64,"covered":64,"skipped":0,"pct":100},"functions":{"total":14,"covered":14,"skipped":0,"pct":100},"statements":{"total":67,"covered":67,"skipped":0,"pct":100},"branches":{"total":33,"covered":30,"skipped":0,"pct":90.9}}
,"/Users/dhaddad/Documents/CS422/experimentMVP/backend/maintenance/cleanup/policy.js": {"lines":{"total":8,"covered":8,"skipped":0,"pct":100},"functions":{"total":3,"covered":3,"skipped":0,"pct":100},"statements":{"total":10,"covered":10,"skipped":0,"pct":100},"branches":{"total":16,"covered":14,"skipped":0,"pct":87.5}}
,"/Users/dhaddad/Documents/CS422/experimentMVP/backend/maintenance/cleanup/selectors.js": {"lines":{"total":6,"covered":6,"skipped":0,"pct":100},"functions":{"total":2,"covered":2,"skipped":0,"pct":100},"statements":{"total":6,"covered":6,"skipped":0,"pct":100},"branches":{"total":2,"covered":2,"skipped":0,"pct":100}}
,"/Users/dhaddad/Documents/CS422/experimentMVP/backend/notifications/service.js": {"lines":{"total":8,"covered":8,"skipped":0,"pct":100},"functions":{"total":3,"covered":3,"skipped":0,"pct":100},"statements":{"total":10,"covered":10,"skipped":0,"pct":100},"branches":{"total":8,"covered":8,"skipped":0,"pct":100}}
,"/Users/dhaddad/Documents/CS422/experimentMVP/backend/outbox/provider.js": {"lines":{"total":20,"covered":20,"skipped":0,"pct":100},"functions":{"total":5,"covered":5,"skipped":0,"pct":100},"statements":{"total":23,"covered":23,"skipped":0,"pct":100},"branches":{"total":20,"covered":19,"skipped":0,"pct":95}}
,"/Users/dhaddad/Documents/CS422/experimentMVP/backend/outbox/run_worker.js": {"lines":{"total":16,"covered":16,"skipped":0,"pct":100},"functions":{"total":3,"covered":3,"skipped":0,"pct":100},"statements":{"total":17,"covered":17,"skipped":0,"pct":100},"branches":{"total":6,"covered":6,"skipped":0,"pct":100}}
,"/Users/dhaddad/Documents/CS422/experimentMVP/backend/outbox/worker.js": {"lines":{"total":29,"covered":29,"skipped":0,"pct":100},"functions":{"total":4,"covered":4,"skipped":0,"pct":100},"statements":{"total":31,"covered":31,"skipped":0,"pct":100},"branches":{"total":18,"covered":15,"skipped":0,"pct":83.33}}
,"/Users/dhaddad/Documents/CS422/experimentMVP/backend/services/googleCalendar.js": {"lines":{"total":109,"covered":55,"skipped":0,"pct":50.45},"functions":{"total":14,"covered":8,"skipped":0,"pct":57.14},"statements":{"total":123,"covered":61,"skipped":0,"pct":49.59},"branches":{"total":147,"covered":79,"skipped":0,"pct":53.74}}
,"/Users/dhaddad/Documents/CS422/experimentMVP/backend/services/syncCoordinator.js": {"lines":{"total":169,"covered":118,"skipped":0,"pct":69.82},"functions":{"total":25,"covered":19,"skipped":0,"pct":76},"statements":{"total":174,"covered":118,"skipped":0,"pct":67.81},"branches":{"total":167,"covered":79,"skipped":0,"pct":47.3}}
,"/Users/dhaddad/Documents/CS422/experimentMVP/backend/services/syncRepair.js": {"lines":{"total":20,"covered":16,"skipped":0,"pct":80},"functions":{"total":1,"covered":1,"skipped":0,"pct":100},"statements":{"total":20,"covered":16,"skipped":0,"pct":80},"branches":{"total":14,"covered":6,"skipped":0,"pct":42.85}}
}
