{"/Users/dhaddad/Documents/CS422/experimentMVP/backend/server.js": {"path":"/Users/dhaddad/Documents/CS422/experimentMVP/backend/server.js","statementMap":{"0":{"start":{"line":2,"column":16},"end":{"line":2,"column":34}},"1":{"start":{"line":3,"column":19},"end":{"line":3,"column":40}},"2":{"start":{"line":4,"column":15},"end":{"line":4,"column":32}},"3":{"start":{"line":5,"column":13},"end":{"line":5,"column":28}},"4":{"start":{"line":6,"column":11},"end":{"line":6,"column":32}},"5":{"start":{"line":7,"column":16},"end":{"line":7,"column":42}},"6":{"start":{"line":8,"column":12},"end":{"line":8,"column":26}},"7":{"start":{"line":9,"column":18},"end":{"line":9,"column":55}},"8":{"start":{"line":10,"column":38},"end":{"line":10,"column":70}},"9":{"start":{"line":11,"column":56},"end":{"line":11,"column":92}},"10":{"start":{"line":14,"column":0},"end":{"line":16,"column":3}},"11":{"start":{"line":17,"column":0},"end":{"line":17,"column":95}},"12":{"start":{"line":19,"column":0},"end":{"line":19,"column":42}},"13":{"start":{"line":20,"column":0},"end":{"line":20,"column":55}},"14":{"start":{"line":22,"column":17},"end":{"line":22,"column":41}},"15":{"start":{"line":23,"column":12},"end":{"line":23,"column":21}},"16":{"start":{"line":25,"column":21},"end":{"line":25,"column":58}},"17":{"start":{"line":27,"column":0},"end":{"line":27,"column":24}},"18":{"start":{"line":28,"column":0},"end":{"line":28,"column":26}},"19":{"start":{"line":30,"column":0},"end":{"line":48,"column":2}},"20":{"start":{"line":50,"column":0},"end":{"line":50,"column":82}},"21":{"start":{"line":52,"column":27},"end":{"line":54,"column":42}},"22":{"start":{"line":55,"column":20},"end":{"line":55,"column":73}},"23":{"start":{"line":57,"column":21},"end":{"line":61,"column":1}},"24":{"start":{"line":63,"column":15},"end":{"line":67,"column":1}},"25":{"start":{"line":69,"column":13},"end":{"line":69,"column":37}},"26":{"start":{"line":72,"column":2},"end":{"line":74,"column":3}},"27":{"start":{"line":73,"column":4},"end":{"line":73,"column":69}},"28":{"start":{"line":75,"column":2},"end":{"line":75,"column":16}},"29":{"start":{"line":79,"column":18},"end":{"line":79,"column":57}},"30":{"start":{"line":80,"column":2},"end":{"line":82,"column":3}},"31":{"start":{"line":81,"column":4},"end":{"line":81,"column":62}},"32":{"start":{"line":84,"column":16},"end":{"line":84,"column":46}},"33":{"start":{"line":85,"column":2},"end":{"line":87,"column":3}},"34":{"start":{"line":86,"column":4},"end":{"line":86,"column":62}},"35":{"start":{"line":89,"column":19},"end":{"line":89,"column":70}},"36":{"start":{"line":90,"column":2},"end":{"line":92,"column":3}},"37":{"start":{"line":91,"column":4},"end":{"line":91,"column":56}},"38":{"start":{"line":94,"column":2},"end":{"line":94,"column":20}},"39":{"start":{"line":95,"column":2},"end":{"line":95,"column":24}},"40":{"start":{"line":96,"column":2},"end":{"line":96,"column":16}},"41":{"start":{"line":100,"column":2},"end":{"line":100,"column":73}},"42":{"start":{"line":100,"column":61},"end":{"line":100,"column":73}},"43":{"start":{"line":101,"column":18},"end":{"line":101,"column":31}},"44":{"start":{"line":102,"column":2},"end":{"line":104,"column":3}},"45":{"start":{"line":103,"column":4},"end":{"line":103,"column":19}},"46":{"start":{"line":105,"column":17},"end":{"line":105,"column":34}},"47":{"start":{"line":106,"column":2},"end":{"line":106,"column":40}},"48":{"start":{"line":106,"column":28},"end":{"line":106,"column":40}},"49":{"start":{"line":107,"column":2},"end":{"line":107,"column":16}},"50":{"start":{"line":110,"column":37},"end":{"line":110,"column":39}},"51":{"start":{"line":111,"column":34},"end":{"line":111,"column":43}},"52":{"start":{"line":114,"column":18},"end":{"line":114,"column":61}},"53":{"start":{"line":116,"column":23},"end":{"line":126,"column":3}},"54":{"start":{"line":118,"column":24},"end":{"line":123,"column":8}},"55":{"start":{"line":124,"column":6},"end":{"line":124,"column":62}},"56":{"start":{"line":128,"column":27},"end":{"line":128,"column":74}},"57":{"start":{"line":128,"column":59},"end":{"line":128,"column":72}},"58":{"start":{"line":130,"column":20},"end":{"line":130,"column":54}},"59":{"start":{"line":130,"column":44},"end":{"line":130,"column":53}},"60":{"start":{"line":131,"column":20},"end":{"line":135,"column":4}},"61":{"start":{"line":137,"column":2},"end":{"line":160,"column":5}},"62":{"start":{"line":138,"column":4},"end":{"line":138,"column":45}},"63":{"start":{"line":138,"column":38},"end":{"line":138,"column":45}},"64":{"start":{"line":139,"column":20},"end":{"line":139,"column":51}},"65":{"start":{"line":140,"column":18},"end":{"line":140,"column":47}},"66":{"start":{"line":141,"column":4},"end":{"line":141,"column":69}},"67":{"start":{"line":141,"column":62},"end":{"line":141,"column":69}},"68":{"start":{"line":143,"column":24},"end":{"line":145,"column":10}},"69":{"start":{"line":147,"column":4},"end":{"line":159,"column":7}},"70":{"start":{"line":148,"column":26},"end":{"line":148,"column":62}},"71":{"start":{"line":149,"column":6},"end":{"line":149,"column":31}},"72":{"start":{"line":149,"column":24},"end":{"line":149,"column":31}},"73":{"start":{"line":151,"column":6},"end":{"line":158,"column":9}},"74":{"start":{"line":162,"column":2},"end":{"line":162,"column":22}},"75":{"start":{"line":166,"column":23},"end":{"line":166,"column":96}},"76":{"start":{"line":167,"column":2},"end":{"line":172,"column":5}},"77":{"start":{"line":177,"column":0},"end":{"line":183,"column":3}},"78":{"start":{"line":178,"column":2},"end":{"line":182,"column":3}},"79":{"start":{"line":179,"column":4},"end":{"line":179,"column":71}},"80":{"start":{"line":181,"column":4},"end":{"line":181,"column":27}},"81":{"start":{"line":185,"column":0},"end":{"line":187,"column":3}},"82":{"start":{"line":186,"column":2},"end":{"line":186,"column":69}},"83":{"start":{"line":189,"column":0},"end":{"line":198,"column":3}},"84":{"start":{"line":190,"column":2},"end":{"line":192,"column":3}},"85":{"start":{"line":191,"column":4},"end":{"line":191,"column":69}},"86":{"start":{"line":193,"column":15},"end":{"line":193,"column":55}},"87":{"start":{"line":194,"column":2},"end":{"line":196,"column":3}},"88":{"start":{"line":195,"column":4},"end":{"line":195,"column":69}},"89":{"start":{"line":197,"column":2},"end":{"line":197,"column":71}},"90":{"start":{"line":200,"column":0},"end":{"line":207,"column":3}},"91":{"start":{"line":201,"column":2},"end":{"line":206,"column":5}},"92":{"start":{"line":202,"column":4},"end":{"line":204,"column":5}},"93":{"start":{"line":203,"column":6},"end":{"line":203,"column":30}},"94":{"start":{"line":205,"column":4},"end":{"line":205,"column":27}},"95":{"start":{"line":210,"column":0},"end":{"line":220,"column":3}},"96":{"start":{"line":211,"column":2},"end":{"line":219,"column":3}},"97":{"start":{"line":212,"column":19},"end":{"line":212,"column":44}},"98":{"start":{"line":213,"column":4},"end":{"line":213,"column":21}},"99":{"start":{"line":215,"column":4},"end":{"line":218,"column":7}},"100":{"start":{"line":223,"column":0},"end":{"line":225,"column":3}},"101":{"start":{"line":224,"column":2},"end":{"line":224,"column":34}},"102":{"start":{"line":227,"column":0},"end":{"line":241,"column":3}},"103":{"start":{"line":228,"column":19},"end":{"line":228,"column":37}},"104":{"start":{"line":229,"column":16},"end":{"line":229,"column":54}},"105":{"start":{"line":230,"column":2},"end":{"line":230,"column":28}},"106":{"start":{"line":231,"column":2},"end":{"line":231,"column":42}},"107":{"start":{"line":233,"column":27},"end":{"line":239,"column":4}},"108":{"start":{"line":240,"column":2},"end":{"line":240,"column":33}},"109":{"start":{"line":243,"column":0},"end":{"line":291,"column":3}},"110":{"start":{"line":244,"column":12},"end":{"line":244,"column":42}},"111":{"start":{"line":246,"column":2},"end":{"line":249,"column":3}},"112":{"start":{"line":247,"column":4},"end":{"line":247,"column":19}},"113":{"start":{"line":248,"column":4},"end":{"line":248,"column":50}},"114":{"start":{"line":251,"column":2},"end":{"line":290,"column":3}},"115":{"start":{"line":252,"column":23},"end":{"line":252,"column":58}},"116":{"start":{"line":253,"column":4},"end":{"line":253,"column":40}},"117":{"start":{"line":255,"column":19},"end":{"line":255,"column":71}},"118":{"start":{"line":256,"column":31},"end":{"line":256,"column":58}},"119":{"start":{"line":258,"column":24},"end":{"line":258,"column":108}},"120":{"start":{"line":259,"column":25},"end":{"line":259,"column":53}},"121":{"start":{"line":261,"column":17},"end":{"line":266,"column":5}},"122":{"start":{"line":268,"column":4},"end":{"line":268,"column":33}},"123":{"start":{"line":269,"column":4},"end":{"line":269,"column":39}},"124":{"start":{"line":271,"column":4},"end":{"line":271,"column":29}},"125":{"start":{"line":272,"column":4},"end":{"line":272,"column":40}},"126":{"start":{"line":274,"column":4},"end":{"line":283,"column":7}},"127":{"start":{"line":275,"column":6},"end":{"line":282,"column":9}},"128":{"start":{"line":276,"column":8},"end":{"line":281,"column":9}},"129":{"start":{"line":277,"column":10},"end":{"line":277,"column":56}},"130":{"start":{"line":278,"column":10},"end":{"line":278,"column":26}},"131":{"start":{"line":280,"column":10},"end":{"line":280,"column":20}},"132":{"start":{"line":285,"column":4},"end":{"line":285,"column":61}},"133":{"start":{"line":285,"column":35},"end":{"line":285,"column":59}},"134":{"start":{"line":286,"column":4},"end":{"line":286,"column":22}},"135":{"start":{"line":288,"column":4},"end":{"line":288,"column":43}},"136":{"start":{"line":289,"column":4},"end":{"line":289,"column":32}},"137":{"start":{"line":295,"column":0},"end":{"line":305,"column":3}},"138":{"start":{"line":296,"column":15},"end":{"line":296,"column":77}},"139":{"start":{"line":297,"column":2},"end":{"line":299,"column":3}},"140":{"start":{"line":298,"column":4},"end":{"line":298,"column":69}},"141":{"start":{"line":301,"column":16},"end":{"line":301,"column":62}},"142":{"start":{"line":302,"column":2},"end":{"line":302,"column":65}},"143":{"start":{"line":304,"column":2},"end":{"line":304,"column":37}},"144":{"start":{"line":307,"column":0},"end":{"line":310,"column":3}},"145":{"start":{"line":308,"column":17},"end":{"line":308,"column":63}},"146":{"start":{"line":309,"column":2},"end":{"line":309,"column":26}},"147":{"start":{"line":312,"column":0},"end":{"line":315,"column":3}},"148":{"start":{"line":313,"column":18},"end":{"line":313,"column":55}},"149":{"start":{"line":314,"column":2},"end":{"line":314,"column":27}},"150":{"start":{"line":317,"column":0},"end":{"line":331,"column":3}},"151":{"start":{"line":318,"column":16},"end":{"line":318,"column":80}},"152":{"start":{"line":319,"column":2},"end":{"line":321,"column":3}},"153":{"start":{"line":320,"column":4},"end":{"line":320,"column":64}},"154":{"start":{"line":323,"column":15},"end":{"line":323,"column":45}},"155":{"start":{"line":324,"column":2},"end":{"line":327,"column":3}},"156":{"start":{"line":326,"column":4},"end":{"line":326,"column":86}},"157":{"start":{"line":329,"column":2},"end":{"line":329,"column":54}},"158":{"start":{"line":330,"column":2},"end":{"line":330,"column":83}},"159":{"start":{"line":335,"column":0},"end":{"line":414,"column":3}},"160":{"start":{"line":336,"column":18},"end":{"line":336,"column":49}},"161":{"start":{"line":337,"column":16},"end":{"line":337,"column":45}},"162":{"start":{"line":338,"column":16},"end":{"line":338,"column":80}},"163":{"start":{"line":340,"column":4},"end":{"line":342,"column":33}},"164":{"start":{"line":343,"column":2},"end":{"line":345,"column":3}},"165":{"start":{"line":344,"column":4},"end":{"line":344,"column":41}},"166":{"start":{"line":347,"column":2},"end":{"line":349,"column":3}},"167":{"start":{"line":348,"column":4},"end":{"line":348,"column":91}},"168":{"start":{"line":350,"column":2},"end":{"line":352,"column":3}},"169":{"start":{"line":351,"column":4},"end":{"line":351,"column":77}},"170":{"start":{"line":354,"column":18},"end":{"line":354,"column":58}},"171":{"start":{"line":355,"column":2},"end":{"line":357,"column":3}},"172":{"start":{"line":356,"column":4},"end":{"line":356,"column":91}},"173":{"start":{"line":359,"column":2},"end":{"line":413,"column":3}},"174":{"start":{"line":360,"column":19},"end":{"line":365,"column":6}},"175":{"start":{"line":367,"column":25},"end":{"line":369,"column":5}},"176":{"start":{"line":368,"column":17},"end":{"line":368,"column":65}},"177":{"start":{"line":370,"column":4},"end":{"line":372,"column":5}},"178":{"start":{"line":371,"column":6},"end":{"line":371,"column":72}},"179":{"start":{"line":374,"column":20},"end":{"line":374,"column":92}},"180":{"start":{"line":374,"column":50},"end":{"line":374,"column":91}},"181":{"start":{"line":375,"column":4},"end":{"line":379,"column":5}},"182":{"start":{"line":376,"column":6},"end":{"line":378,"column":83}},"183":{"start":{"line":381,"column":21},"end":{"line":389,"column":6}},"184":{"start":{"line":391,"column":4},"end":{"line":395,"column":7}},"185":{"start":{"line":397,"column":22},"end":{"line":397,"column":63}},"186":{"start":{"line":399,"column":4},"end":{"line":406,"column":7}},"187":{"start":{"line":408,"column":4},"end":{"line":410,"column":5}},"188":{"start":{"line":409,"column":6},"end":{"line":409,"column":93}},"189":{"start":{"line":411,"column":4},"end":{"line":411,"column":52}},"190":{"start":{"line":412,"column":4},"end":{"line":412,"column":72}},"191":{"start":{"line":416,"column":0},"end":{"line":422,"column":3}},"192":{"start":{"line":417,"column":20},"end":{"line":420,"column":4}},"193":{"start":{"line":421,"column":2},"end":{"line":421,"column":29}},"194":{"start":{"line":424,"column":0},"end":{"line":427,"column":3}},"195":{"start":{"line":425,"column":20},"end":{"line":425,"column":78}},"196":{"start":{"line":426,"column":2},"end":{"line":426,"column":29}},"197":{"start":{"line":429,"column":0},"end":{"line":481,"column":3}},"198":{"start":{"line":430,"column":21},"end":{"line":430,"column":63}},"199":{"start":{"line":431,"column":2},"end":{"line":433,"column":3}},"200":{"start":{"line":432,"column":4},"end":{"line":432,"column":65}},"201":{"start":{"line":435,"column":24},"end":{"line":435,"column":94}},"202":{"start":{"line":436,"column":2},"end":{"line":438,"column":3}},"203":{"start":{"line":437,"column":4},"end":{"line":437,"column":81}},"204":{"start":{"line":439,"column":29},"end":{"line":439,"column":95}},"205":{"start":{"line":441,"column":19},"end":{"line":441,"column":55}},"206":{"start":{"line":442,"column":2},"end":{"line":444,"column":3}},"207":{"start":{"line":443,"column":4},"end":{"line":443,"column":65}},"208":{"start":{"line":446,"column":19},"end":{"line":446,"column":80}},"209":{"start":{"line":447,"column":2},"end":{"line":449,"column":3}},"210":{"start":{"line":448,"column":4},"end":{"line":448,"column":56}},"211":{"start":{"line":451,"column":2},"end":{"line":455,"column":5}},"212":{"start":{"line":457,"column":17},"end":{"line":457,"column":63}},"213":{"start":{"line":458,"column":24},"end":{"line":458,"column":71}},"214":{"start":{"line":459,"column":24},"end":{"line":459,"column":71}},"215":{"start":{"line":460,"column":20},"end":{"line":460,"column":67}},"216":{"start":{"line":462,"column":19},"end":{"line":462,"column":25}},"217":{"start":{"line":463,"column":2},"end":{"line":467,"column":3}},"218":{"start":{"line":464,"column":4},"end":{"line":464,"column":26}},"219":{"start":{"line":465,"column":9},"end":{"line":467,"column":3}},"220":{"start":{"line":466,"column":4},"end":{"line":466,"column":32}},"221":{"start":{"line":469,"column":24},"end":{"line":469,"column":32}},"222":{"start":{"line":470,"column":2},"end":{"line":472,"column":3}},"223":{"start":{"line":471,"column":4},"end":{"line":471,"column":76}},"224":{"start":{"line":474,"column":2},"end":{"line":480,"column":5}},"225":{"start":{"line":483,"column":0},"end":{"line":504,"column":3}},"226":{"start":{"line":484,"column":21},"end":{"line":484,"column":63}},"227":{"start":{"line":485,"column":2},"end":{"line":487,"column":3}},"228":{"start":{"line":486,"column":4},"end":{"line":486,"column":65}},"229":{"start":{"line":489,"column":19},"end":{"line":489,"column":55}},"230":{"start":{"line":490,"column":2},"end":{"line":492,"column":3}},"231":{"start":{"line":491,"column":4},"end":{"line":491,"column":65}},"232":{"start":{"line":494,"column":2},"end":{"line":496,"column":3}},"233":{"start":{"line":495,"column":4},"end":{"line":495,"column":56}},"234":{"start":{"line":498,"column":2},"end":{"line":500,"column":3}},"235":{"start":{"line":499,"column":4},"end":{"line":499,"column":83}},"236":{"start":{"line":502,"column":2},"end":{"line":502,"column":38}},"237":{"start":{"line":503,"column":2},"end":{"line":503,"column":32}},"238":{"start":{"line":508,"column":0},"end":{"line":543,"column":3}},"239":{"start":{"line":509,"column":24},"end":{"line":509,"column":55}},"240":{"start":{"line":510,"column":22},"end":{"line":510,"column":51}},"241":{"start":{"line":511,"column":25},"end":{"line":511,"column":46}},"242":{"start":{"line":513,"column":2},"end":{"line":515,"column":3}},"243":{"start":{"line":514,"column":4},"end":{"line":514,"column":91}},"244":{"start":{"line":516,"column":2},"end":{"line":518,"column":3}},"245":{"start":{"line":517,"column":4},"end":{"line":517,"column":77}},"246":{"start":{"line":521,"column":2},"end":{"line":526,"column":3}},"247":{"start":{"line":522,"column":4},"end":{"line":522,"column":61}},"248":{"start":{"line":523,"column":4},"end":{"line":525,"column":5}},"249":{"start":{"line":524,"column":6},"end":{"line":524,"column":97}},"250":{"start":{"line":528,"column":2},"end":{"line":542,"column":3}},"251":{"start":{"line":529,"column":19},"end":{"line":534,"column":6}},"252":{"start":{"line":535,"column":4},"end":{"line":535,"column":28}},"253":{"start":{"line":537,"column":4},"end":{"line":539,"column":5}},"254":{"start":{"line":538,"column":6},"end":{"line":538,"column":93}},"255":{"start":{"line":540,"column":4},"end":{"line":540,"column":57}},"256":{"start":{"line":541,"column":4},"end":{"line":541,"column":77}},"257":{"start":{"line":547,"column":0},"end":{"line":588,"column":3}},"258":{"start":{"line":548,"column":2},"end":{"line":587,"column":3}},"259":{"start":{"line":549,"column":17},"end":{"line":549,"column":57}},"260":{"start":{"line":550,"column":4},"end":{"line":552,"column":5}},"261":{"start":{"line":551,"column":6},"end":{"line":551,"column":89}},"262":{"start":{"line":554,"column":26},"end":{"line":554,"column":36}},"263":{"start":{"line":555,"column":4},"end":{"line":555,"column":56}},"264":{"start":{"line":557,"column":19},"end":{"line":560,"column":6}},"265":{"start":{"line":562,"column":4},"end":{"line":564,"column":5}},"266":{"start":{"line":563,"column":6},"end":{"line":563,"column":26}},"267":{"start":{"line":566,"column":28},"end":{"line":575,"column":6}},"268":{"start":{"line":567,"column":20},"end":{"line":567,"column":60}},"269":{"start":{"line":568,"column":18},"end":{"line":568,"column":54}},"270":{"start":{"line":570,"column":6},"end":{"line":574,"column":8}},"271":{"start":{"line":577,"column":4},"end":{"line":577,"column":30}},"272":{"start":{"line":579,"column":4},"end":{"line":579,"column":52}},"273":{"start":{"line":581,"column":4},"end":{"line":584,"column":5}},"274":{"start":{"line":582,"column":6},"end":{"line":582,"column":36}},"275":{"start":{"line":583,"column":6},"end":{"line":583,"column":93}},"276":{"start":{"line":586,"column":4},"end":{"line":586,"column":62}},"277":{"start":{"line":590,"column":0},"end":{"line":597,"column":1}},"278":{"start":{"line":591,"column":2},"end":{"line":596,"column":5}},"279":{"start":{"line":592,"column":19},"end":{"line":592,"column":35}},"280":{"start":{"line":593,"column":4},"end":{"line":593,"column":32}},"281":{"start":{"line":594,"column":4},"end":{"line":594,"column":39}},"282":{"start":{"line":595,"column":4},"end":{"line":595,"column":27}},"283":{"start":{"line":599,"column":0},"end":{"line":606,"column":3}},"284":{"start":{"line":600,"column":2},"end":{"line":605,"column":5}},"285":{"start":{"line":608,"column":0},"end":{"line":612,"column":1}},"286":{"start":{"line":609,"column":2},"end":{"line":611,"column":5}},"287":{"start":{"line":610,"column":4},"end":{"line":610,"column":50}},"288":{"start":{"line":614,"column":0},"end":{"line":614,"column":25}}},"fnMap":{"0":{"name":"requireAuth","decl":{"start":{"line":71,"column":9},"end":{"line":71,"column":20}},"loc":{"start":{"line":71,"column":37},"end":{"line":76,"column":1}},"line":71},"1":{"name":"requireGroupMember","decl":{"start":{"line":78,"column":15},"end":{"line":78,"column":33}},"loc":{"start":{"line":78,"column":50},"end":{"line":97,"column":1}},"line":78},"2":{"name":"parseTimeParam","decl":{"start":{"line":99,"column":9},"end":{"line":99,"column":23}},"loc":{"start":{"line":99,"column":31},"end":{"line":108,"column":1}},"line":99},"3":{"name":"buildParticipantsWithPetitions","decl":{"start":{"line":113,"column":15},"end":{"line":113,"column":45}},"loc":{"start":{"line":113,"column":83},"end":{"line":163,"column":1}},"line":113},"4":{"name":"(anonymous_4)","decl":{"start":{"line":117,"column":16},"end":{"line":117,"column":17}},"loc":{"start":{"line":117,"column":34},"end":{"line":125,"column":5}},"line":117},"5":{"name":"(anonymous_5)","decl":{"start":{"line":128,"column":52},"end":{"line":128,"column":53}},"loc":{"start":{"line":128,"column":59},"end":{"line":128,"column":72}},"line":128},"6":{"name":"(anonymous_6)","decl":{"start":{"line":130,"column":32},"end":{"line":130,"column":33}},"loc":{"start":{"line":130,"column":44},"end":{"line":130,"column":53}},"line":130},"7":{"name":"(anonymous_7)","decl":{"start":{"line":137,"column":20},"end":{"line":137,"column":21}},"loc":{"start":{"line":137,"column":34},"end":{"line":160,"column":3}},"line":137},"8":{"name":"(anonymous_8)","decl":{"start":{"line":147,"column":24},"end":{"line":147,"column":25}},"loc":{"start":{"line":147,"column":36},"end":{"line":159,"column":5}},"line":147},"9":{"name":"computeGroupAvailability","decl":{"start":{"line":165,"column":15},"end":{"line":165,"column":39}},"loc":{"start":{"line":165,"column":101},"end":{"line":173,"column":1}},"line":165},"10":{"name":"(anonymous_10)","decl":{"start":{"line":177,"column":13},"end":{"line":177,"column":14}},"loc":{"start":{"line":177,"column":27},"end":{"line":183,"column":1}},"line":177},"11":{"name":"(anonymous_11)","decl":{"start":{"line":185,"column":18},"end":{"line":185,"column":19}},"loc":{"start":{"line":185,"column":32},"end":{"line":187,"column":1}},"line":185},"12":{"name":"(anonymous_12)","decl":{"start":{"line":189,"column":19},"end":{"line":189,"column":20}},"loc":{"start":{"line":189,"column":39},"end":{"line":198,"column":1}},"line":189},"13":{"name":"(anonymous_13)","decl":{"start":{"line":200,"column":19},"end":{"line":200,"column":20}},"loc":{"start":{"line":200,"column":33},"end":{"line":207,"column":1}},"line":200},"14":{"name":"(anonymous_14)","decl":{"start":{"line":201,"column":22},"end":{"line":201,"column":23}},"loc":{"start":{"line":201,"column":31},"end":{"line":206,"column":3}},"line":201},"15":{"name":"(anonymous_15)","decl":{"start":{"line":210,"column":24},"end":{"line":210,"column":25}},"loc":{"start":{"line":210,"column":44},"end":{"line":220,"column":1}},"line":210},"16":{"name":"(anonymous_16)","decl":{"start":{"line":223,"column":19},"end":{"line":223,"column":20}},"loc":{"start":{"line":223,"column":33},"end":{"line":225,"column":1}},"line":223},"17":{"name":"(anonymous_17)","decl":{"start":{"line":227,"column":24},"end":{"line":227,"column":25}},"loc":{"start":{"line":227,"column":44},"end":{"line":241,"column":1}},"line":227},"18":{"name":"(anonymous_18)","decl":{"start":{"line":243,"column":27},"end":{"line":243,"column":28}},"loc":{"start":{"line":243,"column":47},"end":{"line":291,"column":1}},"line":243},"19":{"name":"(anonymous_19)","decl":{"start":{"line":274,"column":22},"end":{"line":274,"column":23}},"loc":{"start":{"line":274,"column":43},"end":{"line":283,"column":5}},"line":274},"20":{"name":"(anonymous_20)","decl":{"start":{"line":275,"column":23},"end":{"line":275,"column":24}},"loc":{"start":{"line":275,"column":36},"end":{"line":282,"column":7}},"line":275},"21":{"name":"(anonymous_21)","decl":{"start":{"line":285,"column":22},"end":{"line":285,"column":23}},"loc":{"start":{"line":285,"column":35},"end":{"line":285,"column":59}},"line":285},"22":{"name":"(anonymous_22)","decl":{"start":{"line":295,"column":37},"end":{"line":295,"column":38}},"loc":{"start":{"line":295,"column":57},"end":{"line":305,"column":1}},"line":295},"23":{"name":"(anonymous_23)","decl":{"start":{"line":307,"column":36},"end":{"line":307,"column":37}},"loc":{"start":{"line":307,"column":56},"end":{"line":310,"column":1}},"line":307},"24":{"name":"(anonymous_24)","decl":{"start":{"line":312,"column":73},"end":{"line":312,"column":74}},"loc":{"start":{"line":312,"column":93},"end":{"line":315,"column":1}},"line":312},"25":{"name":"(anonymous_25)","decl":{"start":{"line":317,"column":74},"end":{"line":317,"column":75}},"loc":{"start":{"line":317,"column":94},"end":{"line":331,"column":1}},"line":317},"26":{"name":"(anonymous_26)","decl":{"start":{"line":335,"column":76},"end":{"line":335,"column":77}},"loc":{"start":{"line":335,"column":96},"end":{"line":414,"column":1}},"line":335},"27":{"name":"(anonymous_27)","decl":{"start":{"line":368,"column":6},"end":{"line":368,"column":7}},"loc":{"start":{"line":368,"column":17},"end":{"line":368,"column":65}},"line":368},"28":{"name":"(anonymous_28)","decl":{"start":{"line":374,"column":39},"end":{"line":374,"column":40}},"loc":{"start":{"line":374,"column":50},"end":{"line":374,"column":91}},"line":374},"29":{"name":"(anonymous_29)","decl":{"start":{"line":416,"column":75},"end":{"line":416,"column":76}},"loc":{"start":{"line":416,"column":95},"end":{"line":422,"column":1}},"line":416},"30":{"name":"(anonymous_30)","decl":{"start":{"line":424,"column":39},"end":{"line":424,"column":40}},"loc":{"start":{"line":424,"column":59},"end":{"line":427,"column":1}},"line":424},"31":{"name":"(anonymous_31)","decl":{"start":{"line":429,"column":60},"end":{"line":429,"column":61}},"loc":{"start":{"line":429,"column":80},"end":{"line":481,"column":1}},"line":429},"32":{"name":"(anonymous_32)","decl":{"start":{"line":483,"column":54},"end":{"line":483,"column":55}},"loc":{"start":{"line":483,"column":74},"end":{"line":504,"column":1}},"line":483},"33":{"name":"(anonymous_33)","decl":{"start":{"line":508,"column":78},"end":{"line":508,"column":79}},"loc":{"start":{"line":508,"column":98},"end":{"line":543,"column":1}},"line":508},"34":{"name":"(anonymous_34)","decl":{"start":{"line":547,"column":36},"end":{"line":547,"column":37}},"loc":{"start":{"line":547,"column":56},"end":{"line":588,"column":1}},"line":547},"35":{"name":"(anonymous_35)","decl":{"start":{"line":566,"column":39},"end":{"line":566,"column":40}},"loc":{"start":{"line":566,"column":50},"end":{"line":575,"column":5}},"line":566},"36":{"name":"(anonymous_36)","decl":{"start":{"line":582,"column":26},"end":{"line":582,"column":27}},"loc":{"start":{"line":582,"column":32},"end":{"line":582,"column":34}},"line":582},"37":{"name":"(anonymous_37)","decl":{"start":{"line":591,"column":26},"end":{"line":591,"column":27}},"loc":{"start":{"line":591,"column":40},"end":{"line":596,"column":3}},"line":591},"38":{"name":"(anonymous_38)","decl":{"start":{"line":599,"column":25},"end":{"line":599,"column":26}},"loc":{"start":{"line":599,"column":39},"end":{"line":606,"column":1}},"line":599},"39":{"name":"(anonymous_39)","decl":{"start":{"line":609,"column":19},"end":{"line":609,"column":20}},"loc":{"start":{"line":609,"column":31},"end":{"line":611,"column":3}},"line":609}},"branchMap":{"0":{"loc":{"start":{"line":15,"column":8},"end":{"line":15,"column":86}},"type":"cond-expr","locations":[{"start":{"line":15,"column":48},"end":{"line":15,"column":65}},{"start":{"line":15,"column":68},"end":{"line":15,"column":86}}],"line":15},"1":{"loc":{"start":{"line":17,"column":35},"end":{"line":17,"column":93}},"type":"cond-expr","locations":[{"start":{"line":17,"column":62},"end":{"line":17,"column":73}},{"start":{"line":17,"column":76},"end":{"line":17,"column":93}}],"line":17},"2":{"loc":{"start":{"line":52,"column":27},"end":{"line":54,"column":42}},"type":"cond-expr","locations":[{"start":{"line":53,"column":4},"end":{"line":53,"column":100}},{"start":{"line":54,"column":4},"end":{"line":54,"column":42}}],"line":52},"3":{"loc":{"start":{"line":53,"column":15},"end":{"line":53,"column":83}},"type":"binary-expr","locations":[{"start":{"line":53,"column":15},"end":{"line":53,"column":51}},{"start":{"line":53,"column":55},"end":{"line":53,"column":83}}],"line":53},"4":{"loc":{"start":{"line":55,"column":20},"end":{"line":55,"column":73}},"type":"binary-expr","locations":[{"start":{"line":55,"column":20},"end":{"line":55,"column":51}},{"start":{"line":55,"column":55},"end":{"line":55,"column":73}}],"line":55},"5":{"loc":{"start":{"line":69,"column":13},"end":{"line":69,"column":37}},"type":"binary-expr","locations":[{"start":{"line":69,"column":13},"end":{"line":69,"column":29}},{"start":{"line":69,"column":33},"end":{"line":69,"column":37}}],"line":69},"6":{"loc":{"start":{"line":72,"column":2},"end":{"line":74,"column":3}},"type":"if","locations":[{"start":{"line":72,"column":2},"end":{"line":74,"column":3}},{"start":{},"end":{}}],"line":72},"7":{"loc":{"start":{"line":80,"column":2},"end":{"line":82,"column":3}},"type":"if","locations":[{"start":{"line":80,"column":2},"end":{"line":82,"column":3}},{"start":{},"end":{}}],"line":80},"8":{"loc":{"start":{"line":85,"column":2},"end":{"line":87,"column":3}},"type":"if","locations":[{"start":{"line":85,"column":2},"end":{"line":87,"column":3}},{"start":{},"end":{}}],"line":85},"9":{"loc":{"start":{"line":90,"column":2},"end":{"line":92,"column":3}},"type":"if","locations":[{"start":{"line":90,"column":2},"end":{"line":92,"column":3}},{"start":{},"end":{}}],"line":90},"10":{"loc":{"start":{"line":100,"column":2},"end":{"line":100,"column":73}},"type":"if","locations":[{"start":{"line":100,"column":2},"end":{"line":100,"column":73}},{"start":{},"end":{}}],"line":100},"11":{"loc":{"start":{"line":100,"column":6},"end":{"line":100,"column":59}},"type":"binary-expr","locations":[{"start":{"line":100,"column":6},"end":{"line":100,"column":25}},{"start":{"line":100,"column":29},"end":{"line":100,"column":43}},{"start":{"line":100,"column":47},"end":{"line":100,"column":59}}],"line":100},"12":{"loc":{"start":{"line":102,"column":2},"end":{"line":104,"column":3}},"type":"if","locations":[{"start":{"line":102,"column":2},"end":{"line":104,"column":3}},{"start":{},"end":{}}],"line":102},"13":{"loc":{"start":{"line":102,"column":6},"end":{"line":102,"column":60}},"type":"binary-expr","locations":[{"start":{"line":102,"column":6},"end":{"line":102,"column":28}},{"start":{"line":102,"column":32},"end":{"line":102,"column":60}}],"line":102},"14":{"loc":{"start":{"line":106,"column":2},"end":{"line":106,"column":40}},"type":"if","locations":[{"start":{"line":106,"column":2},"end":{"line":106,"column":40}},{"start":{},"end":{}}],"line":106},"15":{"loc":{"start":{"line":138,"column":4},"end":{"line":138,"column":45}},"type":"if","locations":[{"start":{"line":138,"column":4},"end":{"line":138,"column":45}},{"start":{},"end":{}}],"line":138},"16":{"loc":{"start":{"line":141,"column":4},"end":{"line":141,"column":69}},"type":"if","locations":[{"start":{"line":141,"column":4},"end":{"line":141,"column":69}},{"start":{},"end":{}}],"line":141},"17":{"loc":{"start":{"line":141,"column":8},"end":{"line":141,"column":60}},"type":"binary-expr","locations":[{"start":{"line":141,"column":8},"end":{"line":141,"column":33}},{"start":{"line":141,"column":37},"end":{"line":141,"column":60}}],"line":141},"18":{"loc":{"start":{"line":143,"column":24},"end":{"line":145,"column":10}},"type":"cond-expr","locations":[{"start":{"line":144,"column":8},"end":{"line":144,"column":34}},{"start":{"line":145,"column":8},"end":{"line":145,"column":10}}],"line":143},"19":{"loc":{"start":{"line":149,"column":6},"end":{"line":149,"column":31}},"type":"if","locations":[{"start":{"line":149,"column":6},"end":{"line":149,"column":31}},{"start":{},"end":{}}],"line":149},"20":{"loc":{"start":{"line":157,"column":23},"end":{"line":157,"column":69}},"type":"binary-expr","locations":[{"start":{"line":157,"column":23},"end":{"line":157,"column":40}},{"start":{"line":157,"column":44},"end":{"line":157,"column":69}}],"line":157},"21":{"loc":{"start":{"line":178,"column":2},"end":{"line":182,"column":3}},"type":"if","locations":[{"start":{"line":178,"column":2},"end":{"line":182,"column":3}},{"start":{"line":180,"column":9},"end":{"line":182,"column":3}}],"line":178},"22":{"loc":{"start":{"line":190,"column":2},"end":{"line":192,"column":3}},"type":"if","locations":[{"start":{"line":190,"column":2},"end":{"line":192,"column":3}},{"start":{},"end":{}}],"line":190},"23":{"loc":{"start":{"line":194,"column":2},"end":{"line":196,"column":3}},"type":"if","locations":[{"start":{"line":194,"column":2},"end":{"line":196,"column":3}},{"start":{},"end":{}}],"line":194},"24":{"loc":{"start":{"line":202,"column":4},"end":{"line":204,"column":5}},"type":"if","locations":[{"start":{"line":202,"column":4},"end":{"line":204,"column":5}},{"start":{},"end":{}}],"line":202},"25":{"loc":{"start":{"line":246,"column":2},"end":{"line":249,"column":3}},"type":"if","locations":[{"start":{"line":246,"column":2},"end":{"line":249,"column":3}},{"start":{},"end":{}}],"line":246},"26":{"loc":{"start":{"line":258,"column":24},"end":{"line":258,"column":108}},"type":"binary-expr","locations":[{"start":{"line":258,"column":24},"end":{"line":258,"column":37}},{"start":{"line":258,"column":41},"end":{"line":258,"column":108}}],"line":258},"27":{"loc":{"start":{"line":258,"column":44},"end":{"line":258,"column":69}},"type":"binary-expr","locations":[{"start":{"line":258,"column":44},"end":{"line":258,"column":63}},{"start":{"line":258,"column":67},"end":{"line":258,"column":69}}],"line":258},"28":{"loc":{"start":{"line":258,"column":73},"end":{"line":258,"column":99}},"type":"binary-expr","locations":[{"start":{"line":258,"column":73},"end":{"line":258,"column":93}},{"start":{"line":258,"column":97},"end":{"line":258,"column":99}}],"line":258},"29":{"loc":{"start":{"line":259,"column":25},"end":{"line":259,"column":53}},"type":"binary-expr","locations":[{"start":{"line":259,"column":25},"end":{"line":259,"column":45}},{"start":{"line":259,"column":49},"end":{"line":259,"column":53}}],"line":259},"30":{"loc":{"start":{"line":276,"column":8},"end":{"line":281,"column":9}},"type":"if","locations":[{"start":{"line":276,"column":8},"end":{"line":281,"column":9}},{"start":{"line":279,"column":15},"end":{"line":281,"column":9}}],"line":276},"31":{"loc":{"start":{"line":296,"column":15},"end":{"line":296,"column":77}},"type":"cond-expr","locations":[{"start":{"line":296,"column":52},"end":{"line":296,"column":72}},{"start":{"line":296,"column":75},"end":{"line":296,"column":77}}],"line":296},"32":{"loc":{"start":{"line":297,"column":2},"end":{"line":299,"column":3}},"type":"if","locations":[{"start":{"line":297,"column":2},"end":{"line":299,"column":3}},{"start":{},"end":{}}],"line":297},"33":{"loc":{"start":{"line":318,"column":16},"end":{"line":318,"column":80}},"type":"cond-expr","locations":[{"start":{"line":318,"column":54},"end":{"line":318,"column":75}},{"start":{"line":318,"column":78},"end":{"line":318,"column":80}}],"line":318},"34":{"loc":{"start":{"line":319,"column":2},"end":{"line":321,"column":3}},"type":"if","locations":[{"start":{"line":319,"column":2},"end":{"line":321,"column":3}},{"start":{},"end":{}}],"line":319},"35":{"loc":{"start":{"line":324,"column":2},"end":{"line":327,"column":3}},"type":"if","locations":[{"start":{"line":324,"column":2},"end":{"line":327,"column":3}},{"start":{},"end":{}}],"line":324},"36":{"loc":{"start":{"line":338,"column":16},"end":{"line":338,"column":80}},"type":"cond-expr","locations":[{"start":{"line":338,"column":54},"end":{"line":338,"column":75}},{"start":{"line":338,"column":78},"end":{"line":338,"column":80}}],"line":338},"37":{"loc":{"start":{"line":340,"column":4},"end":{"line":342,"column":33}},"type":"cond-expr","locations":[{"start":{"line":341,"column":8},"end":{"line":341,"column":46}},{"start":{"line":342,"column":8},"end":{"line":342,"column":33}}],"line":340},"38":{"loc":{"start":{"line":340,"column":4},"end":{"line":340,"column":70}},"type":"binary-expr","locations":[{"start":{"line":340,"column":4},"end":{"line":340,"column":42}},{"start":{"line":340,"column":46},"end":{"line":340,"column":70}}],"line":340},"39":{"loc":{"start":{"line":343,"column":2},"end":{"line":345,"column":3}},"type":"if","locations":[{"start":{"line":343,"column":2},"end":{"line":345,"column":3}},{"start":{},"end":{}}],"line":343},"40":{"loc":{"start":{"line":347,"column":2},"end":{"line":349,"column":3}},"type":"if","locations":[{"start":{"line":347,"column":2},"end":{"line":349,"column":3}},{"start":{},"end":{}}],"line":347},"41":{"loc":{"start":{"line":347,"column":6},"end":{"line":347,"column":58}},"type":"binary-expr","locations":[{"start":{"line":347,"column":6},"end":{"line":347,"column":31}},{"start":{"line":347,"column":35},"end":{"line":347,"column":58}}],"line":347},"42":{"loc":{"start":{"line":350,"column":2},"end":{"line":352,"column":3}},"type":"if","locations":[{"start":{"line":350,"column":2},"end":{"line":352,"column":3}},{"start":{},"end":{}}],"line":350},"43":{"loc":{"start":{"line":355,"column":2},"end":{"line":357,"column":3}},"type":"if","locations":[{"start":{"line":355,"column":2},"end":{"line":357,"column":3}},{"start":{},"end":{}}],"line":355},"44":{"loc":{"start":{"line":355,"column":6},"end":{"line":355,"column":54}},"type":"binary-expr","locations":[{"start":{"line":355,"column":6},"end":{"line":355,"column":29}},{"start":{"line":355,"column":33},"end":{"line":355,"column":54}}],"line":355},"45":{"loc":{"start":{"line":368,"column":17},"end":{"line":368,"column":65}},"type":"binary-expr","locations":[{"start":{"line":368,"column":17},"end":{"line":368,"column":41}},{"start":{"line":368,"column":45},"end":{"line":368,"column":65}}],"line":368},"46":{"loc":{"start":{"line":370,"column":4},"end":{"line":372,"column":5}},"type":"if","locations":[{"start":{"line":370,"column":4},"end":{"line":372,"column":5}},{"start":{},"end":{}}],"line":370},"47":{"loc":{"start":{"line":375,"column":4},"end":{"line":379,"column":5}},"type":"if","locations":[{"start":{"line":375,"column":4},"end":{"line":379,"column":5}},{"start":{},"end":{}}],"line":375},"48":{"loc":{"start":{"line":384,"column":13},"end":{"line":384,"column":42}},"type":"binary-expr","locations":[{"start":{"line":384,"column":13},"end":{"line":384,"column":18}},{"start":{"line":384,"column":22},"end":{"line":384,"column":42}}],"line":384},"49":{"loc":{"start":{"line":387,"column":16},"end":{"line":387,"column":53}},"type":"binary-expr","locations":[{"start":{"line":387,"column":16},"end":{"line":387,"column":24}},{"start":{"line":387,"column":28},"end":{"line":387,"column":53}}],"line":387},"50":{"loc":{"start":{"line":408,"column":4},"end":{"line":410,"column":5}},"type":"if","locations":[{"start":{"line":408,"column":4},"end":{"line":410,"column":5}},{"start":{},"end":{}}],"line":408},"51":{"loc":{"start":{"line":431,"column":2},"end":{"line":433,"column":3}},"type":"if","locations":[{"start":{"line":431,"column":2},"end":{"line":433,"column":3}},{"start":{},"end":{}}],"line":431},"52":{"loc":{"start":{"line":435,"column":24},"end":{"line":435,"column":94}},"type":"cond-expr","locations":[{"start":{"line":435,"column":65},"end":{"line":435,"column":89}},{"start":{"line":435,"column":92},"end":{"line":435,"column":94}}],"line":435},"53":{"loc":{"start":{"line":436,"column":2},"end":{"line":438,"column":3}},"type":"if","locations":[{"start":{"line":436,"column":2},"end":{"line":438,"column":3}},{"start":{},"end":{}}],"line":436},"54":{"loc":{"start":{"line":439,"column":29},"end":{"line":439,"column":95}},"type":"cond-expr","locations":[{"start":{"line":439,"column":72},"end":{"line":439,"column":82}},{"start":{"line":439,"column":85},"end":{"line":439,"column":95}}],"line":439},"55":{"loc":{"start":{"line":442,"column":2},"end":{"line":444,"column":3}},"type":"if","locations":[{"start":{"line":442,"column":2},"end":{"line":444,"column":3}},{"start":{},"end":{}}],"line":442},"56":{"loc":{"start":{"line":447,"column":2},"end":{"line":449,"column":3}},"type":"if","locations":[{"start":{"line":447,"column":2},"end":{"line":449,"column":3}},{"start":{},"end":{}}],"line":447},"57":{"loc":{"start":{"line":458,"column":24},"end":{"line":458,"column":71}},"type":"binary-expr","locations":[{"start":{"line":458,"column":24},"end":{"line":458,"column":66}},{"start":{"line":458,"column":70},"end":{"line":458,"column":71}}],"line":458},"58":{"loc":{"start":{"line":459,"column":24},"end":{"line":459,"column":71}},"type":"binary-expr","locations":[{"start":{"line":459,"column":24},"end":{"line":459,"column":66}},{"start":{"line":459,"column":70},"end":{"line":459,"column":71}}],"line":459},"59":{"loc":{"start":{"line":463,"column":2},"end":{"line":467,"column":3}},"type":"if","locations":[{"start":{"line":463,"column":2},"end":{"line":467,"column":3}},{"start":{"line":465,"column":9},"end":{"line":467,"column":3}}],"line":463},"60":{"loc":{"start":{"line":465,"column":9},"end":{"line":467,"column":3}},"type":"if","locations":[{"start":{"line":465,"column":9},"end":{"line":467,"column":3}},{"start":{},"end":{}}],"line":465},"61":{"loc":{"start":{"line":470,"column":2},"end":{"line":472,"column":3}},"type":"if","locations":[{"start":{"line":470,"column":2},"end":{"line":472,"column":3}},{"start":{},"end":{}}],"line":470},"62":{"loc":{"start":{"line":485,"column":2},"end":{"line":487,"column":3}},"type":"if","locations":[{"start":{"line":485,"column":2},"end":{"line":487,"column":3}},{"start":{},"end":{}}],"line":485},"63":{"loc":{"start":{"line":490,"column":2},"end":{"line":492,"column":3}},"type":"if","locations":[{"start":{"line":490,"column":2},"end":{"line":492,"column":3}},{"start":{},"end":{}}],"line":490},"64":{"loc":{"start":{"line":494,"column":2},"end":{"line":496,"column":3}},"type":"if","locations":[{"start":{"line":494,"column":2},"end":{"line":496,"column":3}},{"start":{},"end":{}}],"line":494},"65":{"loc":{"start":{"line":498,"column":2},"end":{"line":500,"column":3}},"type":"if","locations":[{"start":{"line":498,"column":2},"end":{"line":500,"column":3}},{"start":{},"end":{}}],"line":498},"66":{"loc":{"start":{"line":513,"column":2},"end":{"line":515,"column":3}},"type":"if","locations":[{"start":{"line":513,"column":2},"end":{"line":515,"column":3}},{"start":{},"end":{}}],"line":513},"67":{"loc":{"start":{"line":513,"column":6},"end":{"line":513,"column":70}},"type":"binary-expr","locations":[{"start":{"line":513,"column":6},"end":{"line":513,"column":37}},{"start":{"line":513,"column":41},"end":{"line":513,"column":70}}],"line":513},"68":{"loc":{"start":{"line":516,"column":2},"end":{"line":518,"column":3}},"type":"if","locations":[{"start":{"line":516,"column":2},"end":{"line":518,"column":3}},{"start":{},"end":{}}],"line":516},"69":{"loc":{"start":{"line":521,"column":2},"end":{"line":526,"column":3}},"type":"if","locations":[{"start":{"line":521,"column":2},"end":{"line":526,"column":3}},{"start":{},"end":{}}],"line":521},"70":{"loc":{"start":{"line":523,"column":4},"end":{"line":525,"column":5}},"type":"if","locations":[{"start":{"line":523,"column":4},"end":{"line":525,"column":5}},{"start":{},"end":{}}],"line":523},"71":{"loc":{"start":{"line":523,"column":8},"end":{"line":523,"column":72}},"type":"binary-expr","locations":[{"start":{"line":523,"column":8},"end":{"line":523,"column":45}},{"start":{"line":523,"column":49},"end":{"line":523,"column":72}}],"line":523},"72":{"loc":{"start":{"line":533,"column":26},"end":{"line":533,"column":57}},"type":"binary-expr","locations":[{"start":{"line":533,"column":26},"end":{"line":533,"column":44}},{"start":{"line":533,"column":48},"end":{"line":533,"column":57}}],"line":533},"73":{"loc":{"start":{"line":537,"column":4},"end":{"line":539,"column":5}},"type":"if","locations":[{"start":{"line":537,"column":4},"end":{"line":539,"column":5}},{"start":{},"end":{}}],"line":537},"74":{"loc":{"start":{"line":550,"column":4},"end":{"line":552,"column":5}},"type":"if","locations":[{"start":{"line":550,"column":4},"end":{"line":552,"column":5}},{"start":{},"end":{}}],"line":550},"75":{"loc":{"start":{"line":550,"column":8},"end":{"line":550,"column":43}},"type":"binary-expr","locations":[{"start":{"line":550,"column":8},"end":{"line":550,"column":13}},{"start":{"line":550,"column":17},"end":{"line":550,"column":43}}],"line":550},"76":{"loc":{"start":{"line":562,"column":4},"end":{"line":564,"column":5}},"type":"if","locations":[{"start":{"line":562,"column":4},"end":{"line":564,"column":5}},{"start":{},"end":{}}],"line":562},"77":{"loc":{"start":{"line":562,"column":8},"end":{"line":562,"column":38}},"type":"binary-expr","locations":[{"start":{"line":562,"column":8},"end":{"line":562,"column":15}},{"start":{"line":562,"column":19},"end":{"line":562,"column":38}}],"line":562},"78":{"loc":{"start":{"line":567,"column":20},"end":{"line":567,"column":60}},"type":"binary-expr","locations":[{"start":{"line":567,"column":20},"end":{"line":567,"column":40}},{"start":{"line":567,"column":44},"end":{"line":567,"column":60}}],"line":567},"79":{"loc":{"start":{"line":568,"column":18},"end":{"line":568,"column":54}},"type":"binary-expr","locations":[{"start":{"line":568,"column":18},"end":{"line":568,"column":36}},{"start":{"line":568,"column":40},"end":{"line":568,"column":54}}],"line":568},"80":{"loc":{"start":{"line":571,"column":15},"end":{"line":571,"column":42}},"type":"binary-expr","locations":[{"start":{"line":571,"column":15},"end":{"line":571,"column":28}},{"start":{"line":571,"column":32},"end":{"line":571,"column":42}}],"line":571},"81":{"loc":{"start":{"line":581,"column":4},"end":{"line":584,"column":5}},"type":"if","locations":[{"start":{"line":581,"column":4},"end":{"line":584,"column":5}},{"start":{},"end":{}}],"line":581},"82":{"loc":{"start":{"line":581,"column":8},"end":{"line":581,"column":48}},"type":"binary-expr","locations":[{"start":{"line":581,"column":8},"end":{"line":581,"column":26}},{"start":{"line":581,"column":30},"end":{"line":581,"column":48}}],"line":581},"83":{"loc":{"start":{"line":590,"column":0},"end":{"line":597,"column":1}},"type":"if","locations":[{"start":{"line":590,"column":0},"end":{"line":597,"column":1}},{"start":{},"end":{}}],"line":590},"84":{"loc":{"start":{"line":608,"column":0},"end":{"line":612,"column":1}},"type":"if","locations":[{"start":{"line":608,"column":0},"end":{"line":612,"column":1}},{"start":{},"end":{}}],"line":608}},"s":{"0":3,"1":3,"2":3,"3":3,"4":3,"5":3,"6":3,"7":3,"8":3,"9":3,"10":3,"11":3,"12":3,"13":3,"14":3,"15":3,"16":3,"17":3,"18":3,"19":3,"20":3,"21":3,"22":3,"23":3,"24":3,"25":3,"26":39,"27":0,"28":39,"29":23,"30":23,"31":0,"32":23,"33":23,"34":0,"35":23,"36":23,"37":1,"38":22,"39":22,"40":22,"41":20,"42":0,"43":20,"44":20,"45":20,"46":0,"47":0,"48":0,"49":0,"50":3,"51":3,"52":10,"53":10,"54":20,"55":20,"56":10,"57":20,"58":10,"59":20,"60":10,"61":10,"62":2,"63":0,"64":2,"65":2,"66":2,"67":0,"68":2,"69":2,"70":4,"71":4,"72":0,"73":4,"74":10,"75":10,"76":10,"77":3,"78":0,"79":0,"80":0,"81":3,"82":0,"83":3,"84":0,"85":0,"86":0,"87":0,"88":0,"89":0,"90":3,"91":0,"92":0,"93":0,"94":0,"95":3,"96":0,"97":0,"98":0,"99":0,"100":3,"101":0,"102":3,"103":0,"104":0,"105":0,"106":0,"107":0,"108":0,"109":3,"110":0,"111":0,"112":0,"113":0,"114":0,"115":0,"116":0,"117":0,"118":0,"119":0,"120":0,"121":0,"122":0,"123":0,"124":0,"125":0,"126":0,"127":0,"128":0,"129":0,"130":0,"131":0,"132":0,"133":0,"134":0,"135":0,"136":0,"137":3,"138":10,"139":10,"140":0,"141":10,"142":10,"143":10,"144":3,"145":0,"146":0,"147":3,"148":1,"149":1,"150":3,"151":9,"152":9,"153":0,"154":9,"155":9,"156":0,"157":9,"158":9,"159":3,"160":6,"161":6,"162":6,"163":6,"164":6,"165":0,"166":6,"167":0,"168":6,"169":0,"170":6,"171":6,"172":0,"173":6,"174":6,"175":6,"176":22,"177":6,"178":0,"179":6,"180":21,"181":6,"182":1,"183":5,"184":5,"185":5,"186":5,"187":0,"188":0,"189":0,"190":0,"191":3,"192":2,"193":2,"194":3,"195":1,"196":1,"197":3,"198":4,"199":4,"200":0,"201":4,"202":4,"203":0,"204":4,"205":4,"206":4,"207":0,"208":4,"209":4,"210":0,"211":4,"212":4,"213":4,"214":4,"215":4,"216":4,"217":4,"218":2,"219":2,"220":2,"221":4,"222":4,"223":4,"224":4,"225":3,"226":1,"227":1,"228":0,"229":1,"230":1,"231":0,"232":1,"233":0,"234":1,"235":0,"236":1,"237":1,"238":3,"239":4,"240":4,"241":4,"242":4,"243":0,"244":4,"245":0,"246":4,"247":4,"248":4,"249":0,"250":4,"251":4,"252":4,"253":0,"254":0,"255":0,"256":0,"257":3,"258":0,"259":0,"260":0,"261":0,"262":0,"263":0,"264":0,"265":0,"266":0,"267":0,"268":0,"269":0,"270":0,"271":0,"272":0,"273":0,"274":0,"275":0,"276":0,"277":3,"278":3,"279":16,"280":16,"281":16,"282":16,"283":3,"284":0,"285":3,"286":0,"287":0,"288":3},"f":{"0":39,"1":23,"2":20,"3":10,"4":20,"5":20,"6":20,"7":2,"8":4,"9":10,"10":0,"11":0,"12":0,"13":0,"14":0,"15":0,"16":0,"17":0,"18":0,"19":0,"20":0,"21":0,"22":10,"23":0,"24":1,"25":9,"26":6,"27":22,"28":21,"29":2,"30":1,"31":4,"32":1,"33":4,"34":0,"35":0,"36":0,"37":16,"38":0,"39":0},"b":{"0":[0,3],"1":[0,3],"2":[0,3],"3":[0,0],"4":[3,3],"5":[3,3],"6":[0,39],"7":[0,23],"8":[0,23],"9":[1,22],"10":[0,20],"11":[20,20,20],"12":[20,0],"13":[20,20],"14":[0,0],"15":[0,2],"16":[0,2],"17":[2,2],"18":[2,0],"19":[0,4],"20":[4,0],"21":[0,0],"22":[0,0],"23":[0,0],"24":[0,0],"25":[0,0],"26":[0,0],"27":[0,0],"28":[0,0],"29":[0,0],"30":[0,0],"31":[10,0],"32":[0,10],"33":[9,0],"34":[0,9],"35":[0,9],"36":[0,6],"37":[0,6],"38":[6,0],"39":[0,6],"40":[0,6],"41":[6,6],"42":[0,6],"43":[0,6],"44":[6,6],"45":[22,22],"46":[0,6],"47":[1,5],"48":[5,5],"49":[5,0],"50":[0,0],"51":[0,4],"52":[4,0],"53":[0,4],"54":[2,2],"55":[0,4],"56":[0,4],"57":[4,0],"58":[4,2],"59":[2,2],"60":[2,0],"61":[4,0],"62":[0,1],"63":[0,1],"64":[0,1],"65":[0,1],"66":[0,4],"67":[4,4],"68":[0,4],"69":[4,0],"70":[0,4],"71":[4,4],"72":[4,0],"73":[0,0],"74":[0,0],"75":[0,0],"76":[0,0],"77":[0,0],"78":[0,0],"79":[0,0],"80":[0,0],"81":[0,0],"82":[0,0],"83":[3,0],"84":[0,3]},"_coverageSchema":"1a1c01bbd47fc00a2c39e90264f33305004495a9","hash":"6a53fbaa9b788037bd4bdf8694459ca54504a020"}
,"/Users/dhaddad/Documents/CS422/experimentMVP/backend/__tests__/testUtils.js": {"path":"/Users/dhaddad/Documents/CS422/experimentMVP/backend/__tests__/testUtils.js","statementMap":{"0":{"start":{"line":1,"column":11},"end":{"line":1,"column":24}},"1":{"start":{"line":2,"column":13},"end":{"line":2,"column":28}},"2":{"start":{"line":3,"column":11},"end":{"line":3,"column":27}},"3":{"start":{"line":6,"column":18},"end":{"line":6,"column":78}},"4":{"start":{"line":7,"column":14},"end":{"line":7,"column":46}},"5":{"start":{"line":8,"column":21},"end":{"line":11,"column":20}},"6":{"start":{"line":10,"column":16},"end":{"line":10,"column":24}},"7":{"start":{"line":13,"column":2},"end":{"line":15,"column":3}},"8":{"start":{"line":14,"column":4},"end":{"line":14,"column":25}},"9":{"start":{"line":19,"column":2},"end":{"line":21,"column":4}},"10":{"start":{"line":25,"column":17},"end":{"line":30,"column":3}},"11":{"start":{"line":31,"column":2},"end":{"line":31,"column":24}},"12":{"start":{"line":34,"column":0},"end":{"line":38,"column":2}},"13":{"start":{"line":40,"column":0},"end":{"line":42,"column":3}},"14":{"start":{"line":41,"column":2},"end":{"line":41,"column":22}}},"fnMap":{"0":{"name":"runMigrations","decl":{"start":{"line":5,"column":15},"end":{"line":5,"column":28}},"loc":{"start":{"line":5,"column":31},"end":{"line":16,"column":1}},"line":5},"1":{"name":"(anonymous_1)","decl":{"start":{"line":10,"column":9},"end":{"line":10,"column":10}},"loc":{"start":{"line":10,"column":16},"end":{"line":10,"column":24}},"line":10},"2":{"name":"resetDb","decl":{"start":{"line":18,"column":15},"end":{"line":18,"column":22}},"loc":{"start":{"line":18,"column":25},"end":{"line":22,"column":1}},"line":18},"3":{"name":"createUser","decl":{"start":{"line":24,"column":15},"end":{"line":24,"column":25}},"loc":{"start":{"line":24,"column":68},"end":{"line":32,"column":1}},"line":24},"4":{"name":"(anonymous_4)","decl":{"start":{"line":40,"column":9},"end":{"line":40,"column":10}},"loc":{"start":{"line":40,"column":21},"end":{"line":42,"column":1}},"line":40}},"branchMap":{"0":{"loc":{"start":{"line":29,"column":5},"end":{"line":29,"column":22}},"type":"binary-expr","locations":[{"start":{"line":29,"column":5},"end":{"line":29,"column":14}},{"start":{"line":29,"column":18},"end":{"line":29,"column":22}}],"line":29},"1":{"loc":{"start":{"line":29,"column":31},"end":{"line":29,"column":43}},"type":"binary-expr","locations":[{"start":{"line":29,"column":31},"end":{"line":29,"column":35}},{"start":{"line":29,"column":39},"end":{"line":29,"column":43}}],"line":29},"2":{"loc":{"start":{"line":29,"column":45},"end":{"line":29,"column":65}},"type":"binary-expr","locations":[{"start":{"line":29,"column":45},"end":{"line":29,"column":57}},{"start":{"line":29,"column":61},"end":{"line":29,"column":65}}],"line":29}},"s":{"0":3,"1":3,"2":3,"3":3,"4":3,"5":3,"6":30,"7":3,"8":27,"9":9,"10":18,"11":18,"12":3,"13":3,"14":3},"f":{"0":3,"1":30,"2":9,"3":18,"4":3},"b":{"0":[18,0],"1":[18,0],"2":[18,4]},"_coverageSchema":"1a1c01bbd47fc00a2c39e90264f33305004495a9","hash":"9f1599cb80bf90722762ba3e19ce6c360f4a35e6"}
,"/Users/dhaddad/Documents/CS422/experimentMVP/backend/algorithm/algorithm.js": {"path":"/Users/dhaddad/Documents/CS422/experimentMVP/backend/algorithm/algorithm.js","statementMap":{"0":{"start":{"line":22,"column":2},"end":{"line":22,"column":54}},"1":{"start":{"line":22,"column":29},"end":{"line":22,"column":54}},"2":{"start":{"line":27,"column":17},"end":{"line":27,"column":72}},"3":{"start":{"line":27,"column":50},"end":{"line":27,"column":71}},"4":{"start":{"line":30,"column":17},"end":{"line":30,"column":19}},"5":{"start":{"line":31,"column":12},"end":{"line":31,"column":66}},"6":{"start":{"line":33,"column":2},"end":{"line":42,"column":3}},"7":{"start":{"line":33,"column":15},"end":{"line":33,"column":16}},"8":{"start":{"line":34,"column":17},"end":{"line":34,"column":26}},"9":{"start":{"line":36,"column":4},"end":{"line":41,"column":5}},"10":{"start":{"line":37,"column":6},"end":{"line":37,"column":50}},"11":{"start":{"line":39,"column":6},"end":{"line":39,"column":23}},"12":{"start":{"line":40,"column":6},"end":{"line":40,"column":57}},"13":{"start":{"line":43,"column":2},"end":{"line":43,"column":19}},"14":{"start":{"line":44,"column":2},"end":{"line":44,"column":16}},"15":{"start":{"line":55,"column":2},"end":{"line":55,"column":40}},"16":{"start":{"line":80,"column":2},"end":{"line":82,"column":3}},"17":{"start":{"line":81,"column":4},"end":{"line":81,"column":77}},"18":{"start":{"line":83,"column":2},"end":{"line":85,"column":3}},"19":{"start":{"line":84,"column":4},"end":{"line":84,"column":60}},"20":{"start":{"line":86,"column":2},"end":{"line":88,"column":3}},"21":{"start":{"line":87,"column":4},"end":{"line":87,"column":54}},"22":{"start":{"line":90,"column":18},"end":{"line":90,"column":48}},"23":{"start":{"line":91,"column":2},"end":{"line":93,"column":3}},"24":{"start":{"line":92,"column":4},"end":{"line":92,"column":69}},"25":{"start":{"line":97,"column":27},"end":{"line":97,"column":36}},"26":{"start":{"line":99,"column":2},"end":{"line":127,"column":3}},"27":{"start":{"line":100,"column":19},"end":{"line":100,"column":27}},"28":{"start":{"line":101,"column":22},"end":{"line":101,"column":61}},"29":{"start":{"line":104,"column":20},"end":{"line":104,"column":22}},"30":{"start":{"line":106,"column":4},"end":{"line":121,"column":5}},"31":{"start":{"line":107,"column":6},"end":{"line":107,"column":24}},"32":{"start":{"line":107,"column":15},"end":{"line":107,"column":24}},"33":{"start":{"line":108,"column":16},"end":{"line":108,"column":26}},"34":{"start":{"line":109,"column":16},"end":{"line":109,"column":24}},"35":{"start":{"line":110,"column":6},"end":{"line":110,"column":63}},"36":{"start":{"line":110,"column":54},"end":{"line":110,"column":63}},"37":{"start":{"line":111,"column":6},"end":{"line":111,"column":27}},"38":{"start":{"line":111,"column":18},"end":{"line":111,"column":27}},"39":{"start":{"line":114,"column":22},"end":{"line":114,"column":48}},"40":{"start":{"line":115,"column":20},"end":{"line":115,"column":44}},"41":{"start":{"line":116,"column":6},"end":{"line":116,"column":37}},"42":{"start":{"line":116,"column":28},"end":{"line":116,"column":37}},"43":{"start":{"line":120,"column":6},"end":{"line":120,"column":39}},"44":{"start":{"line":123,"column":19},"end":{"line":123,"column":42}},"45":{"start":{"line":124,"column":4},"end":{"line":126,"column":5}},"46":{"start":{"line":125,"column":6},"end":{"line":125,"column":43}},"47":{"start":{"line":131,"column":20},"end":{"line":131,"column":29}},"48":{"start":{"line":132,"column":2},"end":{"line":132,"column":59}},"49":{"start":{"line":132,"column":32},"end":{"line":132,"column":59}},"50":{"start":{"line":135,"column":14},"end":{"line":135,"column":16}},"51":{"start":{"line":136,"column":21},"end":{"line":136,"column":40}},"52":{"start":{"line":140,"column":2},"end":{"line":181,"column":3}},"53":{"start":{"line":140,"column":24},"end":{"line":140,"column":37}},"54":{"start":{"line":141,"column":21},"end":{"line":141,"column":64}},"55":{"start":{"line":144,"column":24},"end":{"line":144,"column":26}},"56":{"start":{"line":146,"column":24},"end":{"line":146,"column":26}},"57":{"start":{"line":148,"column":4},"end":{"line":166,"column":5}},"58":{"start":{"line":149,"column":21},"end":{"line":149,"column":29}},"59":{"start":{"line":150,"column":21},"end":{"line":150,"column":55}},"60":{"start":{"line":151,"column":16},"end":{"line":151,"column":42}},"61":{"start":{"line":154,"column":6},"end":{"line":154,"column":75}},"62":{"start":{"line":154,"column":69},"end":{"line":154,"column":75}},"63":{"start":{"line":156,"column":6},"end":{"line":156,"column":33}},"64":{"start":{"line":158,"column":19},"end":{"line":158,"column":24}},"65":{"start":{"line":159,"column":6},"end":{"line":162,"column":7}},"66":{"start":{"line":160,"column":25},"end":{"line":160,"column":36}},"67":{"start":{"line":161,"column":8},"end":{"line":161,"column":82}},"68":{"start":{"line":164,"column":6},"end":{"line":165,"column":36}},"69":{"start":{"line":164,"column":18},"end":{"line":164,"column":43}},"70":{"start":{"line":165,"column":11},"end":{"line":165,"column":36}},"71":{"start":{"line":168,"column":27},"end":{"line":168,"column":45}},"72":{"start":{"line":169,"column":22},"end":{"line":169,"column":40}},"73":{"start":{"line":171,"column":4},"end":{"line":180,"column":7}},"74":{"start":{"line":183,"column":2},"end":{"line":183,"column":13}}},"fnMap":{"0":{"name":"mergeIntervals","decl":{"start":{"line":20,"column":9},"end":{"line":20,"column":23}},"loc":{"start":{"line":20,"column":35},"end":{"line":45,"column":1}},"line":20},"1":{"name":"(anonymous_1)","decl":{"start":{"line":27,"column":40},"end":{"line":27,"column":41}},"loc":{"start":{"line":27,"column":50},"end":{"line":27,"column":71}},"line":27},"2":{"name":"overlaps","decl":{"start":{"line":54,"column":9},"end":{"line":54,"column":17}},"loc":{"start":{"line":54,"column":46},"end":{"line":56,"column":1}},"line":54},"3":{"name":"computeAvailabilityBlocks","decl":{"start":{"line":73,"column":16},"end":{"line":73,"column":41}},"loc":{"start":{"line":79,"column":3},"end":{"line":184,"column":1}},"line":79}},"branchMap":{"0":{"loc":{"start":{"line":22,"column":2},"end":{"line":22,"column":54}},"type":"if","locations":[{"start":{"line":22,"column":2},"end":{"line":22,"column":54}},{"start":{},"end":{}}],"line":22},"1":{"loc":{"start":{"line":36,"column":4},"end":{"line":41,"column":5}},"type":"if","locations":[{"start":{"line":36,"column":4},"end":{"line":41,"column":5}},{"start":{"line":38,"column":11},"end":{"line":41,"column":5}}],"line":36},"2":{"loc":{"start":{"line":55,"column":9},"end":{"line":55,"column":39}},"type":"binary-expr","locations":[{"start":{"line":55,"column":9},"end":{"line":55,"column":22}},{"start":{"line":55,"column":26},"end":{"line":55,"column":39}}],"line":55},"3":{"loc":{"start":{"line":77,"column":2},"end":{"line":77,"column":40}},"type":"default-arg","locations":[{"start":{"line":77,"column":23},"end":{"line":77,"column":40}}],"line":77},"4":{"loc":{"start":{"line":78,"column":2},"end":{"line":78,"column":29}},"type":"default-arg","locations":[{"start":{"line":78,"column":13},"end":{"line":78,"column":29}}],"line":78},"5":{"loc":{"start":{"line":80,"column":2},"end":{"line":82,"column":3}},"type":"if","locations":[{"start":{"line":80,"column":2},"end":{"line":82,"column":3}},{"start":{},"end":{}}],"line":80},"6":{"loc":{"start":{"line":80,"column":6},"end":{"line":80,"column":70}},"type":"binary-expr","locations":[{"start":{"line":80,"column":6},"end":{"line":80,"column":37}},{"start":{"line":80,"column":41},"end":{"line":80,"column":70}}],"line":80},"7":{"loc":{"start":{"line":83,"column":2},"end":{"line":85,"column":3}},"type":"if","locations":[{"start":{"line":83,"column":2},"end":{"line":85,"column":3}},{"start":{},"end":{}}],"line":83},"8":{"loc":{"start":{"line":86,"column":2},"end":{"line":88,"column":3}},"type":"if","locations":[{"start":{"line":86,"column":2},"end":{"line":88,"column":3}},{"start":{},"end":{}}],"line":86},"9":{"loc":{"start":{"line":91,"column":2},"end":{"line":93,"column":3}},"type":"if","locations":[{"start":{"line":91,"column":2},"end":{"line":93,"column":3}},{"start":{},"end":{}}],"line":91},"10":{"loc":{"start":{"line":91,"column":6},"end":{"line":91,"column":47}},"type":"binary-expr","locations":[{"start":{"line":91,"column":6},"end":{"line":91,"column":31}},{"start":{"line":91,"column":35},"end":{"line":91,"column":47}}],"line":91},"11":{"loc":{"start":{"line":101,"column":22},"end":{"line":101,"column":61}},"type":"cond-expr","locations":[{"start":{"line":101,"column":48},"end":{"line":101,"column":56}},{"start":{"line":101,"column":59},"end":{"line":101,"column":61}}],"line":101},"12":{"loc":{"start":{"line":107,"column":6},"end":{"line":107,"column":24}},"type":"if","locations":[{"start":{"line":107,"column":6},"end":{"line":107,"column":24}},{"start":{},"end":{}}],"line":107},"13":{"loc":{"start":{"line":110,"column":6},"end":{"line":110,"column":63}},"type":"if","locations":[{"start":{"line":110,"column":6},"end":{"line":110,"column":63}},{"start":{},"end":{}}],"line":110},"14":{"loc":{"start":{"line":110,"column":10},"end":{"line":110,"column":52}},"type":"binary-expr","locations":[{"start":{"line":110,"column":10},"end":{"line":110,"column":29}},{"start":{"line":110,"column":33},"end":{"line":110,"column":52}}],"line":110},"15":{"loc":{"start":{"line":111,"column":6},"end":{"line":111,"column":27}},"type":"if","locations":[{"start":{"line":111,"column":6},"end":{"line":111,"column":27}},{"start":{},"end":{}}],"line":111},"16":{"loc":{"start":{"line":116,"column":6},"end":{"line":116,"column":37}},"type":"if","locations":[{"start":{"line":116,"column":6},"end":{"line":116,"column":37}},{"start":{},"end":{}}],"line":116},"17":{"loc":{"start":{"line":124,"column":4},"end":{"line":126,"column":5}},"type":"if","locations":[{"start":{"line":124,"column":4},"end":{"line":126,"column":5}},{"start":{},"end":{}}],"line":124},"18":{"loc":{"start":{"line":150,"column":21},"end":{"line":150,"column":55}},"type":"binary-expr","locations":[{"start":{"line":150,"column":21},"end":{"line":150,"column":49}},{"start":{"line":150,"column":53},"end":{"line":150,"column":55}}],"line":150},"19":{"loc":{"start":{"line":151,"column":16},"end":{"line":151,"column":42}},"type":"binary-expr","locations":[{"start":{"line":151,"column":16},"end":{"line":151,"column":37}},{"start":{"line":151,"column":41},"end":{"line":151,"column":42}}],"line":151},"20":{"loc":{"start":{"line":154,"column":13},"end":{"line":154,"column":67}},"type":"binary-expr","locations":[{"start":{"line":154,"column":13},"end":{"line":154,"column":32}},{"start":{"line":154,"column":36},"end":{"line":154,"column":67}}],"line":154},"21":{"loc":{"start":{"line":159,"column":6},"end":{"line":162,"column":7}},"type":"if","locations":[{"start":{"line":159,"column":6},"end":{"line":162,"column":7}},{"start":{},"end":{}}],"line":159},"22":{"loc":{"start":{"line":164,"column":6},"end":{"line":165,"column":36}},"type":"if","locations":[{"start":{"line":164,"column":6},"end":{"line":165,"column":36}},{"start":{"line":165,"column":11},"end":{"line":165,"column":36}}],"line":164},"23":{"loc":{"start":{"line":179,"column":28},"end":{"line":179,"column":78}},"type":"cond-expr","locations":[{"start":{"line":179,"column":47},"end":{"line":179,"column":48}},{"start":{"line":179,"column":51},"end":{"line":179,"column":78}}],"line":179}},"s":{"0":20,"1":16,"2":4,"3":4,"4":4,"5":4,"6":4,"7":4,"8":4,"9":4,"10":4,"11":0,"12":0,"13":4,"14":4,"15":22,"16":10,"17":0,"18":10,"19":0,"20":10,"21":0,"22":10,"23":10,"24":0,"25":10,"26":10,"27":20,"28":20,"29":20,"30":20,"31":10,"32":0,"33":10,"34":10,"35":10,"36":0,"37":10,"38":0,"39":10,"40":10,"41":10,"42":0,"43":10,"44":20,"45":20,"46":6,"47":10,"48":10,"49":20,"50":10,"51":10,"52":10,"53":10,"54":40,"55":40,"56":40,"57":40,"58":80,"59":80,"60":80,"61":80,"62":1,"63":80,"64":80,"65":80,"66":22,"67":22,"68":80,"69":20,"70":60,"71":40,"72":40,"73":40,"74":10},"f":{"0":20,"1":4,"2":22,"3":10},"b":{"0":[16,4],"1":[4,0],"2":[22,22],"3":[0],"4":[10],"5":[0,10],"6":[10,10],"7":[0,10],"8":[0,10],"9":[0,10],"10":[10,10],"11":[20,0],"12":[0,10],"13":[0,10],"14":[10,10],"15":[0,10],"16":[0,10],"17":[6,14],"18":[80,56],"19":[80,79],"20":[81,23],"21":[22,58],"22":[20,60],"23":[0,40]},"_coverageSchema":"1a1c01bbd47fc00a2c39e90264f33305004495a9","hash":"49f6a099e6389d3f6bf4db40e63b7919f4c7b875"}
,"/Users/dhaddad/Documents/CS422/experimentMVP/backend/algorithm/index.cjs": {"path":"/Users/dhaddad/Documents/CS422/experimentMVP/backend/algorithm/index.cjs","statementMap":{"0":{"start":{"line":1,"column":23},"end":{"line":1,"column":27}},"1":{"start":{"line":4,"column":2},"end":{"line":6,"column":3}},"2":{"start":{"line":5,"column":4},"end":{"line":5,"column":48}},"3":{"start":{"line":7,"column":2},"end":{"line":7,"column":26}},"4":{"start":{"line":11,"column":14},"end":{"line":11,"column":35}},"5":{"start":{"line":12,"column":2},"end":{"line":12,"column":45}},"6":{"start":{"line":15,"column":0},"end":{"line":17,"column":2}}},"fnMap":{"0":{"name":"loadAlgorithm","decl":{"start":{"line":3,"column":15},"end":{"line":3,"column":28}},"loc":{"start":{"line":3,"column":31},"end":{"line":8,"column":1}},"line":3},"1":{"name":"computeAvailabilityBlocks","decl":{"start":{"line":10,"column":15},"end":{"line":10,"column":40}},"loc":{"start":{"line":10,"column":47},"end":{"line":13,"column":1}},"line":10}},"branchMap":{"0":{"loc":{"start":{"line":4,"column":2},"end":{"line":6,"column":3}},"type":"if","locations":[{"start":{"line":4,"column":2},"end":{"line":6,"column":3}},{"start":{},"end":{}}],"line":4}},"s":{"0":3,"1":10,"2":2,"3":10,"4":10,"5":10,"6":3},"f":{"0":10,"1":10},"b":{"0":[2,8]},"inputSourceMap":null,"_coverageSchema":"1a1c01bbd47fc00a2c39e90264f33305004495a9","hash":"860ae11f0b03ca5eb4454848425a980dffe98e4d"}
,"/Users/dhaddad/Documents/CS422/experimentMVP/backend/algorithm/types/algorithm_types.js": {"path":"/Users/dhaddad/Documents/CS422/experimentMVP/backend/algorithm/types/algorithm_types.js","statementMap":{"0":{"start":{"line":2,"column":33},"end":{"line":2,"column":35}},"1":{"start":{"line":8,"column":29},"end":{"line":12,"column":2}}},"fnMap":{},"branchMap":{},"s":{"0":2,"1":2},"f":{},"b":{},"_coverageSchema":"1a1c01bbd47fc00a2c39e90264f33305004495a9","hash":"32976764468499ab636596f457f2490d9e83c2ec"}
,"/Users/dhaddad/Documents/CS422/experimentMVP/backend/db/index.js": {"path":"/Users/dhaddad/Documents/CS422/experimentMVP/backend/db/index.js","statementMap":{"0":{"start":{"line":1,"column":17},"end":{"line":1,"column":30}},"1":{"start":{"line":2,"column":0},"end":{"line":4,"column":3}},"2":{"start":{"line":6,"column":21},"end":{"line":6,"column":58}},"3":{"start":{"line":8,"column":13},"end":{"line":19,"column":1}},"4":{"start":{"line":21,"column":23},"end":{"line":28,"column":1}},"5":{"start":{"line":22,"column":17},"end":{"line":22,"column":49}},"6":{"start":{"line":23,"column":2},"end":{"line":27,"column":4}},"7":{"start":{"line":30,"column":29},"end":{"line":99,"column":1}},"8":{"start":{"line":31,"column":2},"end":{"line":33,"column":3}},"9":{"start":{"line":32,"column":4},"end":{"line":32,"column":54}},"10":{"start":{"line":35,"column":17},"end":{"line":35,"column":37}},"11":{"start":{"line":36,"column":2},"end":{"line":98,"column":3}},"12":{"start":{"line":37,"column":4},"end":{"line":37,"column":32}},"13":{"start":{"line":39,"column":15},"end":{"line":39,"column":19}},"14":{"start":{"line":41,"column":4},"end":{"line":59,"column":5}},"15":{"start":{"line":42,"column":28},"end":{"line":45,"column":7}},"16":{"start":{"line":46,"column":6},"end":{"line":58,"column":7}},"17":{"start":{"line":47,"column":24},"end":{"line":56,"column":9}},"18":{"start":{"line":57,"column":8},"end":{"line":57,"column":31}},"19":{"start":{"line":61,"column":4},"end":{"line":79,"column":5}},"20":{"start":{"line":62,"column":30},"end":{"line":65,"column":7}},"21":{"start":{"line":66,"column":6},"end":{"line":78,"column":7}},"22":{"start":{"line":67,"column":24},"end":{"line":76,"column":9}},"23":{"start":{"line":77,"column":8},"end":{"line":77,"column":31}},"24":{"start":{"line":81,"column":4},"end":{"line":89,"column":5}},"25":{"start":{"line":82,"column":23},"end":{"line":87,"column":7}},"26":{"start":{"line":88,"column":6},"end":{"line":88,"column":30}},"27":{"start":{"line":91,"column":4},"end":{"line":91,"column":33}},"28":{"start":{"line":92,"column":4},"end":{"line":92,"column":16}},"29":{"start":{"line":94,"column":4},"end":{"line":94,"column":35}},"30":{"start":{"line":95,"column":4},"end":{"line":95,"column":14}},"31":{"start":{"line":97,"column":4},"end":{"line":97,"column":21}},"32":{"start":{"line":101,"column":20},"end":{"line":109,"column":1}},"33":{"start":{"line":102,"column":17},"end":{"line":107,"column":3}},"34":{"start":{"line":108,"column":2},"end":{"line":108,"column":24}},"35":{"start":{"line":111,"column":23},"end":{"line":119,"column":1}},"36":{"start":{"line":112,"column":17},"end":{"line":117,"column":3}},"37":{"start":{"line":118,"column":2},"end":{"line":118,"column":24}},"38":{"start":{"line":121,"column":20},"end":{"line":129,"column":1}},"39":{"start":{"line":122,"column":17},"end":{"line":127,"column":3}},"40":{"start":{"line":128,"column":2},"end":{"line":128,"column":24}},"41":{"start":{"line":131,"column":26},"end":{"line":141,"column":1}},"42":{"start":{"line":132,"column":17},"end":{"line":139,"column":3}},"43":{"start":{"line":140,"column":2},"end":{"line":140,"column":21}},"44":{"start":{"line":143,"column":21},"end":{"line":151,"column":1}},"45":{"start":{"line":144,"column":17},"end":{"line":149,"column":3}},"46":{"start":{"line":150,"column":2},"end":{"line":150,"column":24}},"47":{"start":{"line":153,"column":22},"end":{"line":159,"column":1}},"48":{"start":{"line":154,"column":17},"end":{"line":157,"column":3}},"49":{"start":{"line":158,"column":2},"end":{"line":158,"column":29}},"50":{"start":{"line":161,"column":23},"end":{"line":170,"column":1}},"51":{"start":{"line":162,"column":17},"end":{"line":168,"column":3}},"52":{"start":{"line":169,"column":2},"end":{"line":169,"column":24}},"53":{"start":{"line":172,"column":24},"end":{"line":182,"column":1}},"54":{"start":{"line":173,"column":17},"end":{"line":180,"column":3}},"55":{"start":{"line":181,"column":2},"end":{"line":181,"column":21}},"56":{"start":{"line":184,"column":34},"end":{"line":194,"column":1}},"57":{"start":{"line":185,"column":17},"end":{"line":192,"column":3}},"58":{"start":{"line":193,"column":2},"end":{"line":193,"column":21}},"59":{"start":{"line":196,"column":23},"end":{"line":212,"column":1}},"60":{"start":{"line":205,"column":17},"end":{"line":210,"column":3}},"61":{"start":{"line":211,"column":2},"end":{"line":211,"column":24}},"62":{"start":{"line":214,"column":24},"end":{"line":222,"column":1}},"63":{"start":{"line":215,"column":17},"end":{"line":220,"column":3}},"64":{"start":{"line":221,"column":2},"end":{"line":221,"column":24}},"65":{"start":{"line":224,"column":27},"end":{"line":248,"column":1}},"66":{"start":{"line":225,"column":17},"end":{"line":246,"column":3}},"67":{"start":{"line":247,"column":2},"end":{"line":247,"column":21}},"68":{"start":{"line":250,"column":26},"end":{"line":276,"column":1}},"69":{"start":{"line":251,"column":17},"end":{"line":274,"column":3}},"70":{"start":{"line":275,"column":2},"end":{"line":275,"column":21}},"71":{"start":{"line":278,"column":31},"end":{"line":288,"column":1}},"72":{"start":{"line":279,"column":17},"end":{"line":286,"column":3}},"73":{"start":{"line":287,"column":2},"end":{"line":287,"column":24}},"74":{"start":{"line":290,"column":34},"end":{"line":300,"column":1}},"75":{"start":{"line":291,"column":17},"end":{"line":298,"column":3}},"76":{"start":{"line":299,"column":2},"end":{"line":299,"column":24}},"77":{"start":{"line":302,"column":29},"end":{"line":311,"column":1}},"78":{"start":{"line":303,"column":17},"end":{"line":309,"column":3}},"79":{"start":{"line":310,"column":2},"end":{"line":310,"column":24}},"80":{"start":{"line":313,"column":23},"end":{"line":315,"column":1}},"81":{"start":{"line":314,"column":2},"end":{"line":314,"column":72}},"82":{"start":{"line":317,"column":37},"end":{"line":344,"column":1}},"83":{"start":{"line":318,"column":2},"end":{"line":320,"column":3}},"84":{"start":{"line":319,"column":4},"end":{"line":319,"column":14}},"85":{"start":{"line":322,"column":17},"end":{"line":342,"column":3}},"86":{"start":{"line":343,"column":2},"end":{"line":343,"column":21}},"87":{"start":{"line":346,"column":28},"end":{"line":354,"column":1}},"88":{"start":{"line":347,"column":17},"end":{"line":352,"column":3}},"89":{"start":{"line":353,"column":2},"end":{"line":353,"column":36}},"90":{"start":{"line":356,"column":26},"end":{"line":365,"column":1}},"91":{"start":{"line":357,"column":17},"end":{"line":363,"column":3}},"92":{"start":{"line":364,"column":2},"end":{"line":364,"column":47}},"93":{"start":{"line":364,"column":34},"end":{"line":364,"column":45}},"94":{"start":{"line":367,"column":0},"end":{"line":392,"column":2}},"95":{"start":{"line":369,"column":27},"end":{"line":369,"column":51}}},"fnMap":{"0":{"name":"(anonymous_0)","decl":{"start":{"line":21,"column":23},"end":{"line":21,"column":24}},"loc":{"start":{"line":21,"column":35},"end":{"line":28,"column":1}},"line":21},"1":{"name":"(anonymous_1)","decl":{"start":{"line":30,"column":29},"end":{"line":30,"column":30}},"loc":{"start":{"line":30,"column":77},"end":{"line":99,"column":1}},"line":30},"2":{"name":"(anonymous_2)","decl":{"start":{"line":101,"column":20},"end":{"line":101,"column":21}},"loc":{"start":{"line":101,"column":38},"end":{"line":109,"column":1}},"line":101},"3":{"name":"(anonymous_3)","decl":{"start":{"line":111,"column":23},"end":{"line":111,"column":24}},"loc":{"start":{"line":111,"column":40},"end":{"line":119,"column":1}},"line":111},"4":{"name":"(anonymous_4)","decl":{"start":{"line":121,"column":20},"end":{"line":121,"column":21}},"loc":{"start":{"line":121,"column":53},"end":{"line":129,"column":1}},"line":121},"5":{"name":"(anonymous_5)","decl":{"start":{"line":131,"column":26},"end":{"line":131,"column":27}},"loc":{"start":{"line":131,"column":44},"end":{"line":141,"column":1}},"line":131},"6":{"name":"(anonymous_6)","decl":{"start":{"line":143,"column":21},"end":{"line":143,"column":22}},"loc":{"start":{"line":143,"column":40},"end":{"line":151,"column":1}},"line":143},"7":{"name":"(anonymous_7)","decl":{"start":{"line":153,"column":22},"end":{"line":153,"column":23}},"loc":{"start":{"line":153,"column":49},"end":{"line":159,"column":1}},"line":153},"8":{"name":"(anonymous_8)","decl":{"start":{"line":161,"column":23},"end":{"line":161,"column":24}},"loc":{"start":{"line":161,"column":63},"end":{"line":170,"column":1}},"line":161},"9":{"name":"(anonymous_9)","decl":{"start":{"line":172,"column":24},"end":{"line":172,"column":25}},"loc":{"start":{"line":172,"column":43},"end":{"line":182,"column":1}},"line":172},"10":{"name":"(anonymous_10)","decl":{"start":{"line":184,"column":34},"end":{"line":184,"column":35}},"loc":{"start":{"line":184,"column":53},"end":{"line":194,"column":1}},"line":184},"11":{"name":"(anonymous_11)","decl":{"start":{"line":196,"column":23},"end":{"line":196,"column":24}},"loc":{"start":{"line":204,"column":6},"end":{"line":212,"column":1}},"line":204},"12":{"name":"(anonymous_12)","decl":{"start":{"line":214,"column":24},"end":{"line":214,"column":25}},"loc":{"start":{"line":214,"column":46},"end":{"line":222,"column":1}},"line":214},"13":{"name":"(anonymous_13)","decl":{"start":{"line":224,"column":27},"end":{"line":224,"column":28}},"loc":{"start":{"line":224,"column":58},"end":{"line":248,"column":1}},"line":224},"14":{"name":"(anonymous_14)","decl":{"start":{"line":250,"column":26},"end":{"line":250,"column":27}},"loc":{"start":{"line":250,"column":48},"end":{"line":276,"column":1}},"line":250},"15":{"name":"(anonymous_15)","decl":{"start":{"line":278,"column":31},"end":{"line":278,"column":32}},"loc":{"start":{"line":278,"column":75},"end":{"line":288,"column":1}},"line":278},"16":{"name":"(anonymous_16)","decl":{"start":{"line":290,"column":34},"end":{"line":290,"column":35}},"loc":{"start":{"line":290,"column":56},"end":{"line":300,"column":1}},"line":290},"17":{"name":"(anonymous_17)","decl":{"start":{"line":302,"column":29},"end":{"line":302,"column":30}},"loc":{"start":{"line":302,"column":59},"end":{"line":311,"column":1}},"line":302},"18":{"name":"(anonymous_18)","decl":{"start":{"line":313,"column":23},"end":{"line":313,"column":24}},"loc":{"start":{"line":313,"column":45},"end":{"line":315,"column":1}},"line":313},"19":{"name":"(anonymous_19)","decl":{"start":{"line":317,"column":37},"end":{"line":317,"column":38}},"loc":{"start":{"line":317,"column":88},"end":{"line":344,"column":1}},"line":317},"20":{"name":"(anonymous_20)","decl":{"start":{"line":346,"column":28},"end":{"line":346,"column":29}},"loc":{"start":{"line":346,"column":47},"end":{"line":354,"column":1}},"line":346},"21":{"name":"(anonymous_21)","decl":{"start":{"line":356,"column":26},"end":{"line":356,"column":27}},"loc":{"start":{"line":356,"column":45},"end":{"line":365,"column":1}},"line":356},"22":{"name":"(anonymous_22)","decl":{"start":{"line":364,"column":25},"end":{"line":364,"column":26}},"loc":{"start":{"line":364,"column":34},"end":{"line":364,"column":45}},"line":364},"23":{"name":"(anonymous_23)","decl":{"start":{"line":369,"column":9},"end":{"line":369,"column":10}},"loc":{"start":{"line":369,"column":27},"end":{"line":369,"column":51}},"line":369}},"branchMap":{"0":{"loc":{"start":{"line":3,"column":8},"end":{"line":3,"column":86}},"type":"cond-expr","locations":[{"start":{"line":3,"column":48},"end":{"line":3,"column":65}},{"start":{"line":3,"column":68},"end":{"line":3,"column":86}}],"line":3},"1":{"loc":{"start":{"line":9,"column":2},"end":{"line":18,"column":7}},"type":"cond-expr","locations":[{"start":{"line":10,"column":6},"end":{"line":10,"column":88}},{"start":{"line":11,"column":6},"end":{"line":18,"column":7}}],"line":9},"2":{"loc":{"start":{"line":31,"column":2},"end":{"line":33,"column":3}},"type":"if","locations":[{"start":{"line":31,"column":2},"end":{"line":33,"column":3}},{"start":{},"end":{}}],"line":31},"3":{"loc":{"start":{"line":31,"column":6},"end":{"line":31,"column":26}},"type":"binary-expr","locations":[{"start":{"line":31,"column":6},"end":{"line":31,"column":16}},{"start":{"line":31,"column":20},"end":{"line":31,"column":26}}],"line":31},"4":{"loc":{"start":{"line":41,"column":4},"end":{"line":59,"column":5}},"type":"if","locations":[{"start":{"line":41,"column":4},"end":{"line":59,"column":5}},{"start":{},"end":{}}],"line":41},"5":{"loc":{"start":{"line":46,"column":6},"end":{"line":58,"column":7}},"type":"if","locations":[{"start":{"line":46,"column":6},"end":{"line":58,"column":7}},{"start":{},"end":{}}],"line":46},"6":{"loc":{"start":{"line":55,"column":35},"end":{"line":55,"column":55}},"type":"binary-expr","locations":[{"start":{"line":55,"column":35},"end":{"line":55,"column":47}},{"start":{"line":55,"column":51},"end":{"line":55,"column":55}}],"line":55},"7":{"loc":{"start":{"line":61,"column":4},"end":{"line":79,"column":5}},"type":"if","locations":[{"start":{"line":61,"column":4},"end":{"line":79,"column":5}},{"start":{},"end":{}}],"line":61},"8":{"loc":{"start":{"line":61,"column":8},"end":{"line":61,"column":22}},"type":"binary-expr","locations":[{"start":{"line":61,"column":8},"end":{"line":61,"column":13}},{"start":{"line":61,"column":17},"end":{"line":61,"column":22}}],"line":61},"9":{"loc":{"start":{"line":66,"column":6},"end":{"line":78,"column":7}},"type":"if","locations":[{"start":{"line":66,"column":6},"end":{"line":78,"column":7}},{"start":{},"end":{}}],"line":66},"10":{"loc":{"start":{"line":75,"column":18},"end":{"line":75,"column":35}},"type":"binary-expr","locations":[{"start":{"line":75,"column":18},"end":{"line":75,"column":27}},{"start":{"line":75,"column":31},"end":{"line":75,"column":35}}],"line":75},"11":{"loc":{"start":{"line":75,"column":43},"end":{"line":75,"column":63}},"type":"binary-expr","locations":[{"start":{"line":75,"column":43},"end":{"line":75,"column":55}},{"start":{"line":75,"column":59},"end":{"line":75,"column":63}}],"line":75},"12":{"loc":{"start":{"line":81,"column":4},"end":{"line":89,"column":5}},"type":"if","locations":[{"start":{"line":81,"column":4},"end":{"line":89,"column":5}},{"start":{},"end":{}}],"line":81},"13":{"loc":{"start":{"line":86,"column":9},"end":{"line":86,"column":26}},"type":"binary-expr","locations":[{"start":{"line":86,"column":9},"end":{"line":86,"column":18}},{"start":{"line":86,"column":22},"end":{"line":86,"column":26}}],"line":86},"14":{"loc":{"start":{"line":86,"column":41},"end":{"line":86,"column":61}},"type":"binary-expr","locations":[{"start":{"line":86,"column":41},"end":{"line":86,"column":53}},{"start":{"line":86,"column":57},"end":{"line":86,"column":61}}],"line":86},"15":{"loc":{"start":{"line":161,"column":47},"end":{"line":161,"column":58}},"type":"default-arg","locations":[{"start":{"line":161,"column":54},"end":{"line":161,"column":58}}],"line":161},"16":{"loc":{"start":{"line":202,"column":2},"end":{"line":202,"column":22}},"type":"default-arg","locations":[{"start":{"line":202,"column":13},"end":{"line":202,"column":22}}],"line":202},"17":{"loc":{"start":{"line":203,"column":2},"end":{"line":203,"column":17}},"type":"default-arg","locations":[{"start":{"line":203,"column":11},"end":{"line":203,"column":17}}],"line":203},"18":{"loc":{"start":{"line":318,"column":2},"end":{"line":320,"column":3}},"type":"if","locations":[{"start":{"line":318,"column":2},"end":{"line":320,"column":3}},{"start":{},"end":{}}],"line":318},"19":{"loc":{"start":{"line":318,"column":6},"end":{"line":318,"column":53}},"type":"binary-expr","locations":[{"start":{"line":318,"column":6},"end":{"line":318,"column":29}},{"start":{"line":318,"column":33},"end":{"line":318,"column":53}}],"line":318},"20":{"loc":{"start":{"line":353,"column":9},"end":{"line":353,"column":35}},"type":"binary-expr","locations":[{"start":{"line":353,"column":9},"end":{"line":353,"column":30}},{"start":{"line":353,"column":34},"end":{"line":353,"column":35}}],"line":353}},"s":{"0":3,"1":3,"2":3,"3":3,"4":3,"5":0,"6":0,"7":3,"8":0,"9":0,"10":0,"11":0,"12":0,"13":0,"14":0,"15":0,"16":0,"17":0,"18":0,"19":0,"20":0,"21":0,"22":0,"23":0,"24":0,"25":0,"26":0,"27":0,"28":0,"29":0,"30":0,"31":0,"32":3,"33":0,"34":0,"35":3,"36":9,"37":9,"38":3,"39":10,"40":10,"41":3,"42":0,"43":0,"44":3,"45":23,"46":23,"47":3,"48":27,"49":27,"50":3,"51":19,"52":19,"53":3,"54":1,"55":1,"56":3,"57":10,"58":10,"59":3,"60":5,"61":5,"62":3,"63":5,"64":5,"65":3,"66":2,"67":2,"68":3,"69":1,"70":1,"71":3,"72":9,"73":9,"74":3,"75":4,"76":4,"77":3,"78":4,"79":4,"80":3,"81":1,"82":3,"83":10,"84":0,"85":10,"86":10,"87":3,"88":9,"89":9,"90":3,"91":0,"92":0,"93":0,"94":3,"95":54},"f":{"0":0,"1":0,"2":0,"3":9,"4":10,"5":0,"6":23,"7":27,"8":19,"9":1,"10":10,"11":5,"12":5,"13":2,"14":1,"15":9,"16":4,"17":4,"18":1,"19":10,"20":9,"21":0,"22":0,"23":54},"b":{"0":[0,3],"1":[0,3],"2":[0,0],"3":[0,0],"4":[0,0],"5":[0,0],"6":[0,0],"7":[0,0],"8":[0,0],"9":[0,0],"10":[0,0],"11":[0,0],"12":[0,0],"13":[0,0],"14":[0,0],"15":[0],"16":[0],"17":[0],"18":[0,10],"19":[10,10],"20":[9,0]},"_coverageSchema":"1a1c01bbd47fc00a2c39e90264f33305004495a9","hash":"5df31269c9e3af9f68280fda3a76752a768d5262"}
,"/Users/dhaddad/Documents/CS422/experimentMVP/backend/services/googleCalendar.js": {"path":"/Users/dhaddad/Documents/CS422/experimentMVP/backend/services/googleCalendar.js","statementMap":{"0":{"start":{"line":1,"column":19},"end":{"line":1,"column":40}},"1":{"start":{"line":4,"column":2},"end":{"line":8,"column":4}},"2":{"start":{"line":12,"column":2},"end":{"line":12,"column":30}},"3":{"start":{"line":12,"column":18},"end":{"line":12,"column":30}},"4":{"start":{"line":13,"column":2},"end":{"line":16,"column":3}},"5":{"start":{"line":14,"column":15},"end":{"line":14,"column":45}},"6":{"start":{"line":15,"column":4},"end":{"line":15,"column":40}},"7":{"start":{"line":17,"column":2},"end":{"line":20,"column":3}},"8":{"start":{"line":18,"column":15},"end":{"line":18,"column":56}},"9":{"start":{"line":19,"column":4},"end":{"line":19,"column":40}},"10":{"start":{"line":21,"column":2},"end":{"line":21,"column":14}},"11":{"start":{"line":25,"column":2},"end":{"line":25,"column":40}},"12":{"start":{"line":25,"column":30},"end":{"line":25,"column":40}},"13":{"start":{"line":26,"column":20},"end":{"line":26,"column":22}},"14":{"start":{"line":28,"column":2},"end":{"line":42,"column":3}},"15":{"start":{"line":29,"column":4},"end":{"line":29,"column":55}},"16":{"start":{"line":29,"column":46},"end":{"line":29,"column":55}},"17":{"start":{"line":30,"column":20},"end":{"line":30,"column":47}},"18":{"start":{"line":31,"column":18},"end":{"line":31,"column":43}},"19":{"start":{"line":32,"column":4},"end":{"line":32,"column":71}},"20":{"start":{"line":32,"column":62},"end":{"line":32,"column":71}},"21":{"start":{"line":33,"column":4},"end":{"line":33,"column":35}},"22":{"start":{"line":33,"column":26},"end":{"line":33,"column":35}},"23":{"start":{"line":35,"column":4},"end":{"line":41,"column":7}},"24":{"start":{"line":44,"column":2},"end":{"line":44,"column":19}},"25":{"start":{"line":48,"column":15},"end":{"line":48,"column":34}},"26":{"start":{"line":49,"column":2},"end":{"line":49,"column":55}},"27":{"start":{"line":51,"column":19},"end":{"line":51,"column":59}},"28":{"start":{"line":53,"column":17},"end":{"line":58,"column":3}},"29":{"start":{"line":60,"column":2},"end":{"line":60,"column":64}},"30":{"start":{"line":60,"column":15},"end":{"line":60,"column":64}},"31":{"start":{"line":61,"column":2},"end":{"line":61,"column":64}},"32":{"start":{"line":61,"column":15},"end":{"line":61,"column":64}},"33":{"start":{"line":63,"column":19},"end":{"line":63,"column":53}},"34":{"start":{"line":64,"column":2},"end":{"line":64,"column":35}},"35":{"start":{"line":68,"column":2},"end":{"line":72,"column":3}},"36":{"start":{"line":69,"column":16},"end":{"line":69,"column":54}},"37":{"start":{"line":70,"column":4},"end":{"line":70,"column":34}},"38":{"start":{"line":71,"column":4},"end":{"line":71,"column":14}},"39":{"start":{"line":74,"column":17},"end":{"line":78,"column":4}},"40":{"start":{"line":80,"column":2},"end":{"line":80,"column":52}},"41":{"start":{"line":83,"column":0},"end":{"line":87,"column":2}}},"fnMap":{"0":{"name":"createOAuthClient","decl":{"start":{"line":3,"column":9},"end":{"line":3,"column":26}},"loc":{"start":{"line":3,"column":29},"end":{"line":9,"column":1}},"line":3},"1":{"name":"parseEventTime","decl":{"start":{"line":11,"column":9},"end":{"line":11,"column":23}},"loc":{"start":{"line":11,"column":35},"end":{"line":22,"column":1}},"line":11},"2":{"name":"normalizeEventsToIntervals","decl":{"start":{"line":24,"column":9},"end":{"line":24,"column":35}},"loc":{"start":{"line":24,"column":52},"end":{"line":45,"column":1}},"line":24},"3":{"name":"listGoogleEvents","decl":{"start":{"line":47,"column":15},"end":{"line":47,"column":31}},"loc":{"start":{"line":47,"column":68},"end":{"line":65,"column":1}},"line":47},"4":{"name":"fetchBusyIntervalsForUser","decl":{"start":{"line":67,"column":15},"end":{"line":67,"column":40}},"loc":{"start":{"line":67,"column":95},"end":{"line":81,"column":1}},"line":67}},"branchMap":{"0":{"loc":{"start":{"line":12,"column":2},"end":{"line":12,"column":30}},"type":"if","locations":[{"start":{"line":12,"column":2},"end":{"line":12,"column":30}},{"start":{},"end":{}}],"line":12},"1":{"loc":{"start":{"line":13,"column":2},"end":{"line":16,"column":3}},"type":"if","locations":[{"start":{"line":13,"column":2},"end":{"line":16,"column":3}},{"start":{},"end":{}}],"line":13},"2":{"loc":{"start":{"line":15,"column":11},"end":{"line":15,"column":39}},"type":"cond-expr","locations":[{"start":{"line":15,"column":30},"end":{"line":15,"column":34}},{"start":{"line":15,"column":37},"end":{"line":15,"column":39}}],"line":15},"3":{"loc":{"start":{"line":17,"column":2},"end":{"line":20,"column":3}},"type":"if","locations":[{"start":{"line":17,"column":2},"end":{"line":20,"column":3}},{"start":{},"end":{}}],"line":17},"4":{"loc":{"start":{"line":19,"column":11},"end":{"line":19,"column":39}},"type":"cond-expr","locations":[{"start":{"line":19,"column":30},"end":{"line":19,"column":34}},{"start":{"line":19,"column":37},"end":{"line":19,"column":39}}],"line":19},"5":{"loc":{"start":{"line":25,"column":2},"end":{"line":25,"column":40}},"type":"if","locations":[{"start":{"line":25,"column":2},"end":{"line":25,"column":40}},{"start":{},"end":{}}],"line":25},"6":{"loc":{"start":{"line":29,"column":4},"end":{"line":29,"column":55}},"type":"if","locations":[{"start":{"line":29,"column":4},"end":{"line":29,"column":55}},{"start":{},"end":{}}],"line":29},"7":{"loc":{"start":{"line":29,"column":8},"end":{"line":29,"column":44}},"type":"binary-expr","locations":[{"start":{"line":29,"column":8},"end":{"line":29,"column":14}},{"start":{"line":29,"column":18},"end":{"line":29,"column":30}},{"start":{"line":29,"column":34},"end":{"line":29,"column":44}}],"line":29},"8":{"loc":{"start":{"line":32,"column":4},"end":{"line":32,"column":71}},"type":"if","locations":[{"start":{"line":32,"column":4},"end":{"line":32,"column":71}},{"start":{},"end":{}}],"line":32},"9":{"loc":{"start":{"line":32,"column":8},"end":{"line":32,"column":60}},"type":"binary-expr","locations":[{"start":{"line":32,"column":8},"end":{"line":32,"column":33}},{"start":{"line":32,"column":37},"end":{"line":32,"column":60}}],"line":32},"10":{"loc":{"start":{"line":33,"column":4},"end":{"line":33,"column":35}},"type":"if","locations":[{"start":{"line":33,"column":4},"end":{"line":33,"column":35}},{"start":{},"end":{}}],"line":33},"11":{"loc":{"start":{"line":36,"column":16},"end":{"line":36,"column":59}},"type":"binary-expr","locations":[{"start":{"line":36,"column":16},"end":{"line":36,"column":24}},{"start":{"line":36,"column":28},"end":{"line":36,"column":41}},{"start":{"line":36,"column":45},"end":{"line":36,"column":59}}],"line":36},"12":{"loc":{"start":{"line":60,"column":2},"end":{"line":60,"column":64}},"type":"if","locations":[{"start":{"line":60,"column":2},"end":{"line":60,"column":64}},{"start":{},"end":{}}],"line":60},"13":{"loc":{"start":{"line":61,"column":2},"end":{"line":61,"column":64}},"type":"if","locations":[{"start":{"line":61,"column":2},"end":{"line":61,"column":64}},{"start":{},"end":{}}],"line":61},"14":{"loc":{"start":{"line":64,"column":9},"end":{"line":64,"column":34}},"type":"binary-expr","locations":[{"start":{"line":64,"column":9},"end":{"line":64,"column":28}},{"start":{"line":64,"column":32},"end":{"line":64,"column":34}}],"line":64},"15":{"loc":{"start":{"line":68,"column":2},"end":{"line":72,"column":3}},"type":"if","locations":[{"start":{"line":68,"column":2},"end":{"line":72,"column":3}},{"start":{},"end":{}}],"line":68}},"s":{"0":1,"1":0,"2":0,"3":0,"4":0,"5":0,"6":0,"7":0,"8":0,"9":0,"10":0,"11":0,"12":0,"13":0,"14":0,"15":0,"16":0,"17":0,"18":0,"19":0,"20":0,"21":0,"22":0,"23":0,"24":0,"25":0,"26":0,"27":0,"28":0,"29":0,"30":0,"31":0,"32":0,"33":0,"34":0,"35":0,"36":0,"37":0,"38":0,"39":0,"40":0,"41":1},"f":{"0":0,"1":0,"2":0,"3":0,"4":0},"b":{"0":[0,0],"1":[0,0],"2":[0,0],"3":[0,0],"4":[0,0],"5":[0,0],"6":[0,0],"7":[0,0,0],"8":[0,0],"9":[0,0],"10":[0,0],"11":[0,0,0],"12":[0,0],"13":[0,0],"14":[0,0],"15":[0,0]},"_coverageSchema":"1a1c01bbd47fc00a2c39e90264f33305004495a9","hash":"5340dbaaf698aebf5bc6eac2c2f6b8812087ec91"}
}
