TN:
SF:inviteToken.js
FN:5,toBase64Url
FN:13,fromBase64Url
FN:19,sign
FN:23,parsePositiveInteger
FN:28,createInviteToken
FN:54,verifyInviteToken
FNF:6
FNH:6
FNDA:41,toBase64Url
FNDA:18,fromBase64Url
FNDA:30,sign
FNDA:63,parsePositiveInteger
FNDA:15,createInviteToken
FNDA:23,verifyInviteToken
DA:1,13
DA:3,13
DA:6,41
DA:14,18
DA:15,26
DA:16,18
DA:20,30
DA:24,63
DA:25,59
DA:29,15
DA:30,15
DA:32,14
DA:33,14
DA:34,14
DA:36,14
DA:37,13
DA:38,12
DA:39,1
DA:42,11
DA:48,11
DA:49,11
DA:51,11
DA:55,23
DA:56,23
DA:57,22
DA:59,21
DA:60,21
DA:62,19
DA:63,19
DA:65,19
DA:66,19
DA:67,19
DA:71,1
DA:75,18
DA:76,18
DA:78,0
DA:81,18
DA:82,18
DA:83,18
DA:85,18
DA:86,1
DA:88,17
DA:89,16
DA:90,1
DA:92,15
DA:93,1
DA:96,14
DA:97,1
DA:106,13
DA:115,13
LF:50
LH:49
BRDA:24,0,0,4
BRDA:24,0,1,59
BRDA:24,1,0,63
BRDA:24,1,1,61
BRDA:30,2,0,1
BRDA:30,2,1,14
BRDA:36,3,0,1
BRDA:36,3,1,13
BRDA:37,4,0,1
BRDA:37,4,1,12
BRDA:38,5,0,1
BRDA:38,5,1,11
BRDA:38,6,0,12
BRDA:38,6,1,11
BRDA:56,7,0,1
BRDA:56,7,1,22
BRDA:57,8,0,1
BRDA:57,8,1,21
BRDA:57,9,0,22
BRDA:57,9,1,21
BRDA:60,10,0,2
BRDA:60,10,1,19
BRDA:67,11,0,1
BRDA:67,11,1,18
BRDA:68,12,0,19
BRDA:68,12,1,19
BRDA:82,13,0,1
BRDA:82,13,1,17
BRDA:85,14,0,1
BRDA:85,14,1,17
BRDA:85,15,0,18
BRDA:85,15,1,17
BRDA:88,16,0,1
BRDA:88,16,1,16
BRDA:89,17,0,1
BRDA:89,17,1,15
BRDA:89,18,0,16
BRDA:89,18,1,15
BRDA:92,19,0,1
BRDA:92,19,1,14
BRDA:92,20,0,15
BRDA:92,20,1,14
BRDA:96,21,0,1
BRDA:96,21,1,13
BRF:44
BRH:44
end_of_record
TN:
SF:server.js
FN:72,(anonymous_0)
FN:76,(anonymous_1)
FN:110,(anonymous_2)
FN:120,setOAuthCodeExchangeForTest
FN:127,resetOAuthCodeExchangeForTest
FN:128,(anonymous_5)
FN:139,isValidOAuthState
FN:153,requireAuth
FN:160,requireGroupMember
FN:181,parseTimeParam
FN:192,parseBooleanParam
FN:201,toEpochMs
FN:212,normalizeGoogleDateString
FN:222,getGoogleErrorDetails
FN:253,classifyGoogleSyncFailure
FN:311,isGoogleAuthExpiredError
FN:328,normalizeAvailabilityLevel
FN:334,availabilityLevelToMinBlockingLevel
FN:341,resolveInviteStatus
FN:351,mapInviteRow
FN:374,buildInviteLink
FN:388,dedupeCalendarTargets
FN:405,resolveCalendarTargets
FN:411,(anonymous_23)
FN:416,(anonymous_24)
FN:424,syncSingleGoogleCalendar
FN:564,syncCalendarForUser
FN:619,(anonymous_27)
FN:620,(anonymous_28)
FN:621,(anonymous_29)
FN:622,(anonymous_30)
FN:624,(anonymous_31)
FN:627,(anonymous_32)
FN:628,(anonymous_33)
FN:629,(anonymous_34)
FN:636,buildParticipantsWithPetitions
FN:638,(anonymous_36)
FN:653,(anonymous_37)
FN:661,(anonymous_38)
FN:680,(anonymous_39)
FN:705,(anonymous_40)
FN:713,(anonymous_41)
FN:730,computeGroupAvailability
FN:750,(anonymous_43)
FN:758,(anonymous_44)
FN:762,(anonymous_45)
FN:773,(anonymous_46)
FN:774,(anonymous_47)
FN:783,(anonymous_48)
FN:796,(anonymous_49)
FN:800,(anonymous_50)
FN:814,(anonymous_51)
FN:848,(anonymous_52)
FN:849,(anonymous_53)
FN:859,(anonymous_54)
FN:869,(anonymous_55)
FN:881,(anonymous_56)
FN:886,(anonymous_57)
FN:891,(anonymous_58)
FN:932,(anonymous_59)
FN:963,(anonymous_60)
FN:997,(anonymous_61)
FN:999,(anonymous_62)
FN:1002,(anonymous_63)
FN:1033,(anonymous_64)
FN:1062,(anonymous_65)
FN:1127,(anonymous_66)
FN:1143,(anonymous_67)
FN:1178,(anonymous_68)
FN:1184,(anonymous_69)
FN:1219,(anonymous_70)
FN:1227,(anonymous_71)
FN:1232,(anonymous_72)
FN:1269,(anonymous_73)
FN:1292,(anonymous_74)
FN:1305,(anonymous_75)
FN:1309,(anonymous_76)
FN:1326,(anonymous_77)
FN:1333,(anonymous_78)
FN:1352,(anonymous_79)
FN:1398,(anonymous_80)
FN:1522,(anonymous_81)
FN:1534,(anonymous_82)
FN:1551,(anonymous_83)
FN:1591,(anonymous_84)
FN:1619,(anonymous_85)
FN:1638,(anonymous_86)
FN:1680,(anonymous_87)
FN:1708,(anonymous_88)
FN:1724,(anonymous_89)
FN:1776,(anonymous_90)
FN:1829,(anonymous_91)
FN:1853,(anonymous_92)
FN:1861,(anonymous_93)
FN:1870,(anonymous_94)
FN:1887,(anonymous_95)
FN:1896,(anonymous_96)
FNF:97
FNH:63
FNDA:185,(anonymous_0)
FNDA:179,(anonymous_1)
FNDA:0,(anonymous_2)
FNDA:3,setOAuthCodeExchangeForTest
FNDA:6,resetOAuthCodeExchangeForTest
FNDA:0,(anonymous_5)
FNDA:3,isValidOAuthState
FNDA:128,requireAuth
FNDA:62,requireGroupMember
FNDA:58,parseTimeParam
FNDA:24,parseBooleanParam
FNDA:33,toEpochMs
FNDA:0,normalizeGoogleDateString
FNDA:0,getGoogleErrorDetails
FNDA:0,classifyGoogleSyncFailure
FNDA:0,isGoogleAuthExpiredError
FNDA:30,normalizeAvailabilityLevel
FNDA:15,availabilityLevelToMinBlockingLevel
FNDA:19,resolveInviteStatus
FNDA:17,mapInviteRow
FNDA:6,buildInviteLink
FNDA:0,dedupeCalendarTargets
FNDA:0,resolveCalendarTargets
FNDA:0,(anonymous_23)
FNDA:0,(anonymous_24)
FNDA:0,syncSingleGoogleCalendar
FNDA:0,syncCalendarForUser
FNDA:0,(anonymous_27)
FNDA:0,(anonymous_28)
FNDA:0,(anonymous_29)
FNDA:0,(anonymous_30)
FNDA:0,(anonymous_31)
FNDA:0,(anonymous_32)
FNDA:0,(anonymous_33)
FNDA:0,(anonymous_34)
FNDA:15,buildParticipantsWithPetitions
FNDA:30,(anonymous_36)
FNDA:30,(anonymous_37)
FNDA:10,(anonymous_38)
FNDA:0,(anonymous_39)
FNDA:2,(anonymous_40)
FNDA:3,(anonymous_41)
FNDA:15,computeGroupAvailability
FNDA:0,(anonymous_43)
FNDA:0,(anonymous_44)
FNDA:1,(anonymous_45)
FNDA:0,(anonymous_46)
FNDA:0,(anonymous_47)
FNDA:0,(anonymous_48)
FNDA:0,(anonymous_49)
FNDA:3,(anonymous_50)
FNDA:3,(anonymous_51)
FNDA:1,(anonymous_52)
FNDA:1,(anonymous_53)
FNDA:1,(anonymous_54)
FNDA:24,(anonymous_55)
FNDA:1,(anonymous_56)
FNDA:2,(anonymous_57)
FNDA:25,(anonymous_58)
FNDA:5,(anonymous_59)
FNDA:6,(anonymous_60)
FNDA:1,(anonymous_61)
FNDA:1,(anonymous_62)
FNDA:3,(anonymous_63)
FNDA:2,(anonymous_64)
FNDA:7,(anonymous_65)
FNDA:1,(anonymous_66)
FNDA:9,(anonymous_67)
FNDA:36,(anonymous_68)
FNDA:33,(anonymous_69)
FNDA:2,(anonymous_70)
FNDA:0,(anonymous_71)
FNDA:6,(anonymous_72)
FNDA:1,(anonymous_73)
FNDA:3,(anonymous_74)
FNDA:4,(anonymous_75)
FNDA:1,(anonymous_76)
FNDA:1,(anonymous_77)
FNDA:2,(anonymous_78)
FNDA:6,(anonymous_79)
FNDA:6,(anonymous_80)
FNDA:1,(anonymous_81)
FNDA:1,(anonymous_82)
FNDA:1,(anonymous_83)
FNDA:3,(anonymous_84)
FNDA:4,(anonymous_85)
FNDA:1,(anonymous_86)
FNDA:1,(anonymous_87)
FNDA:1,(anonymous_88)
FNDA:4,(anonymous_89)
FNDA:0,(anonymous_90)
FNDA:0,(anonymous_91)
FNDA:48,(anonymous_92)
FNDA:0,(anonymous_93)
FNDA:0,(anonymous_94)
FNDA:0,(anonymous_95)
FNDA:0,(anonymous_96)
DA:2,11
DA:3,11
DA:4,11
DA:5,11
DA:6,11
DA:7,11
DA:8,11
DA:9,11
DA:10,11
DA:11,11
DA:16,11
DA:17,11
DA:18,11
DA:19,11
DA:24,11
DA:29,11
DA:32,11
DA:35,11
DA:37,11
DA:38,11
DA:40,11
DA:41,11
DA:43,11
DA:45,11
DA:46,11
DA:47,11
DA:48,11
DA:50,11
DA:70,11
DA:72,11
DA:73,185
DA:74,185
DA:76,185
DA:77,179
DA:84,16
DA:86,163
DA:89,185
DA:92,11
DA:95,11
DA:97,11
DA:103,11
DA:109,11
DA:110,11
DA:111,0
DA:112,0
DA:114,0
DA:115,0
DA:117,0
DA:121,3
DA:122,0
DA:124,3
DA:128,6
DA:129,0
DA:130,0
DA:132,0
DA:133,0
DA:135,0
DA:140,3
DA:141,3
DA:143,2
DA:144,2
DA:146,2
DA:147,1
DA:150,1
DA:154,128
DA:155,3
DA:157,125
DA:161,62
DA:162,62
DA:163,0
DA:166,62
DA:167,62
DA:168,0
DA:171,62
DA:172,62
DA:173,2
DA:176,60
DA:177,60
DA:178,60
DA:182,58
DA:183,46
DA:184,46
DA:185,46
DA:187,0
DA:188,0
DA:189,0
DA:193,24
DA:194,0
DA:195,0
DA:196,0
DA:197,0
DA:198,0
DA:202,33
DA:203,33
DA:204,33
DA:205,33
DA:206,33
DA:208,0
DA:209,0
DA:213,0
DA:214,0
DA:215,0
DA:217,0
DA:219,0
DA:223,0
DA:224,0
DA:225,0
DA:227,0
DA:233,0
DA:235,0
DA:239,0
DA:244,0
DA:254,0
DA:255,0
DA:260,0
DA:261,0
DA:267,0
DA:268,0
DA:272,0
DA:273,0
DA:279,0
DA:280,0
DA:286,0
DA:287,0
DA:293,0
DA:294,0
DA:301,0
DA:308,11
DA:309,11
DA:312,0
DA:313,0
DA:315,0
DA:316,0
DA:317,0
DA:319,0
DA:320,0
DA:322,0
DA:323,0
DA:325,0
DA:329,30
DA:330,30
DA:331,0
DA:335,15
DA:336,15
DA:337,2
DA:338,1
DA:342,19
DA:343,19
DA:344,9
DA:345,9
DA:346,0
DA:348,9
DA:352,17
DA:353,17
DA:354,17
DA:368,17
DA:369,6
DA:371,17
DA:376,6
DA:379,6
DA:382,11
DA:383,11
DA:384,11
DA:386,11
DA:389,0
DA:390,0
DA:391,0
DA:392,0
DA:393,0
DA:394,0
DA:395,0
DA:402,0
DA:406,0
DA:407,0
DA:410,0
DA:411,0
DA:412,0
DA:413,0
DA:416,0
DA:417,0
DA:418,0
DA:419,0
DA:421,0
DA:431,0
DA:432,0
DA:433,0
DA:434,0
DA:437,0
DA:443,0
DA:444,0
DA:445,0
DA:448,0
DA:449,0
DA:451,0
DA:457,0
DA:471,0
DA:472,0
DA:475,0
DA:476,0
DA:478,0
DA:479,0
DA:480,0
DA:481,0
DA:482,0
DA:483,0
DA:484,0
DA:485,0
DA:487,0
DA:491,0
DA:492,0
DA:493,0
DA:494,0
DA:496,0
DA:497,0
DA:498,0
DA:500,0
DA:501,0
DA:502,0
DA:503,0
DA:506,0
DA:507,0
DA:508,0
DA:510,0
DA:511,0
DA:512,0
DA:513,0
DA:514,0
DA:517,0
DA:521,0
DA:535,0
DA:536,0
DA:538,0
DA:539,0
DA:540,0
DA:547,0
DA:549,0
DA:571,0
DA:572,0
DA:573,0
DA:574,0
DA:577,0
DA:583,0
DA:584,0
DA:586,0
DA:587,0
DA:588,0
DA:595,0
DA:597,0
DA:598,0
DA:601,0
DA:609,0
DA:610,0
DA:611,0
DA:612,0
DA:613,0
DA:616,0
DA:619,0
DA:620,0
DA:621,0
DA:622,0
DA:624,0
DA:627,0
DA:628,0
DA:629,0
DA:637,15
DA:638,30
DA:640,15
DA:641,0
DA:652,15
DA:653,30
DA:656,15
DA:661,15
DA:662,10
DA:663,10
DA:664,10
DA:666,10
DA:667,10
DA:668,10
DA:670,10
DA:680,15
DA:681,0
DA:682,0
DA:683,0
DA:685,0
DA:686,0
DA:687,0
DA:689,0
DA:699,15
DA:705,15
DA:706,2
DA:707,2
DA:708,2
DA:709,2
DA:711,2
DA:713,2
DA:714,3
DA:715,3
DA:716,3
DA:727,15
DA:737,15
DA:738,15
DA:739,15
DA:750,11
DA:751,0
DA:752,0
DA:754,0
DA:758,11
DA:759,0
DA:762,11
DA:763,1
DA:764,0
DA:766,1
DA:767,1
DA:768,0
DA:770,1
DA:773,11
DA:774,0
DA:775,0
DA:776,0
DA:778,0
DA:783,11
DA:784,0
DA:785,0
DA:786,0
DA:788,0
DA:796,11
DA:797,0
DA:800,11
DA:801,3
DA:802,3
DA:804,3
DA:811,3
DA:814,11
DA:815,3
DA:817,3
DA:818,0
DA:819,0
DA:822,3
DA:823,3
DA:825,3
DA:826,2
DA:827,2
DA:830,1
DA:832,1
DA:833,1
DA:835,1
DA:836,1
DA:838,1
DA:845,1
DA:846,1
DA:848,1
DA:849,1
DA:850,1
DA:851,0
DA:852,0
DA:854,1
DA:859,1
DA:860,1
DA:862,0
DA:863,0
DA:869,11
DA:870,24
DA:871,24
DA:872,0
DA:875,24
DA:876,24
DA:878,24
DA:881,11
DA:882,1
DA:883,1
DA:886,11
DA:887,2
DA:888,2
DA:891,11
DA:892,25
DA:893,25
DA:894,0
DA:897,25
DA:898,25
DA:900,0
DA:903,25
DA:904,1
DA:907,24
DA:908,24
DA:915,23
DA:916,0
DA:919,1
DA:920,1
DA:922,0
DA:923,0
DA:925,23
DA:928,11
DA:933,5
DA:934,5
DA:935,0
DA:938,5
DA:939,1
DA:942,4
DA:943,4
DA:945,4
DA:946,1
DA:949,3
DA:950,3
DA:951,1
DA:954,2
DA:959,2
DA:963,11
DA:964,6
DA:965,6
DA:966,6
DA:967,6
DA:969,6
DA:970,0
DA:971,0
DA:972,0
DA:974,0
DA:977,6
DA:978,6
DA:985,6
DA:991,6
DA:997,11
DA:998,1
DA:999,1
DA:1002,11
DA:1003,3
DA:1004,3
DA:1005,0
DA:1008,3
DA:1014,3
DA:1015,0
DA:1017,3
DA:1018,1
DA:1024,2
DA:1033,11
DA:1034,2
DA:1035,2
DA:1036,0
DA:1039,2
DA:1040,0
DA:1043,2
DA:1044,2
DA:1045,0
DA:1047,2
DA:1048,0
DA:1051,2
DA:1052,2
DA:1054,2
DA:1062,11
DA:1063,7
DA:1064,7
DA:1065,0
DA:1066,0
DA:1072,7
DA:1073,0
DA:1076,7
DA:1077,7
DA:1078,0
DA:1080,7
DA:1081,1
DA:1084,6
DA:1085,6
DA:1086,6
DA:1087,6
DA:1088,1
DA:1092,5
DA:1099,5
DA:1100,0
DA:1102,5
DA:1103,0
DA:1105,5
DA:1106,0
DA:1108,5
DA:1109,0
DA:1111,5
DA:1112,0
DA:1114,5
DA:1115,0
DA:1118,5
DA:1127,11
DA:1128,1
DA:1129,0
DA:1132,1
DA:1133,1
DA:1134,1
DA:1136,0
DA:1137,0
DA:1143,11
DA:1144,9
DA:1145,9
DA:1146,9
DA:1147,9
DA:1149,9
DA:1152,9
DA:1153,0
DA:1156,9
DA:1157,0
DA:1159,9
DA:1160,0
DA:1163,9
DA:1164,9
DA:1165,0
DA:1168,9
DA:1169,9
DA:1177,9
DA:1178,36
DA:1180,9
DA:1181,0
DA:1184,33
DA:1185,9
DA:1186,1
DA:1191,8
DA:1200,8
DA:1202,8
DA:1211,0
DA:1212,0
DA:1214,0
DA:1215,0
DA:1219,11
DA:1220,2
DA:1224,2
DA:1227,11
DA:1228,0
DA:1229,0
DA:1232,11
DA:1233,6
DA:1234,6
DA:1235,0
DA:1238,6
DA:1239,6
DA:1240,0
DA:1242,6
DA:1244,6
DA:1245,6
DA:1246,0
DA:1249,6
DA:1250,6
DA:1251,0
DA:1254,6
DA:1260,6
DA:1269,11
DA:1270,1
DA:1271,1
DA:1272,0
DA:1275,1
DA:1276,1
DA:1277,0
DA:1280,1
DA:1281,0
DA:1284,1
DA:1285,0
DA:1288,1
DA:1289,1
DA:1292,11
DA:1293,3
DA:1294,3
DA:1296,3
DA:1302,3
DA:1305,4
DA:1309,11
DA:1310,1
DA:1311,1
DA:1312,0
DA:1315,1
DA:1319,1
DA:1320,0
DA:1323,1
DA:1326,11
DA:1327,1
DA:1330,1
DA:1333,11
DA:1334,2
DA:1335,2
DA:1336,0
DA:1339,2
DA:1344,2
DA:1352,11
DA:1353,6
DA:1354,6
DA:1355,6
DA:1356,6
DA:1358,6
DA:1359,0
DA:1361,6
DA:1362,0
DA:1366,6
DA:1367,6
DA:1368,6
DA:1369,0
DA:1373,6
DA:1374,6
DA:1381,6
DA:1383,0
DA:1384,0
DA:1391,0
DA:1392,0
DA:1398,11
DA:1400,6
DA:1403,6
DA:1404,6
DA:1408,6
DA:1412,6
DA:1413,6
DA:1414,6
DA:1415,6
DA:1417,6
DA:1418,6
DA:1419,6
DA:1420,0
DA:1426,6
DA:1434,4
DA:1435,4
DA:1436,0
DA:1445,0
DA:1446,0
DA:1447,0
DA:1457,0
DA:1460,0
DA:1475,4
DA:1495,2
DA:1505,2
DA:1512,2
DA:1522,11
DA:1524,1
DA:1528,1
DA:1533,1
DA:1534,1
DA:1551,11
DA:1553,1
DA:1557,1
DA:1561,1
DA:1562,1
DA:1568,1
DA:1574,0
DA:1575,0
DA:1583,0
DA:1584,0
DA:1591,11
DA:1592,3
DA:1593,3
DA:1595,3
DA:1596,3
DA:1598,3
DA:1599,0
DA:1600,0
DA:1601,0
DA:1602,0
DA:1604,0
DA:1608,3
DA:1609,0
DA:1612,3
DA:1613,3
DA:1619,4
DA:1631,3
DA:1633,0
DA:1634,0
DA:1638,11
DA:1639,1
DA:1640,1
DA:1641,0
DA:1644,1
DA:1645,1
DA:1646,1
DA:1647,0
DA:1650,1
DA:1651,1
DA:1657,1
DA:1658,0
DA:1661,1
DA:1673,0
DA:1674,0
DA:1680,11
DA:1681,1
DA:1682,1
DA:1684,1
DA:1685,1
DA:1687,1
DA:1688,0
DA:1689,0
DA:1690,0
DA:1691,0
DA:1693,0
DA:1697,1
DA:1698,0
DA:1701,1
DA:1702,1
DA:1708,1
DA:1717,1
DA:1719,0
DA:1720,0
DA:1724,11
DA:1725,4
DA:1726,4
DA:1727,4
DA:1728,4
DA:1730,4
DA:1731,4
DA:1732,0
DA:1735,4
DA:1736,4
DA:1737,4
DA:1738,0
DA:1741,4
DA:1742,0
DA:1744,4
DA:1745,0
DA:1748,4
DA:1749,4
DA:1758,3
DA:1759,3
DA:1768,1
DA:1769,1
DA:1771,0
DA:1772,0
DA:1776,11
DA:1777,0
DA:1778,0
DA:1779,0
DA:1782,0
DA:1783,0
DA:1784,0
DA:1786,0
DA:1787,0
DA:1788,0
DA:1789,0
DA:1790,0
DA:1792,0
DA:1795,0
DA:1796,0
DA:1797,0
DA:1801,0
DA:1802,0
DA:1811,0
DA:1812,0
DA:1815,0
DA:1824,0
DA:1825,0
DA:1829,11
DA:1830,0
DA:1831,0
DA:1832,0
DA:1835,0
DA:1836,0
DA:1841,0
DA:1842,0
DA:1845,0
DA:1847,0
DA:1848,0
DA:1852,11
DA:1853,11
DA:1854,48
DA:1855,48
DA:1856,48
DA:1857,48
DA:1861,11
DA:1862,0
DA:1870,11
DA:1871,0
DA:1872,0
DA:1878,0
DA:1886,11
DA:1887,0
DA:1888,0
DA:1889,0
DA:1890,0
DA:1892,0
DA:1893,0
DA:1896,0
DA:1897,0
DA:1902,11
LF:769
LH:436
BRDA:33,0,0,0
BRDA:33,0,1,11
BRDA:35,1,0,0
BRDA:35,1,1,11
BRDA:74,2,0,185
BRDA:74,2,1,54
BRDA:77,3,0,16
BRDA:77,3,1,163
BRDA:78,4,0,179
BRDA:78,4,1,179
BRDA:78,4,2,16
BRDA:78,4,3,16
BRDA:78,4,4,16
BRDA:92,5,0,0
BRDA:92,5,1,11
BRDA:93,6,0,0
BRDA:93,6,1,0
BRDA:95,7,0,11
BRDA:95,7,1,11
BRDA:109,8,0,11
BRDA:109,8,1,11
BRDA:121,9,0,0
BRDA:121,9,1,3
BRDA:140,10,0,0
BRDA:140,10,1,3
BRDA:140,11,0,3
BRDA:140,11,1,3
BRDA:141,12,0,1
BRDA:141,12,1,2
BRDA:141,13,0,3
BRDA:141,13,1,3
BRDA:146,14,0,1
BRDA:146,14,1,1
BRDA:154,15,0,3
BRDA:154,15,1,125
BRDA:162,16,0,0
BRDA:162,16,1,62
BRDA:167,17,0,0
BRDA:167,17,1,62
BRDA:172,18,0,2
BRDA:172,18,1,60
BRDA:182,19,0,12
BRDA:182,19,1,46
BRDA:182,20,0,58
BRDA:182,20,1,46
BRDA:182,20,2,46
BRDA:184,21,0,46
BRDA:184,21,1,0
BRDA:184,22,0,46
BRDA:184,22,1,46
BRDA:188,23,0,0
BRDA:188,23,1,0
BRDA:192,24,0,0
BRDA:193,25,0,24
BRDA:193,25,1,0
BRDA:193,26,0,24
BRDA:193,26,1,0
BRDA:193,26,2,0
BRDA:194,27,0,0
BRDA:194,27,1,0
BRDA:196,28,0,0
BRDA:196,28,1,0
BRDA:197,29,0,0
BRDA:197,29,1,0
BRDA:202,30,0,0
BRDA:202,30,1,33
BRDA:203,31,0,0
BRDA:203,31,1,33
BRDA:203,32,0,0
BRDA:203,32,1,0
BRDA:204,33,0,33
BRDA:204,33,1,0
BRDA:206,34,0,33
BRDA:206,34,1,0
BRDA:209,35,0,0
BRDA:209,35,1,0
BRDA:213,36,0,0
BRDA:213,36,1,0
BRDA:214,37,0,0
BRDA:214,37,1,0
BRDA:215,38,0,0
BRDA:215,38,1,0
BRDA:223,39,0,0
BRDA:223,39,1,0
BRDA:223,39,2,0
BRDA:223,39,3,0
BRDA:227,40,0,0
BRDA:227,40,1,0
BRDA:229,41,0,0
BRDA:229,41,1,0
BRDA:233,42,0,0
BRDA:233,42,1,0
BRDA:235,43,0,0
BRDA:235,43,1,0
BRDA:235,43,2,0
BRDA:239,44,0,0
BRDA:239,44,1,0
BRDA:239,44,2,0
BRDA:239,44,3,0
BRDA:254,45,0,0
BRDA:254,45,1,0
BRDA:260,46,0,0
BRDA:260,46,1,0
BRDA:268,47,0,0
BRDA:268,47,1,0
BRDA:268,48,0,0
BRDA:268,48,1,0
BRDA:268,49,0,0
BRDA:268,49,1,0
BRDA:272,50,0,0
BRDA:272,50,1,0
BRDA:272,51,0,0
BRDA:272,51,1,0
BRDA:279,52,0,0
BRDA:279,52,1,0
BRDA:286,53,0,0
BRDA:286,53,1,0
BRDA:286,54,0,0
BRDA:286,54,1,0
BRDA:293,55,0,0
BRDA:293,55,1,0
BRDA:296,56,0,0
BRDA:296,56,1,0
BRDA:303,57,0,0
BRDA:303,57,1,0
BRDA:312,58,0,0
BRDA:312,58,1,0
BRDA:312,58,2,0
BRDA:313,59,0,0
BRDA:313,59,1,0
BRDA:313,60,0,0
BRDA:313,60,1,0
BRDA:316,61,0,0
BRDA:316,61,1,0
BRDA:317,62,0,0
BRDA:317,62,1,0
BRDA:319,63,0,0
BRDA:319,63,1,0
BRDA:322,64,0,0
BRDA:322,64,1,0
BRDA:323,65,0,0
BRDA:323,65,1,0
BRDA:329,66,0,30
BRDA:329,66,1,0
BRDA:330,67,0,30
BRDA:330,67,1,0
BRDA:336,68,0,13
BRDA:336,68,1,2
BRDA:337,69,0,1
BRDA:337,69,1,1
BRDA:342,70,0,0
BRDA:342,70,1,19
BRDA:343,71,0,10
BRDA:343,71,1,9
BRDA:345,72,0,0
BRDA:345,72,1,9
BRDA:345,73,0,9
BRDA:345,73,1,9
BRDA:351,74,0,11
BRDA:352,75,0,0
BRDA:352,75,1,17
BRDA:368,76,0,6
BRDA:368,76,1,11
BRDA:376,77,0,6
BRDA:376,77,1,0
BRDA:376,78,0,6
BRDA:376,78,1,6
BRDA:392,79,0,0
BRDA:392,79,1,0
BRDA:393,80,0,0
BRDA:393,80,1,0
BRDA:393,81,0,0
BRDA:393,81,1,0
BRDA:397,82,0,0
BRDA:397,82,1,0
BRDA:405,83,0,0
BRDA:405,84,0,0
BRDA:406,85,0,0
BRDA:406,85,1,0
BRDA:407,86,0,0
BRDA:407,86,1,0
BRDA:407,87,0,0
BRDA:407,87,1,0
BRDA:412,88,0,0
BRDA:412,88,1,0
BRDA:417,89,0,0
BRDA:417,89,1,0
BRDA:417,90,0,0
BRDA:417,90,1,0
BRDA:418,91,0,0
BRDA:418,91,1,0
BRDA:418,92,0,0
BRDA:418,92,1,0
BRDA:419,93,0,0
BRDA:419,93,1,0
BRDA:419,94,0,0
BRDA:419,94,1,0
BRDA:429,95,0,0
BRDA:431,96,0,0
BRDA:431,96,1,0
BRDA:440,97,0,0
BRDA:440,97,1,0
BRDA:444,98,0,0
BRDA:444,98,1,0
BRDA:451,99,0,0
BRDA:451,99,1,0
BRDA:452,100,0,0
BRDA:452,100,1,0
BRDA:452,100,2,0
BRDA:452,100,3,0
BRDA:459,101,0,0
BRDA:459,101,1,0
BRDA:471,102,0,0
BRDA:471,102,1,0
BRDA:478,103,0,0
BRDA:478,103,1,0
BRDA:481,104,0,0
BRDA:481,104,1,0
BRDA:491,105,0,0
BRDA:491,105,1,0
BRDA:498,106,0,0
BRDA:498,106,1,0
BRDA:500,107,0,0
BRDA:500,107,1,0
BRDA:501,108,0,0
BRDA:501,108,1,0
BRDA:506,109,0,0
BRDA:506,109,1,0
BRDA:507,110,0,0
BRDA:507,110,1,0
BRDA:508,111,0,0
BRDA:508,111,1,0
BRDA:508,112,0,0
BRDA:508,112,1,0
BRDA:512,113,0,0
BRDA:512,113,1,0
BRDA:512,114,0,0
BRDA:512,114,1,0
BRDA:512,114,2,0
BRDA:518,115,0,0
BRDA:518,115,1,0
BRDA:523,116,0,0
BRDA:523,116,1,0
BRDA:524,117,0,0
BRDA:524,117,1,0
BRDA:525,118,0,0
BRDA:525,118,1,0
BRDA:526,119,0,0
BRDA:526,119,1,0
BRDA:530,120,0,0
BRDA:530,120,1,0
BRDA:531,121,0,0
BRDA:531,121,1,0
BRDA:539,122,0,0
BRDA:539,122,1,0
BRDA:539,122,2,0
BRDA:544,123,0,0
BRDA:544,123,1,0
BRDA:544,124,0,0
BRDA:544,124,1,0
BRDA:551,125,0,0
BRDA:551,125,1,0
BRDA:567,126,0,0
BRDA:568,127,0,0
BRDA:569,128,0,0
BRDA:571,129,0,0
BRDA:571,129,1,0
BRDA:592,130,0,0
BRDA:592,130,1,0
BRDA:597,131,0,0
BRDA:597,131,1,0
BRDA:603,132,0,0
BRDA:603,132,1,0
BRDA:609,133,0,0
BRDA:609,133,1,0
BRDA:609,134,0,0
BRDA:609,134,1,0
BRDA:617,135,0,0
BRDA:617,135,1,0
BRDA:618,136,0,0
BRDA:618,136,1,0
BRDA:618,137,0,0
BRDA:618,137,1,0
BRDA:624,138,0,0
BRDA:624,138,1,0
BRDA:627,139,0,0
BRDA:627,139,1,0
BRDA:640,140,0,0
BRDA:640,140,1,15
BRDA:664,141,0,0
BRDA:664,141,1,10
BRDA:668,142,0,0
BRDA:668,142,1,10
BRDA:668,143,0,10
BRDA:668,143,1,10
BRDA:668,143,2,10
BRDA:683,144,0,0
BRDA:683,144,1,0
BRDA:687,145,0,0
BRDA:687,145,1,0
BRDA:687,146,0,0
BRDA:687,146,1,0
BRDA:687,146,2,0
BRDA:706,147,0,0
BRDA:706,147,1,2
BRDA:709,148,0,0
BRDA:709,148,1,2
BRDA:709,149,0,2
BRDA:709,149,1,2
BRDA:709,149,2,2
BRDA:711,150,0,2
BRDA:711,150,1,0
BRDA:715,151,0,0
BRDA:715,151,1,3
BRDA:751,152,0,0
BRDA:751,152,1,0
BRDA:763,153,0,0
BRDA:763,153,1,1
BRDA:767,154,0,0
BRDA:767,154,1,1
BRDA:775,155,0,0
BRDA:775,155,1,0
BRDA:817,156,0,0
BRDA:817,156,1,3
BRDA:822,157,0,2
BRDA:822,157,1,1
BRDA:825,158,0,2
BRDA:825,158,1,1
BRDA:835,159,0,1
BRDA:835,159,1,0
BRDA:835,160,0,0
BRDA:835,160,1,0
BRDA:835,161,0,0
BRDA:835,161,1,0
BRDA:836,162,0,1
BRDA:836,162,1,0
BRDA:850,163,0,0
BRDA:850,163,1,1
BRDA:870,164,0,24
BRDA:870,164,1,0
BRDA:871,165,0,0
BRDA:871,165,1,24
BRDA:892,166,0,25
BRDA:892,166,1,0
BRDA:893,167,0,0
BRDA:893,167,1,25
BRDA:898,168,0,0
BRDA:898,168,1,25
BRDA:903,169,0,1
BRDA:903,169,1,24
BRDA:915,170,0,0
BRDA:915,170,1,23
BRDA:919,171,0,1
BRDA:919,171,1,0
BRDA:934,172,0,0
BRDA:934,172,1,5
BRDA:938,173,0,1
BRDA:938,173,1,4
BRDA:945,174,0,1
BRDA:945,174,1,3
BRDA:945,175,0,4
BRDA:945,175,1,2
BRDA:950,176,0,1
BRDA:950,176,1,2
BRDA:964,177,0,6
BRDA:964,177,1,0
BRDA:965,178,0,6
BRDA:965,178,1,0
BRDA:969,179,0,0
BRDA:969,179,1,6
BRDA:969,180,0,6
BRDA:969,180,1,0
BRDA:969,180,2,0
BRDA:971,181,0,0
BRDA:971,181,1,0
BRDA:971,182,0,0
BRDA:971,182,1,0
BRDA:971,182,2,0
BRDA:1004,183,0,0
BRDA:1004,183,1,3
BRDA:1014,184,0,0
BRDA:1014,184,1,3
BRDA:1017,185,0,1
BRDA:1017,185,1,2
BRDA:1035,186,0,0
BRDA:1035,186,1,2
BRDA:1035,187,0,2
BRDA:1035,187,1,0
BRDA:1039,188,0,0
BRDA:1039,188,1,2
BRDA:1039,189,0,2
BRDA:1039,189,1,2
BRDA:1044,190,0,0
BRDA:1044,190,1,2
BRDA:1047,191,0,0
BRDA:1047,191,1,2
BRDA:1056,192,0,2
BRDA:1056,192,1,0
BRDA:1058,193,0,2
BRDA:1058,193,1,0
BRDA:1058,194,0,0
BRDA:1058,194,1,0
BRDA:1064,195,0,0
BRDA:1064,195,1,7
BRDA:1065,196,0,0
BRDA:1065,196,1,0
BRDA:1067,197,0,0
BRDA:1067,197,1,0
BRDA:1072,198,0,0
BRDA:1072,198,1,7
BRDA:1072,199,0,7
BRDA:1072,199,1,7
BRDA:1077,200,0,0
BRDA:1077,200,1,7
BRDA:1080,201,0,1
BRDA:1080,201,1,6
BRDA:1084,202,0,6
BRDA:1084,202,1,0
BRDA:1086,203,0,6
BRDA:1086,203,1,0
BRDA:1087,204,0,1
BRDA:1087,204,1,5
BRDA:1099,205,0,0
BRDA:1099,205,1,5
BRDA:1102,206,0,0
BRDA:1102,206,1,5
BRDA:1105,207,0,0
BRDA:1105,207,1,5
BRDA:1108,208,0,0
BRDA:1108,208,1,5
BRDA:1111,209,0,0
BRDA:1111,209,1,5
BRDA:1114,210,0,0
BRDA:1114,210,1,5
BRDA:1128,211,0,0
BRDA:1128,211,1,1
BRDA:1146,212,0,9
BRDA:1146,212,1,0
BRDA:1149,213,0,0
BRDA:1149,213,1,9
BRDA:1149,214,0,9
BRDA:1149,214,1,0
BRDA:1152,215,0,0
BRDA:1152,215,1,9
BRDA:1156,216,0,0
BRDA:1156,216,1,9
BRDA:1156,217,0,9
BRDA:1156,217,1,9
BRDA:1159,218,0,0
BRDA:1159,218,1,9
BRDA:1164,219,0,0
BRDA:1164,219,1,9
BRDA:1164,220,0,9
BRDA:1164,220,1,9
BRDA:1178,221,0,36
BRDA:1178,221,1,36
BRDA:1180,222,0,0
BRDA:1180,222,1,9
BRDA:1185,223,0,1
BRDA:1185,223,1,8
BRDA:1194,224,0,8
BRDA:1194,224,1,0
BRDA:1197,225,0,8
BRDA:1197,225,1,0
BRDA:1211,226,0,0
BRDA:1211,226,1,0
BRDA:1234,227,0,0
BRDA:1234,227,1,6
BRDA:1238,228,0,6
BRDA:1238,228,1,0
BRDA:1239,229,0,0
BRDA:1239,229,1,6
BRDA:1242,230,0,4
BRDA:1242,230,1,2
BRDA:1245,231,0,0
BRDA:1245,231,1,6
BRDA:1250,232,0,0
BRDA:1250,232,1,6
BRDA:1271,233,0,0
BRDA:1271,233,1,1
BRDA:1276,234,0,0
BRDA:1276,234,1,1
BRDA:1280,235,0,0
BRDA:1280,235,1,1
BRDA:1284,236,0,0
BRDA:1284,236,1,1
BRDA:1311,237,0,0
BRDA:1311,237,1,1
BRDA:1319,238,0,0
BRDA:1319,238,1,1
BRDA:1335,239,0,0
BRDA:1335,239,1,2
BRDA:1358,240,0,0
BRDA:1358,240,1,6
BRDA:1358,241,0,6
BRDA:1358,241,1,6
BRDA:1361,242,0,0
BRDA:1361,242,1,6
BRDA:1366,243,0,6
BRDA:1366,243,1,0
BRDA:1368,244,0,0
BRDA:1368,244,1,6
BRDA:1368,245,0,6
BRDA:1368,245,1,6
BRDA:1378,246,0,6
BRDA:1378,246,1,0
BRDA:1383,247,0,0
BRDA:1383,247,1,0
BRDA:1385,248,0,0
BRDA:1385,248,1,0
BRDA:1388,249,0,0
BRDA:1388,249,1,0
BRDA:1400,250,0,6
BRDA:1400,250,1,0
BRDA:1400,251,0,6
BRDA:1400,251,1,6
BRDA:1412,252,0,6
BRDA:1412,252,1,0
BRDA:1419,253,0,0
BRDA:1419,253,1,6
BRDA:1419,254,0,6
BRDA:1419,254,1,6
BRDA:1435,255,0,0
BRDA:1435,255,1,4
BRDA:1446,256,0,0
BRDA:1446,256,1,0
BRDA:1446,257,0,0
BRDA:1446,257,1,0
BRDA:1446,257,2,0
BRDA:1457,258,0,0
BRDA:1457,258,1,0
BRDA:1461,259,0,0
BRDA:1461,259,1,0
BRDA:1464,260,0,0
BRDA:1464,260,1,0
BRDA:1465,261,0,0
BRDA:1465,261,1,0
BRDA:1466,262,0,0
BRDA:1466,262,1,0
BRDA:1467,263,0,0
BRDA:1467,263,1,0
BRDA:1468,264,0,0
BRDA:1468,264,1,0
BRDA:1470,265,0,0
BRDA:1470,265,1,0
BRDA:1471,266,0,0
BRDA:1471,266,1,0
BRDA:1476,267,0,4
BRDA:1476,267,1,0
BRDA:1485,268,0,4
BRDA:1485,268,1,4
BRDA:1488,269,0,4
BRDA:1488,269,1,0
BRDA:1495,270,0,2
BRDA:1495,270,1,0
BRDA:1495,271,0,2
BRDA:1495,271,1,2
BRDA:1499,272,0,2
BRDA:1499,272,1,0
BRDA:1512,273,0,2
BRDA:1512,273,1,0
BRDA:1513,274,0,2
BRDA:1513,274,1,0
BRDA:1516,275,0,2
BRDA:1516,275,1,0
BRDA:1517,276,0,2
BRDA:1517,276,1,2
BRDA:1524,277,0,0
BRDA:1524,277,1,1
BRDA:1524,278,0,1
BRDA:1524,278,1,0
BRDA:1545,279,0,1
BRDA:1545,279,1,0
BRDA:1546,280,0,1
BRDA:1546,280,1,0
BRDA:1553,281,0,1
BRDA:1553,281,1,0
BRDA:1553,282,0,1
BRDA:1553,282,1,1
BRDA:1557,283,0,1
BRDA:1557,283,1,0
BRDA:1557,284,0,1
BRDA:1557,284,1,1
BRDA:1574,285,0,0
BRDA:1574,285,1,0
BRDA:1574,286,0,0
BRDA:1574,286,1,0
BRDA:1579,287,0,0
BRDA:1579,287,1,0
BRDA:1598,288,0,0
BRDA:1598,288,1,3
BRDA:1598,289,0,3
BRDA:1598,289,1,3
BRDA:1599,290,0,0
BRDA:1599,290,1,0
BRDA:1599,291,0,0
BRDA:1599,291,1,0
BRDA:1608,292,0,0
BRDA:1608,292,1,3
BRDA:1623,293,0,4
BRDA:1623,293,1,0
BRDA:1640,294,0,0
BRDA:1640,294,1,1
BRDA:1644,295,0,1
BRDA:1644,295,1,0
BRDA:1646,296,0,0
BRDA:1646,296,1,1
BRDA:1657,297,0,0
BRDA:1657,297,1,1
BRDA:1665,298,0,1
BRDA:1665,298,1,0
BRDA:1687,299,0,0
BRDA:1687,299,1,1
BRDA:1687,300,0,1
BRDA:1687,300,1,1
BRDA:1688,301,0,0
BRDA:1688,301,1,0
BRDA:1688,302,0,0
BRDA:1688,302,1,0
BRDA:1697,303,0,0
BRDA:1697,303,1,1
BRDA:1710,304,0,1
BRDA:1710,304,1,0
BRDA:1727,305,0,4
BRDA:1727,305,1,0
BRDA:1730,306,0,4
BRDA:1730,306,1,0
BRDA:1731,307,0,0
BRDA:1731,307,1,4
BRDA:1731,308,0,4
BRDA:1731,308,1,4
BRDA:1735,309,0,4
BRDA:1735,309,1,0
BRDA:1736,310,0,4
BRDA:1736,310,1,0
BRDA:1737,311,0,0
BRDA:1737,311,1,4
BRDA:1741,312,0,0
BRDA:1741,312,1,4
BRDA:1741,313,0,4
BRDA:1741,313,1,4
BRDA:1744,314,0,0
BRDA:1744,314,1,4
BRDA:1751,315,0,4
BRDA:1751,315,1,0
BRDA:1759,316,0,2
BRDA:1759,316,1,1
BRDA:1761,317,0,3
BRDA:1761,317,1,0
BRDA:1768,318,0,1
BRDA:1768,318,1,0
BRDA:1778,319,0,0
BRDA:1778,319,1,0
BRDA:1784,320,0,0
BRDA:1784,320,1,0
BRDA:1787,321,0,0
BRDA:1787,321,1,0
BRDA:1789,322,0,0
BRDA:1789,322,1,0
BRDA:1795,323,0,0
BRDA:1795,323,1,0
BRDA:1795,324,0,0
BRDA:1795,324,1,0
BRDA:1795,324,2,0
BRDA:1795,324,3,0
BRDA:1796,325,0,0
BRDA:1796,325,1,0
BRDA:1806,326,0,0
BRDA:1806,326,1,0
BRDA:1807,327,0,0
BRDA:1807,327,1,0
BRDA:1811,328,0,0
BRDA:1811,328,1,0
BRDA:1817,329,0,0
BRDA:1817,329,1,0
BRDA:1831,330,0,0
BRDA:1831,330,1,0
BRDA:1841,331,0,0
BRDA:1841,331,1,0
BRDA:1852,332,0,11
BRDA:1852,332,1,0
BRDA:1871,333,0,0
BRDA:1871,333,1,0
BRDA:1873,334,0,0
BRDA:1873,334,1,0
BRDA:1886,335,0,0
BRDA:1886,335,1,11
BRF:687
BRH:247
end_of_record
TN:
SF:db/index.js
FN:23,withTransaction
FN:40,runSchemaMigrations
FN:58,(anonymous_2)
FN:65,getColumnFormattedType
FN:83,ensureColumnIsText
FN:162,(anonymous_5)
FN:171,(anonymous_6)
FN:242,(anonymous_7)
FN:252,(anonymous_8)
FN:262,(anonymous_9)
FN:272,(anonymous_10)
FN:284,(anonymous_11)
FN:294,(anonymous_12)
FN:302,(anonymous_13)
FN:313,(anonymous_14)
FN:365,(anonymous_15)
FN:375,(anonymous_16)
FN:387,(anonymous_17)
FN:399,(anonymous_18)
FN:427,(anonymous_19)
FN:445,(anonymous_20)
FN:455,(anonymous_21)
FN:481,(anonymous_22)
FN:509,(anonymous_23)
FN:521,(anonymous_24)
FN:533,(anonymous_25)
FN:544,(anonymous_26)
FN:548,(anonymous_27)
FN:577,(anonymous_28)
FN:587,(anonymous_29)
FN:595,(anonymous_30)
FN:598,(anonymous_31)
FN:628,(anonymous_32)
FN:650,(anonymous_33)
FN:671,(anonymous_34)
FN:672,(anonymous_35)
FN:749,(anonymous_36)
FN:750,(anonymous_37)
FN:873,(anonymous_38)
FN:893,(anonymous_39)
FN:915,(anonymous_40)
FN:928,(anonymous_41)
FN:938,insertNotificationAndOutboxTx
FN:977,(anonymous_43)
FN:986,(anonymous_44)
FN:1010,(anonymous_45)
FN:1032,(anonymous_46)
FN:1038,(anonymous_47)
FN:1145,(anonymous_48)
FN:1146,(anonymous_49)
FN:1178,(anonymous_50)
FN:1196,(anonymous_51)
FN:1221,(anonymous_52)
FN:1251,(anonymous_53)
FN:1283,(anonymous_54)
FN:1293,(anonymous_55)
FN:1311,(anonymous_56)
FN:1388,(anonymous_57)
FN:1419,(anonymous_58)
FN:1480,(anonymous_59)
FN:1525,(anonymous_60)
FN:1563,(anonymous_61)
FN:1587,(anonymous_62)
FN:1614,(anonymous_63)
FN:1664,(anonymous_64)
FN:1676,(anonymous_65)
FN:1758,(anonymous_66)
FN:1774,(anonymous_67)
FN:1798,(anonymous_68)
FN:1826,(anonymous_69)
FN:1847,(anonymous_70)
FN:1920,(anonymous_71)
FN:1935,(anonymous_72)
FN:1953,(anonymous_73)
FN:1976,(anonymous_74)
FN:1987,(anonymous_75)
FN:1993,(anonymous_76)
FN:2011,(anonymous_77)
FNF:78
FNH:60
FNDA:28,withTransaction
FNDA:0,runSchemaMigrations
FNDA:0,(anonymous_2)
FNDA:0,getColumnFormattedType
FNDA:0,ensureColumnIsText
FNDA:0,(anonymous_5)
FNDA:1,(anonymous_6)
FNDA:13,(anonymous_7)
FNDA:25,(anonymous_8)
FNDA:28,(anonymous_9)
FNDA:1,(anonymous_10)
FNDA:64,(anonymous_11)
FNDA:71,(anonymous_12)
FNDA:29,(anonymous_13)
FNDA:24,(anonymous_14)
FNDA:2,(anonymous_15)
FNDA:3,(anonymous_16)
FNDA:15,(anonymous_17)
FNDA:1,(anonymous_18)
FNDA:0,(anonymous_19)
FNDA:7,(anonymous_20)
FNDA:2,(anonymous_21)
FNDA:0,(anonymous_22)
FNDA:0,(anonymous_23)
FNDA:0,(anonymous_24)
FNDA:0,(anonymous_25)
FNDA:1,(anonymous_26)
FNDA:15,(anonymous_27)
FNDA:0,(anonymous_28)
FNDA:0,(anonymous_29)
FNDA:0,(anonymous_30)
FNDA:15,(anonymous_31)
FNDA:1,(anonymous_32)
FNDA:9,(anonymous_33)
FNDA:3,(anonymous_34)
FNDA:3,(anonymous_35)
FNDA:5,(anonymous_36)
FNDA:5,(anonymous_37)
FNDA:3,(anonymous_38)
FNDA:1,(anonymous_39)
FNDA:1,(anonymous_40)
FNDA:2,(anonymous_41)
FNDA:24,insertNotificationAndOutboxTx
FNDA:8,(anonymous_43)
FNDA:8,(anonymous_44)
FNDA:16,(anonymous_45)
FNDA:6,(anonymous_46)
FNDA:6,(anonymous_47)
FNDA:5,(anonymous_48)
FNDA:5,(anonymous_49)
FNDA:3,(anonymous_50)
FNDA:2,(anonymous_51)
FNDA:1,(anonymous_52)
FNDA:9,(anonymous_53)
FNDA:13,(anonymous_54)
FNDA:6,(anonymous_55)
FNDA:0,(anonymous_56)
FNDA:6,(anonymous_57)
FNDA:4,(anonymous_58)
FNDA:2,(anonymous_59)
FNDA:1,(anonymous_60)
FNDA:1,(anonymous_61)
FNDA:6,(anonymous_62)
FNDA:6,(anonymous_63)
FNDA:1,(anonymous_64)
FNDA:4,(anonymous_65)
FNDA:4,(anonymous_66)
FNDA:3,(anonymous_67)
FNDA:15,(anonymous_68)
FNDA:1,(anonymous_69)
FNDA:4,(anonymous_70)
FNDA:1,(anonymous_71)
FNDA:15,(anonymous_72)
FNDA:0,(anonymous_73)
FNDA:0,(anonymous_74)
FNDA:0,(anonymous_75)
FNDA:0,(anonymous_76)
FNDA:1398,(anonymous_77)
DA:1,24
DA:2,24
DA:3,24
DA:4,24
DA:8,24
DA:10,24
DA:24,28
DA:25,28
DA:26,28
DA:27,28
DA:28,28
DA:29,28
DA:31,0
DA:32,0
DA:34,0
DA:36,28
DA:41,0
DA:42,0
DA:43,0
DA:44,0
DA:46,0
DA:47,0
DA:48,0
DA:49,0
DA:51,0
DA:52,0
DA:53,0
DA:55,0
DA:58,0
DA:61,0
DA:62,0
DA:66,0
DA:80,0
DA:84,0
DA:87,0
DA:89,0
DA:90,0
DA:91,0
DA:92,0
DA:94,0
DA:102,0
DA:103,0
DA:104,0
DA:105,0
DA:107,0
DA:108,0
DA:109,0
DA:119,0
DA:131,0
DA:136,0
DA:140,0
DA:141,0
DA:142,0
DA:143,0
DA:148,0
DA:149,0
DA:151,0
DA:153,0
DA:154,0
DA:156,0
DA:158,0
DA:162,24
DA:163,0
DA:164,0
DA:171,24
DA:172,1
DA:173,0
DA:176,1
DA:177,1
DA:178,1
DA:180,1
DA:182,1
DA:183,1
DA:187,1
DA:188,0
DA:198,0
DA:202,1
DA:203,1
DA:207,1
DA:208,0
DA:218,0
DA:222,1
DA:223,1
DA:229,1
DA:232,1
DA:233,1
DA:235,0
DA:236,0
DA:238,1
DA:242,24
DA:243,13
DA:249,13
DA:252,24
DA:253,25
DA:259,25
DA:262,24
DA:263,28
DA:269,28
DA:272,24
DA:273,1
DA:281,1
DA:284,24
DA:285,64
DA:291,64
DA:294,24
DA:295,71
DA:299,71
DA:302,24
DA:303,29
DA:310,29
DA:313,24
DA:314,24
DA:315,24
DA:316,24
DA:317,24
DA:319,24
DA:327,24
DA:328,0
DA:329,0
DA:332,24
DA:338,24
DA:339,24
DA:340,1
DA:341,1
DA:342,1
DA:345,23
DA:353,23
DA:354,23
DA:356,1
DA:357,1
DA:359,1
DA:361,24
DA:365,24
DA:366,2
DA:372,2
DA:375,24
DA:376,3
DA:384,3
DA:387,24
DA:388,15
DA:396,15
DA:399,24
DA:400,1
DA:401,1
DA:402,1
DA:404,1
DA:411,1
DA:412,1
DA:414,1
DA:415,1
DA:416,1
DA:418,0
DA:419,0
DA:421,0
DA:423,1
DA:427,24
DA:436,0
DA:442,0
DA:445,24
DA:446,7
DA:452,7
DA:455,24
DA:456,2
DA:478,2
DA:481,24
DA:482,0
DA:506,0
DA:509,24
DA:510,0
DA:518,0
DA:521,24
DA:522,0
DA:530,0
DA:533,24
DA:534,0
DA:541,0
DA:544,24
DA:545,1
DA:548,24
DA:549,15
DA:550,0
DA:553,15
DA:574,15
DA:577,24
DA:578,0
DA:584,0
DA:587,24
DA:588,0
DA:595,0
DA:598,24
DA:600,15
DA:602,15
DA:625,15
DA:628,24
DA:629,1
DA:647,1
DA:650,24
DA:651,9
DA:668,9
DA:671,24
DA:672,3
DA:673,3
DA:692,3
DA:693,3
DA:695,3
DA:696,3
DA:697,3
DA:699,3
DA:700,2
DA:701,1
DA:702,0
DA:721,0
DA:724,1
DA:746,1
DA:749,24
DA:750,5
DA:751,5
DA:769,5
DA:770,5
DA:771,5
DA:772,0
DA:775,5
DA:776,5
DA:777,5
DA:779,5
DA:780,5
DA:781,0
DA:800,0
DA:803,5
DA:805,5
DA:813,5
DA:815,5
DA:816,3
DA:822,3
DA:823,3
DA:824,0
DA:828,5
DA:835,5
DA:837,5
DA:838,3
DA:859,3
DA:866,2
DA:867,2
DA:870,0
DA:873,24
DA:874,3
DA:890,3
DA:893,24
DA:894,1
DA:912,1
DA:915,24
DA:916,1
DA:925,1
DA:928,24
DA:929,2
DA:935,2
DA:939,24
DA:957,24
DA:958,24
DA:960,24
DA:974,24
DA:977,24
DA:986,8
DA:987,8
DA:993,8
DA:995,8
DA:1003,8
DA:1010,16
DA:1012,8
DA:1013,16
DA:1014,8
DA:1029,8
DA:1032,24
DA:1038,6
DA:1039,6
DA:1046,6
DA:1047,6
DA:1048,0
DA:1049,0
DA:1050,0
DA:1053,6
DA:1061,6
DA:1069,6
DA:1070,6
DA:1071,6
DA:1073,6
DA:1079,6
DA:1081,6
DA:1082,6
DA:1083,6
DA:1084,4
DA:1085,0
DA:1088,6
DA:1089,6
DA:1090,5
DA:1098,5
DA:1101,6
DA:1102,6
DA:1115,6
DA:1116,5
DA:1123,5
DA:1124,10
DA:1137,6
DA:1145,24
DA:1146,5
DA:1147,5
DA:1175,5
DA:1178,24
DA:1179,3
DA:1193,3
DA:1196,24
DA:1197,2
DA:1218,2
DA:1221,24
DA:1227,1
DA:1248,1
DA:1251,24
DA:1252,9
DA:1260,9
DA:1263,24
DA:1265,24
DA:1283,24
DA:1284,13
DA:1290,13
DA:1293,24
DA:1294,6
DA:1301,6
DA:1308,6
DA:1311,24
DA:1318,0
DA:1385,0
DA:1388,24
DA:1393,6
DA:1416,6
DA:1419,24
DA:1425,4
DA:1477,4
DA:1480,24
DA:1488,2
DA:1522,2
DA:1525,24
DA:1526,1
DA:1560,1
DA:1563,24
DA:1564,1
DA:1584,1
DA:1587,24
DA:1593,6
DA:1611,6
DA:1614,24
DA:1625,6
DA:1661,6
DA:1664,24
DA:1665,1
DA:1673,1
DA:1676,24
DA:1677,4
DA:1678,0
DA:1681,4
DA:1682,4
DA:1683,4
DA:1685,4
DA:1686,4
DA:1688,4
DA:1689,5
DA:1690,0
DA:1693,5
DA:1743,5
DA:1744,5
DA:1745,2
DA:1748,4
DA:1749,4
DA:1751,0
DA:1752,0
DA:1754,4
DA:1758,24
DA:1759,4
DA:1760,3
DA:1763,1
DA:1771,1
DA:1774,24
DA:1775,3
DA:1776,3
DA:1777,3
DA:1795,3
DA:1798,24
DA:1799,15
DA:1800,0
DA:1802,15
DA:1803,15
DA:1805,15
DA:1823,15
DA:1826,24
DA:1827,1
DA:1844,1
DA:1847,24
DA:1855,4
DA:1856,4
DA:1858,4
DA:1859,4
DA:1873,2
DA:1875,2
DA:1880,2
DA:1897,2
DA:1898,2
DA:1899,0
DA:1902,2
DA:1903,2
DA:1904,2
DA:1905,2
DA:1907,2
DA:1908,1
DA:1911,1
DA:1912,1
DA:1913,1
DA:1916,0
DA:1920,24
DA:1921,1
DA:1922,1
DA:1923,1
DA:1932,1
DA:1935,24
DA:1936,15
DA:1937,0
DA:1939,15
DA:1940,15
DA:1941,15
DA:1950,15
DA:1953,24
DA:1961,0
DA:1973,0
DA:1976,24
DA:1977,0
DA:1983,0
DA:1987,24
DA:1988,0
DA:1989,0
DA:1992,0
DA:1994,0
DA:1995,0
DA:2005,0
DA:2006,0
DA:2009,24
DA:2011,1398
LF:444
LH:335
BRDA:5,0,0,0
BRDA:5,0,1,24
BRDA:11,1,0,0
BRDA:11,1,1,24
BRDA:80,2,0,0
BRDA:80,2,1,0
BRDA:87,3,0,0
BRDA:87,3,1,0
BRDA:90,4,0,0
BRDA:90,4,1,0
BRDA:91,5,0,0
BRDA:91,5,1,0
BRDA:92,6,0,0
BRDA:92,6,1,0
BRDA:92,7,0,0
BRDA:92,7,1,0
BRDA:103,8,0,0
BRDA:103,8,1,0
BRDA:105,9,0,0
BRDA:105,9,1,0
BRDA:108,10,0,0
BRDA:108,10,1,0
BRDA:141,11,0,0
BRDA:141,11,1,0
BRDA:172,12,0,0
BRDA:172,12,1,1
BRDA:172,13,0,1
BRDA:172,13,1,0
BRDA:182,14,0,1
BRDA:182,14,1,0
BRDA:187,15,0,0
BRDA:187,15,1,1
BRDA:196,16,0,0
BRDA:196,16,1,0
BRDA:202,17,0,1
BRDA:202,17,1,0
BRDA:202,18,0,1
BRDA:202,18,1,1
BRDA:207,19,0,0
BRDA:207,19,1,1
BRDA:216,20,0,0
BRDA:216,20,1,0
BRDA:216,21,0,0
BRDA:216,21,1,0
BRDA:222,22,0,1
BRDA:222,22,1,0
BRDA:227,23,0,1
BRDA:227,23,1,0
BRDA:227,24,0,1
BRDA:227,24,1,0
BRDA:302,25,0,2
BRDA:313,26,0,0
BRDA:313,27,0,0
BRDA:327,28,0,0
BRDA:327,28,1,24
BRDA:338,29,0,24
BRDA:338,29,1,0
BRDA:339,30,0,1
BRDA:339,30,1,23
BRDA:354,31,0,23
BRDA:354,31,1,0
BRDA:354,32,0,23
BRDA:354,32,1,0
BRDA:433,33,0,0
BRDA:434,34,0,0
BRDA:549,35,0,0
BRDA:549,35,1,15
BRDA:549,36,0,15
BRDA:549,36,1,15
BRDA:584,37,0,0
BRDA:584,37,1,0
BRDA:598,38,0,0
BRDA:600,39,0,15
BRDA:600,39,1,0
BRDA:600,40,0,15
BRDA:600,40,1,15
BRDA:668,41,0,9
BRDA:668,41,1,0
BRDA:692,42,0,3
BRDA:692,42,1,0
BRDA:693,43,0,0
BRDA:693,43,1,3
BRDA:696,44,0,3
BRDA:696,44,1,0
BRDA:697,45,0,3
BRDA:697,45,1,3
BRDA:699,46,0,1
BRDA:699,46,1,2
BRDA:700,47,0,1
BRDA:700,47,1,1
BRDA:701,48,0,0
BRDA:701,48,1,1
BRDA:701,49,0,1
BRDA:701,49,1,1
BRDA:721,50,0,0
BRDA:721,50,1,0
BRDA:746,51,0,1
BRDA:746,51,1,0
BRDA:749,52,0,0
BRDA:769,53,0,5
BRDA:769,53,1,0
BRDA:770,54,0,0
BRDA:770,54,1,5
BRDA:771,55,0,0
BRDA:771,55,1,5
BRDA:771,56,0,5
BRDA:771,56,1,5
BRDA:776,57,0,5
BRDA:776,57,1,0
BRDA:777,58,0,5
BRDA:777,58,1,5
BRDA:779,59,0,0
BRDA:779,59,1,5
BRDA:780,60,0,0
BRDA:780,60,1,5
BRDA:780,61,0,5
BRDA:780,61,1,5
BRDA:800,62,0,0
BRDA:800,62,1,0
BRDA:815,63,0,3
BRDA:815,63,1,2
BRDA:822,64,0,3
BRDA:822,64,1,0
BRDA:823,65,0,0
BRDA:823,65,1,3
BRDA:837,66,0,3
BRDA:837,66,1,2
BRDA:860,67,0,0
BRDA:860,67,1,3
BRDA:861,68,0,3
BRDA:861,68,1,0
BRDA:866,69,0,2
BRDA:866,69,1,0
BRDA:873,70,0,0
BRDA:873,71,0,0
BRDA:912,72,0,1
BRDA:912,72,1,0
BRDA:954,73,0,24
BRDA:954,73,1,0
BRDA:954,74,0,24
BRDA:954,74,1,0
BRDA:983,75,0,0
BRDA:984,76,0,0
BRDA:1013,77,0,8
BRDA:1013,77,1,8
BRDA:1046,78,0,6
BRDA:1046,78,1,0
BRDA:1047,79,0,0
BRDA:1047,79,1,6
BRDA:1070,80,0,6
BRDA:1070,80,1,0
BRDA:1071,81,0,6
BRDA:1071,81,1,4
BRDA:1079,82,0,6
BRDA:1079,82,1,0
BRDA:1082,83,0,6
BRDA:1082,83,1,0
BRDA:1083,84,0,2
BRDA:1083,84,1,4
BRDA:1084,85,0,4
BRDA:1084,85,1,0
BRDA:1089,86,0,5
BRDA:1089,86,1,1
BRDA:1101,87,0,6
BRDA:1101,87,1,0
BRDA:1115,88,0,5
BRDA:1115,88,1,1
BRDA:1115,89,0,6
BRDA:1115,89,1,5
BRDA:1145,90,0,0
BRDA:1145,91,0,0
BRDA:1145,92,0,0
BRDA:1193,93,0,3
BRDA:1193,93,1,0
BRDA:1218,94,0,2
BRDA:1218,94,1,0
BRDA:1225,95,0,0
BRDA:1246,96,0,1
BRDA:1246,96,1,0
BRDA:1246,97,0,1
BRDA:1246,97,1,0
BRDA:1248,98,0,1
BRDA:1248,98,1,0
BRDA:1251,99,0,0
BRDA:1251,100,0,0
BRDA:1290,101,0,13
BRDA:1290,101,1,4
BRDA:1308,102,0,6
BRDA:1308,102,1,0
BRDA:1383,103,0,0
BRDA:1383,103,1,0
BRDA:1383,104,0,0
BRDA:1383,104,1,0
BRDA:1383,105,0,0
BRDA:1383,105,1,0
BRDA:1383,106,0,0
BRDA:1383,106,1,0
BRDA:1390,107,0,0
BRDA:1391,108,0,0
BRDA:1416,109,0,6
BRDA:1416,109,1,0
BRDA:1422,110,0,0
BRDA:1423,111,0,0
BRDA:1475,112,0,4
BRDA:1475,112,1,0
BRDA:1477,113,0,4
BRDA:1477,113,1,0
BRDA:1482,114,0,0
BRDA:1483,115,0,0
BRDA:1484,116,0,0
BRDA:1485,117,0,0
BRDA:1486,118,0,0
BRDA:1518,119,0,2
BRDA:1518,119,1,0
BRDA:1522,120,0,2
BRDA:1522,120,1,0
BRDA:1525,121,0,0
BRDA:1560,122,0,1
BRDA:1560,122,1,0
BRDA:1563,123,0,0
BRDA:1589,124,0,0
BRDA:1590,125,0,0
BRDA:1591,126,0,0
BRDA:1611,127,0,6
BRDA:1611,127,1,0
BRDA:1617,128,0,0
BRDA:1618,129,0,0
BRDA:1619,130,0,0
BRDA:1620,131,0,0
BRDA:1621,132,0,0
BRDA:1622,133,0,0
BRDA:1623,134,0,0
BRDA:1658,135,0,2
BRDA:1658,135,1,4
BRDA:1661,136,0,6
BRDA:1661,136,1,0
BRDA:1664,137,0,0
BRDA:1677,138,0,0
BRDA:1677,138,1,4
BRDA:1677,139,0,4
BRDA:1677,139,1,4
BRDA:1689,140,0,0
BRDA:1689,140,1,5
BRDA:1689,141,0,5
BRDA:1689,141,1,5
BRDA:1689,141,2,5
BRDA:1689,141,3,5
BRDA:1729,142,0,5
BRDA:1729,142,1,5
BRDA:1730,143,0,5
BRDA:1730,143,1,5
BRDA:1731,144,0,5
BRDA:1731,144,1,5
BRDA:1732,145,0,5
BRDA:1732,145,1,0
BRDA:1736,146,0,5
BRDA:1736,146,1,5
BRDA:1737,147,0,5
BRDA:1737,147,1,0
BRDA:1738,148,0,5
BRDA:1738,148,1,5
BRDA:1739,149,0,5
BRDA:1739,149,1,5
BRDA:1744,150,0,3
BRDA:1744,150,1,2
BRDA:1759,151,0,3
BRDA:1759,151,1,1
BRDA:1759,152,0,4
BRDA:1759,152,1,4
BRDA:1799,153,0,0
BRDA:1799,153,1,15
BRDA:1799,154,0,15
BRDA:1799,154,1,15
BRDA:1844,155,0,1
BRDA:1844,155,1,0
BRDA:1855,156,0,4
BRDA:1855,156,1,0
BRDA:1856,157,0,4
BRDA:1856,157,1,0
BRDA:1875,158,0,2
BRDA:1875,158,1,0
BRDA:1876,159,0,2
BRDA:1876,159,1,2
BRDA:1876,159,2,2
BRDA:1897,160,0,2
BRDA:1897,160,1,0
BRDA:1898,161,0,0
BRDA:1898,161,1,2
BRDA:1902,162,0,2
BRDA:1902,162,1,0
BRDA:1907,163,0,1
BRDA:1907,163,1,1
BRDA:1907,164,0,2
BRDA:1907,164,1,1
BRDA:1907,164,2,1
BRDA:1907,164,3,1
BRDA:1936,165,0,0
BRDA:1936,165,1,15
BRDA:1936,166,0,15
BRDA:1936,166,1,15
BRDA:1971,167,0,0
BRDA:1971,167,1,0
BRDA:1971,168,0,0
BRDA:1971,168,1,0
BRDA:1971,169,0,0
BRDA:1971,169,1,0
BRDA:1971,170,0,0
BRDA:1971,170,1,0
BRDA:1973,171,0,0
BRDA:1973,171,1,0
BRDA:1988,172,0,0
BRDA:1988,172,1,0
BRDA:1988,173,0,0
BRDA:1988,173,1,0
BRDA:1994,174,0,0
BRDA:1994,174,1,0
BRDA:1994,175,0,0
BRDA:1994,175,1,0
BRDA:1994,175,2,0
BRDA:1994,175,3,0
BRDA:1997,176,0,0
BRDA:1997,176,1,0
BRF:322
BRH:151
end_of_record
TN:
SF:invites/service.js
FN:3,getDefaultInviteTtlHours
FN:10,computeInviteExpiry
FN:14,buildInviteToken
FN:22,parseInviteToken
FNF:4
FNH:4
FNDA:9,getDefaultInviteTtlHours
FNDA:7,computeInviteExpiry
FNDA:7,buildInviteToken
FNDA:12,parseInviteToken
DA:1,12
DA:4,9
DA:5,9
DA:6,9
DA:7,8
DA:11,7
DA:15,7
DA:23,12
DA:24,12
DA:26,11
DA:34,12
LF:11
LH:11
BRDA:5,0,0,9
BRDA:5,0,1,7
BRDA:6,1,0,1
BRDA:6,1,1,8
BRDA:6,2,0,9
BRDA:6,2,1,9
BRDA:10,3,0,0
BRDA:10,4,0,6
BRDA:10,5,0,6
BRDA:24,6,0,1
BRDA:24,6,1,11
BRF:11
BRH:10
end_of_record
TN:
SF:maintenance/cleanup.js
FN:5,parseArgs
FN:40,sortIdValues
FN:41,(anonymous_2)
FN:51,collectDryRunReport
FN:57,(anonymous_4)
FN:57,(anonymous_5)
FN:68,applyCleanup
FN:69,(anonymous_7)
FN:74,(anonymous_8)
FN:74,(anonymous_9)
FN:86,formatTextReport
FN:88,(anonymous_11)
FN:96,runCleanup
FN:133,main
FNF:14
FNH:14
FNDA:6,parseArgs
FNDA:26,sortIdValues
FNDA:12,(anonymous_2)
FNDA:5,collectDryRunReport
FNDA:8,(anonymous_4)
FNDA:8,(anonymous_5)
FNDA:2,applyCleanup
FNDA:2,(anonymous_7)
FNDA:5,(anonymous_8)
FNDA:5,(anonymous_9)
FNDA:2,formatTextReport
FNDA:8,(anonymous_11)
FNDA:7,runCleanup
FNDA:1,main
DA:1,2
DA:2,2
DA:3,2
DA:6,6
DA:13,6
DA:14,8
DA:15,8
DA:16,2
DA:17,2
DA:19,6
DA:20,2
DA:21,2
DA:23,4
DA:24,2
DA:25,2
DA:26,2
DA:28,2
DA:29,2
DA:33,6
DA:34,2
DA:37,6
DA:41,26
DA:42,12
DA:43,12
DA:44,12
DA:45,10
DA:47,2
DA:52,5
DA:53,5
DA:54,17
DA:55,17
DA:56,17
DA:57,8
DA:59,17
DA:65,5
DA:69,2
DA:70,2
DA:71,2
DA:72,5
DA:73,5
DA:74,5
DA:76,5
DA:82,2
DA:87,2
DA:88,2
DA:89,8
DA:90,8
DA:91,8
DA:93,2
DA:97,7
DA:98,7
DA:100,7
DA:101,2
DA:102,2
DA:103,2
DA:106,5
DA:117,5
DA:123,5
DA:124,3
DA:127,2
DA:134,1
DA:135,1
DA:136,1
DA:147,2
LF:64
LH:64
BRDA:15,0,0,2
BRDA:15,0,1,6
BRDA:19,1,0,2
BRDA:19,1,1,4
BRDA:23,2,0,2
BRDA:23,2,1,2
BRDA:24,3,0,2
BRDA:24,3,1,0
BRDA:28,4,0,2
BRDA:28,4,1,0
BRDA:33,5,0,2
BRDA:33,5,1,4
BRDA:33,6,0,6
BRDA:33,6,1,4
BRDA:44,7,0,10
BRDA:44,7,1,2
BRDA:44,8,0,12
BRDA:44,8,1,10
BRDA:61,9,0,17
BRDA:61,9,1,11
BRDA:89,10,0,8
BRDA:89,10,1,0
BRDA:96,11,0,5
BRDA:100,12,0,2
BRDA:100,12,1,5
BRDA:100,13,0,7
BRDA:100,13,1,3
BRDA:106,14,0,1
BRDA:106,14,1,4
BRDA:118,15,0,1
BRDA:118,15,1,4
BRDA:123,16,0,3
BRDA:123,16,1,2
BRF:33
BRH:30
end_of_record
TN:
SF:maintenance/cleanup/policy.js
FN:1,parseRetentionDays
FN:7,parseBoolean
FN:12,getCleanupPolicy
FNF:3
FNH:3
FNDA:55,parseRetentionDays
FNDA:11,parseBoolean
FNDA:11,getCleanupPolicy
DA:2,55
DA:3,55
DA:4,26
DA:8,11
DA:9,6
DA:13,11
DA:14,11
DA:26,2
LF:8
LH:8
BRDA:3,0,0,29
BRDA:3,0,1,26
BRDA:3,1,0,55
BRDA:3,1,1,26
BRDA:7,2,0,0
BRDA:8,3,0,5
BRDA:8,3,1,6
BRDA:8,4,0,11
BRDA:8,4,1,6
BRDA:8,4,2,6
BRDA:13,5,0,11
BRDA:13,5,1,5
BRDA:22,6,0,11
BRDA:22,6,1,0
BRDA:22,7,0,11
BRDA:22,7,1,11
BRF:16
BRH:14
end_of_record
TN:
SF:maintenance/cleanup/selectors.js
FN:1,daysToInterval
FN:5,getCleanupSelectors
FNF:2
FNH:2
FNDA:138,daysToInterval
FNDA:11,getCleanupSelectors
DA:2,138
DA:6,11
DA:108,11
DA:109,2
DA:132,11
DA:135,2
LF:6
LH:6
BRDA:108,0,0,2
BRDA:108,0,1,9
BRF:2
BRH:2
end_of_record
TN:
SF:notifications/service.js
FN:1,normalizeNotificationLimit
FN:7,normalizeNotificationOffset
FN:13,mapNotificationRow
FNF:3
FNH:3
FNDA:8,normalizeNotificationLimit
FNDA:7,normalizeNotificationOffset
FNDA:6,mapNotificationRow
DA:2,8
DA:3,8
DA:4,3
DA:8,7
DA:9,7
DA:10,2
DA:14,6
DA:27,12
LF:8
LH:8
BRDA:3,0,0,5
BRDA:3,0,1,3
BRDA:3,1,0,8
BRDA:3,1,1,4
BRDA:9,2,0,5
BRDA:9,2,1,2
BRDA:9,3,0,7
BRDA:9,3,1,3
BRF:8
BRH:8
end_of_record
TN:
SF:outbox/provider.js
FN:1,getEmailProvider
FN:5,isEmailEnabled
FN:9,buildEmailPayload
FN:19,sendEmailViaProvider
FN:39,dispatchOutboxMessage
FNF:5
FNH:5
FNDA:5,getEmailProvider
FNDA:7,isEmailEnabled
FNDA:3,buildEmailPayload
FNDA:11,sendEmailViaProvider
FNDA:5,dispatchOutboxMessage
DA:2,5
DA:6,7
DA:10,3
DA:11,3
DA:20,11
DA:22,8
DA:23,3
DA:24,2
DA:26,1
DA:29,5
DA:30,3
DA:31,2
DA:33,1
DA:36,2
DA:40,5
DA:41,4
DA:43,2
DA:44,2
DA:45,2
DA:48,2
LF:20
LH:20
BRDA:2,0,0,5
BRDA:2,0,1,3
BRDA:6,1,0,7
BRDA:6,1,1,3
BRDA:10,2,0,3
BRDA:10,2,1,0
BRDA:20,3,0,3
BRDA:20,3,1,8
BRDA:22,4,0,3
BRDA:22,4,1,5
BRDA:23,5,0,2
BRDA:23,5,1,1
BRDA:29,6,0,3
BRDA:29,6,1,2
BRDA:30,7,0,2
BRDA:30,7,1,1
BRDA:40,8,0,1
BRDA:40,8,1,4
BRDA:41,9,0,2
BRDA:41,9,1,2
BRF:20
BRH:19
end_of_record
TN:
SF:outbox/run_worker.js
FN:4,parseArgs
FN:19,main
FN:23,(anonymous_2)
FNF:3
FNH:3
FNDA:5,parseArgs
FNDA:2,main
FNDA:1,(anonymous_2)
DA:1,2
DA:2,2
DA:5,5
DA:6,5
DA:7,7
DA:8,7
DA:9,3
DA:10,3
DA:11,2
DA:13,3
DA:16,5
DA:20,2
DA:21,2
DA:24,1
DA:30,2
DA:41,2
LF:16
LH:16
BRDA:8,0,0,3
BRDA:8,0,1,4
BRDA:10,1,0,2
BRDA:10,1,1,1
BRDA:10,2,0,3
BRDA:10,2,1,2
BRF:6
BRH:6
end_of_record
TN:
SF:outbox/worker.js
FN:3,getMaxOutboxAttempts
FN:9,computeBackoffDelayMs
FN:21,getNextAttemptAt
FN:26,processOutboxBatch
FNF:4
FNH:4
FNDA:12,getMaxOutboxAttempts
FNDA:7,computeBackoffDelayMs
FNDA:5,getNextAttemptAt
FNDA:6,processOutboxBatch
DA:1,2
DA:4,12
DA:5,12
DA:6,10
DA:15,7
DA:16,7
DA:17,7
DA:18,7
DA:22,5
DA:23,5
DA:27,6
DA:28,6
DA:30,6
DA:37,6
DA:38,7
DA:39,7
DA:40,7
DA:41,1
DA:47,1
DA:48,1
DA:51,6
DA:57,3
DA:58,3
DA:60,3
DA:61,3
DA:68,3
DA:69,1
DA:73,6
DA:76,2
LF:29
LH:29
BRDA:4,0,0,12
BRDA:4,0,1,7
BRDA:5,1,0,2
BRDA:5,1,1,10
BRDA:5,2,0,12
BRDA:5,2,1,12
BRDA:11,3,0,5
BRDA:12,4,0,5
BRDA:13,5,0,5
BRDA:21,6,0,0
BRDA:26,7,0,2
BRDA:40,8,0,1
BRDA:40,8,1,6
BRDA:63,9,0,3
BRDA:63,9,1,0
BRDA:63,9,2,0
BRDA:68,10,0,2
BRDA:68,10,1,1
BRF:18
BRH:15
end_of_record
TN:
SF:services/googleCalendar.js
FN:3,createOAuthClient
FN:11,isSyncTokenExpired
FN:16,getGoogleErrorInfo
FN:51,isGoogleAuthError
FN:62,isRetryableGoogleError
FN:72,parseEventTime
FN:85,normalizeEventsToIntervals
FN:108,normalizeGoogleDateString
FN:116,normalizeGoogleEventForStorage
FN:161,listGoogleEvents
FN:181,listGoogleCalendars
FN:198,(anonymous_11)
FN:207,syncGoogleEvents
FN:260,fetchBusyIntervalsForUser
FNF:14
FNH:8
FNDA:0,createOAuthClient
FNDA:0,isSyncTokenExpired
FNDA:4,getGoogleErrorInfo
FNDA:1,isGoogleAuthError
FNDA:2,isRetryableGoogleError
FNDA:6,parseEventTime
FNDA:1,normalizeEventsToIntervals
FNDA:5,normalizeGoogleDateString
FNDA:3,normalizeGoogleEventForStorage
FNDA:0,listGoogleEvents
FNDA:0,listGoogleCalendars
FNDA:0,(anonymous_11)
FNDA:0,syncGoogleEvents
FNDA:1,fetchBusyIntervalsForUser
DA:1,10
DA:4,0
DA:12,0
DA:13,0
DA:17,4
DA:18,4
DA:19,4
DA:22,4
DA:29,4
DA:32,4
DA:37,4
DA:42,4
DA:52,1
DA:53,1
DA:55,0
DA:59,0
DA:63,2
DA:64,2
DA:65,2
DA:66,1
DA:67,0
DA:69,1
DA:73,6
DA:74,6
DA:75,6
DA:76,6
DA:78,0
DA:79,0
DA:80,0
DA:82,0
DA:86,1
DA:87,1
DA:89,1
DA:90,6
DA:91,3
DA:92,3
DA:93,3
DA:94,2
DA:96,1
DA:105,1
DA:109,5
DA:110,4
DA:111,0
DA:113,4
DA:117,3
DA:118,3
DA:120,3
DA:121,3
DA:122,1
DA:128,2
DA:129,2
DA:130,2
DA:131,2
DA:132,2
DA:134,2
DA:135,2
DA:136,2
DA:137,1
DA:140,1
DA:143,1
DA:145,1
DA:162,0
DA:163,0
DA:165,0
DA:167,0
DA:174,0
DA:175,0
DA:177,0
DA:178,0
DA:182,0
DA:183,0
DA:185,0
DA:187,0
DA:188,0
DA:189,0
DA:190,0
DA:194,0
DA:195,0
DA:198,0
DA:208,0
DA:209,0
DA:211,0
DA:214,0
DA:221,0
DA:222,0
DA:225,0
DA:226,0
DA:227,0
DA:229,0
DA:230,0
DA:231,0
DA:236,0
DA:237,0
DA:239,0
DA:240,0
DA:241,0
DA:245,0
DA:246,0
DA:247,0
DA:248,0
DA:250,0
DA:253,0
DA:261,1
DA:262,1
DA:263,1
DA:264,1
DA:267,0
DA:273,0
DA:276,10
LF:109
LH:55
BRDA:12,0,0,0
BRDA:12,0,1,0
BRDA:12,0,2,0
BRDA:17,1,0,4
BRDA:17,1,1,4
BRDA:17,1,2,0
BRDA:17,1,3,0
BRDA:18,2,0,4
BRDA:18,2,1,0
BRDA:22,3,0,3
BRDA:22,3,1,1
BRDA:24,4,0,0
BRDA:24,4,1,1
BRDA:29,5,0,3
BRDA:29,5,1,1
BRDA:32,6,0,4
BRDA:32,6,1,4
BRDA:32,6,2,4
BRDA:37,7,0,4
BRDA:37,7,1,1
BRDA:37,7,2,0
BRDA:37,7,3,0
BRDA:53,8,0,1
BRDA:53,8,1,0
BRDA:53,9,0,1
BRDA:53,9,1,0
BRDA:55,10,0,0
BRDA:55,10,1,0
BRDA:55,11,0,0
BRDA:55,11,1,0
BRDA:55,12,0,0
BRDA:55,12,1,0
BRDA:59,13,0,0
BRDA:59,13,1,0
BRDA:64,14,0,0
BRDA:64,14,1,2
BRDA:65,15,0,1
BRDA:65,15,1,1
BRDA:65,16,0,2
BRDA:65,16,1,2
BRDA:66,17,0,0
BRDA:66,17,1,1
BRDA:73,18,0,0
BRDA:73,18,1,6
BRDA:74,19,0,6
BRDA:74,19,1,0
BRDA:76,20,0,1
BRDA:76,20,1,5
BRDA:78,21,0,0
BRDA:78,21,1,0
BRDA:80,22,0,0
BRDA:80,22,1,0
BRDA:86,23,0,0
BRDA:86,23,1,1
BRDA:90,24,0,3
BRDA:90,24,1,3
BRDA:90,25,0,6
BRDA:90,25,1,5
BRDA:90,25,2,4
BRDA:93,26,0,1
BRDA:93,26,1,2
BRDA:93,27,0,3
BRDA:93,27,1,2
BRDA:94,28,0,1
BRDA:94,28,1,1
BRDA:97,29,0,1
BRDA:97,29,1,0
BRDA:97,29,2,0
BRDA:109,30,0,1
BRDA:109,30,1,4
BRDA:109,31,0,5
BRDA:109,31,1,4
BRDA:110,32,0,0
BRDA:110,32,1,4
BRDA:116,33,0,3
BRDA:117,34,0,3
BRDA:117,34,1,0
BRDA:118,35,0,0
BRDA:118,35,1,3
BRDA:120,36,0,1
BRDA:120,36,1,2
BRDA:121,37,0,1
BRDA:121,37,1,2
BRDA:128,38,0,2
BRDA:128,38,1,0
BRDA:129,39,0,2
BRDA:129,39,1,0
BRDA:132,40,0,0
BRDA:132,40,1,2
BRDA:132,41,0,2
BRDA:132,41,1,2
BRDA:136,42,0,1
BRDA:136,42,1,1
BRDA:136,43,0,2
BRDA:136,43,1,1
BRDA:136,43,2,1
BRDA:141,44,0,1
BRDA:141,44,1,1
BRDA:143,45,0,1
BRDA:143,45,1,1
BRDA:143,45,2,1
BRDA:143,45,3,1
BRDA:147,46,0,1
BRDA:147,46,1,1
BRDA:148,47,0,1
BRDA:148,47,1,1
BRDA:149,48,0,1
BRDA:149,48,1,1
BRDA:150,49,0,1
BRDA:150,49,1,0
BRDA:154,50,0,1
BRDA:154,50,1,1
BRDA:155,51,0,1
BRDA:155,51,1,1
BRDA:156,52,0,1
BRDA:156,52,1,0
BRDA:174,53,0,0
BRDA:174,53,1,0
BRDA:175,54,0,0
BRDA:175,54,1,0
BRDA:178,55,0,0
BRDA:178,55,1,0
BRDA:194,56,0,0
BRDA:194,56,1,0
BRDA:195,57,0,0
BRDA:195,57,1,0
BRDA:200,58,0,0
BRDA:200,58,1,0
BRDA:200,58,2,0
BRDA:202,59,0,0
BRDA:202,59,1,0
BRDA:207,60,0,0
BRDA:207,61,0,0
BRDA:221,62,0,0
BRDA:221,62,1,0
BRDA:236,63,0,0
BRDA:236,63,1,0
BRDA:239,64,0,0
BRDA:239,64,1,0
BRDA:240,65,0,0
BRDA:240,65,1,0
BRDA:240,66,0,0
BRDA:240,66,1,0
BRDA:245,67,0,0
BRDA:245,67,1,0
BRDA:261,68,0,1
BRDA:261,68,1,0
BRF:147
BRH:79
end_of_record
TN:
SF:services/syncCoordinator.js
FN:19,sleep
FN:20,(anonymous_1)
FN:25,computeLockKey
FN:29,computeBackoffDelayMs
FN:36,acquireCalendarSyncLock
FN:66,releaseCalendarSyncLock
FN:78,dedupeCalendarTargets
FN:98,resolveCalendarTargets
FN:104,(anonymous_8)
FN:109,(anonymous_9)
FN:118,classifySyncFailure
FN:173,buildApiErrorFromClassifiedFailure
FN:183,buildNormalizedSyncRows
FN:210,syncSingleCalendarForUserRobust
FN:414,syncCalendarForUserRobust
FN:467,(anonymous_15)
FN:468,(anonymous_16)
FN:469,(anonymous_17)
FN:470,(anonymous_18)
FN:472,(anonymous_19)
FN:475,(anonymous_20)
FN:476,(anonymous_21)
FN:477,(anonymous_22)
FN:481,(anonymous_23)
FN:485,syncGroupMembers
FNF:25
FNH:19
FNDA:0,sleep
FNDA:0,(anonymous_1)
FNDA:8,computeLockKey
FNDA:0,computeBackoffDelayMs
FNDA:8,acquireCalendarSyncLock
FNDA:8,releaseCalendarSyncLock
FNDA:0,dedupeCalendarTargets
FNDA:6,resolveCalendarTargets
FNDA:0,(anonymous_8)
FNDA:0,(anonymous_9)
FNDA:4,classifySyncFailure
FNDA:3,buildApiErrorFromClassifiedFailure
FNDA:5,buildNormalizedSyncRows
FNDA:8,syncSingleCalendarForUserRobust
FNDA:6,syncCalendarForUserRobust
FNDA:4,(anonymous_15)
FNDA:4,(anonymous_16)
FNDA:4,(anonymous_17)
FNDA:4,(anonymous_18)
FNDA:4,(anonymous_19)
FNDA:4,(anonymous_20)
FNDA:4,(anonymous_21)
FNDA:4,(anonymous_22)
FNDA:4,(anonymous_23)
FNDA:1,syncGroupMembers
DA:1,12
DA:2,12
DA:10,12
DA:12,12
DA:13,12
DA:14,12
DA:15,12
DA:16,12
DA:17,12
DA:20,0
DA:21,0
DA:26,8
DA:30,0
DA:31,0
DA:32,0
DA:33,0
DA:37,8
DA:38,8
DA:39,8
DA:41,8
DA:42,8
DA:43,8
DA:48,8
DA:49,8
DA:55,0
DA:58,0
DA:59,0
DA:61,0
DA:62,0
DA:67,8
DA:69,8
DA:70,8
DA:74,8
DA:79,0
DA:80,0
DA:82,0
DA:83,0
DA:84,0
DA:86,0
DA:87,0
DA:95,0
DA:99,6
DA:100,6
DA:103,0
DA:104,0
DA:105,0
DA:106,0
DA:109,0
DA:110,0
DA:111,0
DA:112,0
DA:115,0
DA:119,4
DA:120,0
DA:129,4
DA:134,3
DA:143,1
DA:144,0
DA:153,1
DA:154,1
DA:155,0
DA:164,1
DA:174,3
DA:184,5
DA:185,5
DA:186,5
DA:188,5
DA:189,7
DA:190,7
DA:191,0
DA:192,0
DA:195,7
DA:196,1
DA:197,1
DA:200,6
DA:203,5
DA:217,8
DA:218,0
DA:226,8
DA:231,8
DA:233,8
DA:234,0
DA:242,8
DA:243,8
DA:244,8
DA:251,0
DA:267,8
DA:272,8
DA:273,0
DA:282,8
DA:283,8
DA:284,8
DA:286,8
DA:287,8
DA:288,8
DA:294,8
DA:295,8
DA:297,8
DA:304,8
DA:305,8
DA:306,8
DA:308,8
DA:309,10
DA:311,10
DA:312,10
DA:317,5
DA:319,5
DA:320,2
DA:321,2
DA:322,2
DA:325,3
DA:326,3
DA:327,3
DA:328,0
DA:329,0
DA:332,3
DA:333,3
DA:342,3
DA:343,3
DA:356,3
DA:360,5
DA:361,0
DA:362,0
DA:365,5
DA:366,5
DA:368,5
DA:369,5
DA:371,5
DA:372,5
DA:374,5
DA:381,5
DA:382,5
DA:395,5
DA:410,8
DA:421,6
DA:427,6
DA:428,6
DA:430,6
DA:431,6
DA:432,6
DA:439,4
DA:441,2
DA:442,2
DA:445,0
DA:453,4
DA:454,0
DA:455,0
DA:464,4
DA:467,4
DA:468,4
DA:469,4
DA:470,4
DA:472,4
DA:475,4
DA:476,4
DA:477,4
DA:481,4
DA:491,1
DA:493,1
DA:494,1
DA:495,1
DA:512,0
DA:513,0
DA:520,0
DA:525,0
DA:526,0
DA:542,0
DA:546,0
DA:549,12
LF:169
LH:118
BRDA:13,0,0,12
BRDA:13,0,1,12
BRDA:14,1,0,12
BRDA:14,1,1,12
BRDA:15,2,0,12
BRDA:15,2,1,11
BRDA:16,3,0,12
BRDA:16,3,1,11
BRDA:17,4,0,12
BRDA:17,4,1,11
BRDA:26,5,0,8
BRDA:26,5,1,0
BRDA:30,6,0,0
BRDA:30,6,1,0
BRDA:36,7,0,0
BRDA:48,8,0,8
BRDA:48,8,1,0
BRDA:67,9,0,0
BRDA:67,9,1,8
BRDA:83,10,0,0
BRDA:83,10,1,0
BRDA:84,11,0,0
BRDA:84,11,1,0
BRDA:84,12,0,0
BRDA:84,12,1,0
BRDA:89,13,0,0
BRDA:89,13,1,0
BRDA:98,14,0,0
BRDA:98,15,0,0
BRDA:99,16,0,6
BRDA:99,16,1,0
BRDA:100,17,0,6
BRDA:100,17,1,0
BRDA:100,18,0,6
BRDA:100,18,1,0
BRDA:105,19,0,0
BRDA:105,19,1,0
BRDA:110,20,0,0
BRDA:110,20,1,0
BRDA:110,21,0,0
BRDA:110,21,1,0
BRDA:111,22,0,0
BRDA:111,22,1,0
BRDA:111,23,0,0
BRDA:111,23,1,0
BRDA:112,24,0,0
BRDA:112,24,1,0
BRDA:112,25,0,0
BRDA:112,25,1,0
BRDA:119,26,0,0
BRDA:119,26,1,4
BRDA:125,27,0,0
BRDA:125,27,1,0
BRDA:129,28,0,3
BRDA:129,28,1,1
BRDA:130,29,0,4
BRDA:130,29,1,4
BRDA:130,29,2,4
BRDA:143,30,0,0
BRDA:143,30,1,1
BRDA:154,31,0,0
BRDA:154,31,1,1
BRDA:159,32,0,0
BRDA:159,32,1,0
BRDA:168,33,0,1
BRDA:168,33,1,0
BRDA:179,34,0,3
BRDA:179,34,1,0
BRDA:183,35,0,5
BRDA:190,36,0,0
BRDA:190,36,1,7
BRDA:195,37,0,1
BRDA:195,37,1,6
BRDA:215,38,0,0
BRDA:217,39,0,0
BRDA:217,39,1,8
BRDA:229,40,0,8
BRDA:229,40,1,1
BRDA:233,41,0,0
BRDA:233,41,1,8
BRDA:243,42,0,8
BRDA:243,42,1,4
BRDA:244,43,0,0
BRDA:244,43,1,8
BRDA:245,44,0,8
BRDA:245,44,1,2
BRDA:245,44,2,0
BRDA:245,44,3,0
BRDA:245,44,4,0
BRDA:253,45,0,0
BRDA:253,45,1,0
BRDA:272,46,0,0
BRDA:272,46,1,8
BRDA:295,47,0,8
BRDA:295,47,1,4
BRDA:319,48,0,2
BRDA:319,48,1,3
BRDA:319,49,0,5
BRDA:319,49,1,2
BRDA:319,49,2,2
BRDA:326,50,0,3
BRDA:326,50,1,0
BRDA:327,51,0,0
BRDA:327,51,1,3
BRDA:332,52,0,3
BRDA:332,52,1,0
BRDA:342,53,0,3
BRDA:342,53,1,0
BRDA:352,54,0,3
BRDA:352,54,1,0
BRDA:360,55,0,0
BRDA:360,55,1,5
BRDA:365,56,0,5
BRDA:365,56,1,0
BRDA:372,57,0,5
BRDA:372,57,1,0
BRDA:372,57,2,0
BRDA:378,58,0,4
BRDA:378,58,1,1
BRDA:381,59,0,5
BRDA:381,59,1,0
BRDA:397,60,0,5
BRDA:397,60,1,0
BRDA:417,61,0,0
BRDA:418,62,0,0
BRDA:419,63,0,0
BRDA:436,64,0,6
BRDA:436,64,1,0
BRDA:441,65,0,2
BRDA:441,65,1,0
BRDA:441,66,0,2
BRDA:441,66,1,0
BRDA:447,67,0,0
BRDA:447,67,1,0
BRDA:453,68,0,0
BRDA:453,68,1,4
BRDA:453,69,0,4
BRDA:453,69,1,0
BRDA:454,70,0,0
BRDA:454,70,1,0
BRDA:465,71,0,4
BRDA:465,71,1,0
BRDA:466,72,0,0
BRDA:466,72,1,4
BRDA:466,73,0,4
BRDA:466,73,1,0
BRDA:467,74,0,4
BRDA:467,74,1,4
BRDA:472,75,0,4
BRDA:472,75,1,4
BRDA:475,76,0,4
BRDA:475,76,1,0
BRDA:481,77,0,4
BRDA:481,77,1,0
BRDA:487,78,0,1
BRDA:488,79,0,1
BRDA:489,80,0,1
BRDA:494,81,0,1
BRDA:494,81,1,0
BRDA:503,82,0,1
BRDA:503,82,1,0
BRDA:504,83,0,1
BRDA:504,83,1,0
BRDA:525,84,0,0
BRDA:525,84,1,0
BRDA:535,85,0,0
BRDA:535,85,1,0
BRF:167
BRH:79
end_of_record
TN:
SF:services/syncRepair.js
FN:6,repairCalendarsForUser
FNF:1
FNH:1
FNDA:1,repairCalendarsForUser
DA:1,11
DA:2,11
DA:4,11
DA:7,1
DA:8,1
DA:9,0
DA:18,1
DA:23,1
DA:24,0
DA:31,1
DA:33,1
DA:34,1
DA:35,1
DA:36,0
DA:48,1
DA:49,0
DA:52,1
DA:57,1
DA:65,1
DA:72,11
LF:20
LH:16
BRDA:6,0,0,0
BRDA:6,1,0,0
BRDA:7,2,0,1
BRDA:7,2,1,0
BRDA:8,3,0,0
BRDA:8,3,1,1
BRDA:20,4,0,1
BRDA:20,4,1,0
BRDA:23,5,0,0
BRDA:23,5,1,1
BRDA:35,6,0,0
BRDA:35,6,1,1
BRDA:48,7,0,0
BRDA:48,7,1,1
BRF:14
BRH:6
end_of_record
