TN:
SF:server.js
FN:71,requireAuth
FN:78,requireGroupMember
FN:99,parseTimeParam
FN:113,buildParticipantsWithPetitions
FN:117,(anonymous_4)
FN:128,(anonymous_5)
FN:130,(anonymous_6)
FN:137,(anonymous_7)
FN:147,(anonymous_8)
FN:165,computeGroupAvailability
FN:177,(anonymous_10)
FN:185,(anonymous_11)
FN:189,(anonymous_12)
FN:200,(anonymous_13)
FN:201,(anonymous_14)
FN:210,(anonymous_15)
FN:223,(anonymous_16)
FN:227,(anonymous_17)
FN:243,(anonymous_18)
FN:274,(anonymous_19)
FN:275,(anonymous_20)
FN:285,(anonymous_21)
FN:295,(anonymous_22)
FN:307,(anonymous_23)
FN:312,(anonymous_24)
FN:317,(anonymous_25)
FN:335,(anonymous_26)
FN:368,(anonymous_27)
FN:374,(anonymous_28)
FN:416,(anonymous_29)
FN:424,(anonymous_30)
FN:429,(anonymous_31)
FN:483,(anonymous_32)
FN:508,(anonymous_33)
FN:547,(anonymous_34)
FN:566,(anonymous_35)
FN:582,(anonymous_36)
FN:591,(anonymous_37)
FN:599,(anonymous_38)
FN:609,(anonymous_39)
FNF:40
FNH:22
FNDA:39,requireAuth
FNDA:23,requireGroupMember
FNDA:20,parseTimeParam
FNDA:10,buildParticipantsWithPetitions
FNDA:20,(anonymous_4)
FNDA:20,(anonymous_5)
FNDA:20,(anonymous_6)
FNDA:2,(anonymous_7)
FNDA:4,(anonymous_8)
FNDA:10,computeGroupAvailability
FNDA:0,(anonymous_10)
FNDA:0,(anonymous_11)
FNDA:0,(anonymous_12)
FNDA:0,(anonymous_13)
FNDA:0,(anonymous_14)
FNDA:0,(anonymous_15)
FNDA:0,(anonymous_16)
FNDA:0,(anonymous_17)
FNDA:0,(anonymous_18)
FNDA:0,(anonymous_19)
FNDA:0,(anonymous_20)
FNDA:0,(anonymous_21)
FNDA:10,(anonymous_22)
FNDA:0,(anonymous_23)
FNDA:1,(anonymous_24)
FNDA:9,(anonymous_25)
FNDA:6,(anonymous_26)
FNDA:22,(anonymous_27)
FNDA:21,(anonymous_28)
FNDA:2,(anonymous_29)
FNDA:1,(anonymous_30)
FNDA:4,(anonymous_31)
FNDA:1,(anonymous_32)
FNDA:4,(anonymous_33)
FNDA:0,(anonymous_34)
FNDA:0,(anonymous_35)
FNDA:0,(anonymous_36)
FNDA:16,(anonymous_37)
FNDA:0,(anonymous_38)
FNDA:0,(anonymous_39)
DA:2,3
DA:3,3
DA:4,3
DA:5,3
DA:6,3
DA:7,3
DA:8,3
DA:9,3
DA:10,3
DA:11,3
DA:14,3
DA:17,3
DA:19,3
DA:20,3
DA:22,3
DA:23,3
DA:25,3
DA:27,3
DA:28,3
DA:30,3
DA:50,3
DA:52,3
DA:55,3
DA:57,3
DA:63,3
DA:69,3
DA:72,39
DA:73,0
DA:75,39
DA:79,23
DA:80,23
DA:81,0
DA:84,23
DA:85,23
DA:86,0
DA:89,23
DA:90,23
DA:91,1
DA:94,22
DA:95,22
DA:96,22
DA:100,20
DA:101,20
DA:102,20
DA:103,20
DA:105,0
DA:106,0
DA:107,0
DA:110,3
DA:111,3
DA:114,10
DA:116,10
DA:118,20
DA:124,20
DA:128,20
DA:130,20
DA:131,10
DA:137,10
DA:138,2
DA:139,2
DA:140,2
DA:141,2
DA:143,2
DA:147,2
DA:148,4
DA:149,4
DA:151,4
DA:162,10
DA:166,10
DA:167,10
DA:177,3
DA:178,0
DA:179,0
DA:181,0
DA:185,3
DA:186,0
DA:189,3
DA:190,0
DA:191,0
DA:193,0
DA:194,0
DA:195,0
DA:197,0
DA:200,3
DA:201,0
DA:202,0
DA:203,0
DA:205,0
DA:210,3
DA:211,0
DA:212,0
DA:213,0
DA:215,0
DA:223,3
DA:224,0
DA:227,3
DA:228,0
DA:229,0
DA:230,0
DA:231,0
DA:233,0
DA:240,0
DA:243,3
DA:244,0
DA:246,0
DA:247,0
DA:248,0
DA:251,0
DA:252,0
DA:253,0
DA:255,0
DA:256,0
DA:258,0
DA:259,0
DA:261,0
DA:268,0
DA:269,0
DA:271,0
DA:272,0
DA:274,0
DA:275,0
DA:276,0
DA:277,0
DA:278,0
DA:280,0
DA:285,0
DA:286,0
DA:288,0
DA:289,0
DA:295,3
DA:296,10
DA:297,10
DA:298,0
DA:301,10
DA:302,10
DA:304,10
DA:307,3
DA:308,0
DA:309,0
DA:312,3
DA:313,1
DA:314,1
DA:317,3
DA:318,9
DA:319,9
DA:320,0
DA:323,9
DA:324,9
DA:326,0
DA:329,9
DA:330,9
DA:335,3
DA:336,6
DA:337,6
DA:338,6
DA:340,6
DA:343,6
DA:344,0
DA:347,6
DA:348,0
DA:350,6
DA:351,0
DA:354,6
DA:355,6
DA:356,0
DA:359,6
DA:360,6
DA:367,6
DA:368,22
DA:370,6
DA:371,0
DA:374,21
DA:375,6
DA:376,1
DA:381,5
DA:391,5
DA:397,5
DA:399,5
DA:408,0
DA:409,0
DA:411,0
DA:412,0
DA:416,3
DA:417,2
DA:421,2
DA:424,3
DA:425,1
DA:426,1
DA:429,3
DA:430,4
DA:431,4
DA:432,0
DA:435,4
DA:436,4
DA:437,0
DA:439,4
DA:441,4
DA:442,4
DA:443,0
DA:446,4
DA:447,4
DA:448,0
DA:451,4
DA:457,4
DA:458,4
DA:459,4
DA:460,4
DA:462,4
DA:463,4
DA:464,2
DA:465,2
DA:466,2
DA:469,4
DA:470,4
DA:471,4
DA:474,4
DA:483,3
DA:484,1
DA:485,1
DA:486,0
DA:489,1
DA:490,1
DA:491,0
DA:494,1
DA:495,0
DA:498,1
DA:499,0
DA:502,1
DA:503,1
DA:508,3
DA:509,4
DA:510,4
DA:511,4
DA:513,4
DA:514,0
DA:516,4
DA:517,0
DA:521,4
DA:522,4
DA:523,4
DA:524,0
DA:528,4
DA:529,4
DA:535,4
DA:537,0
DA:538,0
DA:540,0
DA:541,0
DA:547,3
DA:548,0
DA:549,0
DA:550,0
DA:551,0
DA:554,0
DA:555,0
DA:557,0
DA:562,0
DA:563,0
DA:566,0
DA:567,0
DA:568,0
DA:570,0
DA:577,0
DA:579,0
DA:581,0
DA:582,0
DA:583,0
DA:586,0
DA:590,3
DA:591,3
DA:592,16
DA:593,16
DA:594,16
DA:595,16
DA:599,3
DA:600,0
DA:608,3
DA:609,0
DA:610,0
DA:614,3
LF:280
LH:172
BRDA:15,0,0,0
BRDA:15,0,1,3
BRDA:17,1,0,0
BRDA:17,1,1,3
BRDA:52,2,0,0
BRDA:52,2,1,3
BRDA:53,3,0,0
BRDA:53,3,1,0
BRDA:55,4,0,3
BRDA:55,4,1,3
BRDA:69,5,0,3
BRDA:69,5,1,3
BRDA:72,6,0,0
BRDA:72,6,1,39
BRDA:80,7,0,0
BRDA:80,7,1,23
BRDA:85,8,0,0
BRDA:85,8,1,23
BRDA:90,9,0,1
BRDA:90,9,1,22
BRDA:100,10,0,0
BRDA:100,10,1,20
BRDA:100,11,0,20
BRDA:100,11,1,20
BRDA:100,11,2,20
BRDA:102,12,0,20
BRDA:102,12,1,0
BRDA:102,13,0,20
BRDA:102,13,1,20
BRDA:106,14,0,0
BRDA:106,14,1,0
BRDA:138,15,0,0
BRDA:138,15,1,2
BRDA:141,16,0,0
BRDA:141,16,1,2
BRDA:141,17,0,2
BRDA:141,17,1,2
BRDA:143,18,0,2
BRDA:143,18,1,0
BRDA:149,19,0,0
BRDA:149,19,1,4
BRDA:157,20,0,4
BRDA:157,20,1,0
BRDA:178,21,0,0
BRDA:178,21,1,0
BRDA:190,22,0,0
BRDA:190,22,1,0
BRDA:194,23,0,0
BRDA:194,23,1,0
BRDA:202,24,0,0
BRDA:202,24,1,0
BRDA:246,25,0,0
BRDA:246,25,1,0
BRDA:258,26,0,0
BRDA:258,26,1,0
BRDA:258,27,0,0
BRDA:258,27,1,0
BRDA:258,28,0,0
BRDA:258,28,1,0
BRDA:259,29,0,0
BRDA:259,29,1,0
BRDA:276,30,0,0
BRDA:276,30,1,0
BRDA:296,31,0,10
BRDA:296,31,1,0
BRDA:297,32,0,0
BRDA:297,32,1,10
BRDA:318,33,0,9
BRDA:318,33,1,0
BRDA:319,34,0,0
BRDA:319,34,1,9
BRDA:324,35,0,0
BRDA:324,35,1,9
BRDA:338,36,0,0
BRDA:338,36,1,6
BRDA:340,37,0,0
BRDA:340,37,1,6
BRDA:340,38,0,6
BRDA:340,38,1,0
BRDA:343,39,0,0
BRDA:343,39,1,6
BRDA:347,40,0,0
BRDA:347,40,1,6
BRDA:347,41,0,6
BRDA:347,41,1,6
BRDA:350,42,0,0
BRDA:350,42,1,6
BRDA:355,43,0,0
BRDA:355,43,1,6
BRDA:355,44,0,6
BRDA:355,44,1,6
BRDA:368,45,0,22
BRDA:368,45,1,22
BRDA:370,46,0,0
BRDA:370,46,1,6
BRDA:375,47,0,1
BRDA:375,47,1,5
BRDA:384,48,0,5
BRDA:384,48,1,5
BRDA:387,49,0,5
BRDA:387,49,1,0
BRDA:408,50,0,0
BRDA:408,50,1,0
BRDA:431,51,0,0
BRDA:431,51,1,4
BRDA:435,52,0,4
BRDA:435,52,1,0
BRDA:436,53,0,0
BRDA:436,53,1,4
BRDA:439,54,0,2
BRDA:439,54,1,2
BRDA:442,55,0,0
BRDA:442,55,1,4
BRDA:447,56,0,0
BRDA:447,56,1,4
BRDA:458,57,0,4
BRDA:458,57,1,0
BRDA:459,58,0,4
BRDA:459,58,1,2
BRDA:463,59,0,2
BRDA:463,59,1,2
BRDA:465,60,0,2
BRDA:465,60,1,0
BRDA:470,61,0,4
BRDA:470,61,1,0
BRDA:485,62,0,0
BRDA:485,62,1,1
BRDA:490,63,0,0
BRDA:490,63,1,1
BRDA:494,64,0,0
BRDA:494,64,1,1
BRDA:498,65,0,0
BRDA:498,65,1,1
BRDA:513,66,0,0
BRDA:513,66,1,4
BRDA:513,67,0,4
BRDA:513,67,1,4
BRDA:516,68,0,0
BRDA:516,68,1,4
BRDA:521,69,0,4
BRDA:521,69,1,0
BRDA:523,70,0,0
BRDA:523,70,1,4
BRDA:523,71,0,4
BRDA:523,71,1,4
BRDA:533,72,0,4
BRDA:533,72,1,0
BRDA:537,73,0,0
BRDA:537,73,1,0
BRDA:550,74,0,0
BRDA:550,74,1,0
BRDA:550,75,0,0
BRDA:550,75,1,0
BRDA:562,76,0,0
BRDA:562,76,1,0
BRDA:562,77,0,0
BRDA:562,77,1,0
BRDA:567,78,0,0
BRDA:567,78,1,0
BRDA:568,79,0,0
BRDA:568,79,1,0
BRDA:571,80,0,0
BRDA:571,80,1,0
BRDA:581,81,0,0
BRDA:581,81,1,0
BRDA:581,82,0,0
BRDA:581,82,1,0
BRDA:590,83,0,3
BRDA:590,83,1,0
BRDA:608,84,0,0
BRDA:608,84,1,3
BRF:171
BRH:79
end_of_record
TN:
SF:__tests__/testUtils.js
FN:5,runMigrations
FN:10,(anonymous_1)
FN:18,resetDb
FN:24,createUser
FN:40,(anonymous_4)
FNF:5
FNH:5
FNDA:3,runMigrations
FNDA:30,(anonymous_1)
FNDA:9,resetDb
FNDA:18,createUser
FNDA:3,(anonymous_4)
DA:1,3
DA:2,3
DA:3,3
DA:6,3
DA:7,3
DA:8,3
DA:10,30
DA:13,3
DA:14,27
DA:19,9
DA:25,18
DA:31,18
DA:34,3
DA:40,3
DA:41,3
LF:15
LH:15
BRDA:29,0,0,18
BRDA:29,0,1,0
BRDA:29,1,0,18
BRDA:29,1,1,0
BRDA:29,2,0,18
BRDA:29,2,1,4
BRF:6
BRH:4
end_of_record
TN:
SF:algorithm/algorithm.js
FN:20,mergeIntervals
FN:27,(anonymous_1)
FN:54,overlaps
FN:73,computeAvailabilityBlocks
FNF:4
FNH:4
FNDA:20,mergeIntervals
FNDA:4,(anonymous_1)
FNDA:22,overlaps
FNDA:10,computeAvailabilityBlocks
DA:22,20
DA:27,4
DA:30,4
DA:31,4
DA:33,4
DA:34,4
DA:36,4
DA:37,4
DA:39,0
DA:40,0
DA:43,4
DA:44,4
DA:55,22
DA:80,10
DA:81,0
DA:83,10
DA:84,0
DA:86,10
DA:87,0
DA:90,10
DA:91,10
DA:92,0
DA:97,10
DA:99,10
DA:100,20
DA:101,20
DA:104,20
DA:106,20
DA:107,10
DA:108,10
DA:109,10
DA:110,10
DA:111,10
DA:114,10
DA:115,10
DA:116,10
DA:120,10
DA:123,20
DA:124,20
DA:125,6
DA:131,10
DA:132,20
DA:135,10
DA:136,10
DA:140,10
DA:141,40
DA:144,40
DA:146,40
DA:148,40
DA:149,80
DA:150,80
DA:151,80
DA:154,80
DA:156,80
DA:158,80
DA:159,80
DA:160,22
DA:161,22
DA:164,80
DA:165,60
DA:168,40
DA:169,40
DA:171,40
DA:183,10
LF:64
LH:58
BRDA:22,0,0,16
BRDA:22,0,1,4
BRDA:36,1,0,4
BRDA:36,1,1,0
BRDA:55,2,0,22
BRDA:55,2,1,22
BRDA:77,3,0,0
BRDA:78,4,0,10
BRDA:80,5,0,0
BRDA:80,5,1,10
BRDA:80,6,0,10
BRDA:80,6,1,10
BRDA:83,7,0,0
BRDA:83,7,1,10
BRDA:86,8,0,0
BRDA:86,8,1,10
BRDA:91,9,0,0
BRDA:91,9,1,10
BRDA:91,10,0,10
BRDA:91,10,1,10
BRDA:101,11,0,20
BRDA:101,11,1,0
BRDA:107,12,0,0
BRDA:107,12,1,10
BRDA:110,13,0,0
BRDA:110,13,1,10
BRDA:110,14,0,10
BRDA:110,14,1,10
BRDA:111,15,0,0
BRDA:111,15,1,10
BRDA:116,16,0,0
BRDA:116,16,1,10
BRDA:124,17,0,6
BRDA:124,17,1,14
BRDA:150,18,0,80
BRDA:150,18,1,56
BRDA:151,19,0,80
BRDA:151,19,1,79
BRDA:154,20,0,81
BRDA:154,20,1,23
BRDA:159,21,0,22
BRDA:159,21,1,58
BRDA:164,22,0,20
BRDA:164,22,1,60
BRDA:179,23,0,0
BRDA:179,23,1,40
BRF:46
BRH:34
end_of_record
TN:
SF:algorithm/index.cjs
FN:3,loadAlgorithm
FN:10,computeAvailabilityBlocks
FNF:2
FNH:2
FNDA:10,loadAlgorithm
FNDA:10,computeAvailabilityBlocks
DA:1,3
DA:4,10
DA:5,2
DA:7,10
DA:11,10
DA:12,10
DA:15,3
LF:7
LH:7
BRDA:4,0,0,2
BRDA:4,0,1,8
BRF:2
BRH:2
end_of_record
TN:
SF:algorithm/types/algorithm_types.js
FNF:0
FNH:0
DA:2,2
DA:8,2
LF:2
LH:2
BRF:0
BRH:0
end_of_record
TN:
SF:db/index.js
FN:21,(anonymous_0)
FN:30,(anonymous_1)
FN:101,(anonymous_2)
FN:111,(anonymous_3)
FN:121,(anonymous_4)
FN:131,(anonymous_5)
FN:143,(anonymous_6)
FN:153,(anonymous_7)
FN:161,(anonymous_8)
FN:172,(anonymous_9)
FN:184,(anonymous_10)
FN:196,(anonymous_11)
FN:214,(anonymous_12)
FN:224,(anonymous_13)
FN:250,(anonymous_14)
FN:278,(anonymous_15)
FN:290,(anonymous_16)
FN:302,(anonymous_17)
FN:313,(anonymous_18)
FN:317,(anonymous_19)
FN:346,(anonymous_20)
FN:356,(anonymous_21)
FN:364,(anonymous_22)
FN:369,(anonymous_23)
FNF:24
FNH:18
FNDA:0,(anonymous_0)
FNDA:0,(anonymous_1)
FNDA:0,(anonymous_2)
FNDA:9,(anonymous_3)
FNDA:10,(anonymous_4)
FNDA:0,(anonymous_5)
FNDA:23,(anonymous_6)
FNDA:27,(anonymous_7)
FNDA:19,(anonymous_8)
FNDA:1,(anonymous_9)
FNDA:10,(anonymous_10)
FNDA:5,(anonymous_11)
FNDA:5,(anonymous_12)
FNDA:2,(anonymous_13)
FNDA:1,(anonymous_14)
FNDA:9,(anonymous_15)
FNDA:4,(anonymous_16)
FNDA:4,(anonymous_17)
FNDA:1,(anonymous_18)
FNDA:10,(anonymous_19)
FNDA:9,(anonymous_20)
FNDA:0,(anonymous_21)
FNDA:0,(anonymous_22)
FNDA:54,(anonymous_23)
DA:1,3
DA:2,3
DA:6,3
DA:8,3
DA:21,3
DA:22,0
DA:23,0
DA:30,3
DA:31,0
DA:32,0
DA:35,0
DA:36,0
DA:37,0
DA:39,0
DA:41,0
DA:42,0
DA:46,0
DA:47,0
DA:57,0
DA:61,0
DA:62,0
DA:66,0
DA:67,0
DA:77,0
DA:81,0
DA:82,0
DA:88,0
DA:91,0
DA:92,0
DA:94,0
DA:95,0
DA:97,0
DA:101,3
DA:102,0
DA:108,0
DA:111,3
DA:112,9
DA:118,9
DA:121,3
DA:122,10
DA:128,10
DA:131,3
DA:132,0
DA:140,0
DA:143,3
DA:144,23
DA:150,23
DA:153,3
DA:154,27
DA:158,27
DA:161,3
DA:162,19
DA:169,19
DA:172,3
DA:173,1
DA:181,1
DA:184,3
DA:185,10
DA:193,10
DA:196,3
DA:205,5
DA:211,5
DA:214,3
DA:215,5
DA:221,5
DA:224,3
DA:225,2
DA:247,2
DA:250,3
DA:251,1
DA:275,1
DA:278,3
DA:279,9
DA:287,9
DA:290,3
DA:291,4
DA:299,4
DA:302,3
DA:303,4
DA:310,4
DA:313,3
DA:314,1
DA:317,3
DA:318,10
DA:319,0
DA:322,10
DA:343,10
DA:346,3
DA:347,9
DA:353,9
DA:356,3
DA:357,0
DA:364,0
DA:367,3
DA:369,54
LF:95
LH:62
BRDA:3,0,0,0
BRDA:3,0,1,3
BRDA:9,1,0,0
BRDA:9,1,1,3
BRDA:31,2,0,0
BRDA:31,2,1,0
BRDA:31,3,0,0
BRDA:31,3,1,0
BRDA:41,4,0,0
BRDA:41,4,1,0
BRDA:46,5,0,0
BRDA:46,5,1,0
BRDA:55,6,0,0
BRDA:55,6,1,0
BRDA:61,7,0,0
BRDA:61,7,1,0
BRDA:61,8,0,0
BRDA:61,8,1,0
BRDA:66,9,0,0
BRDA:66,9,1,0
BRDA:75,10,0,0
BRDA:75,10,1,0
BRDA:75,11,0,0
BRDA:75,11,1,0
BRDA:81,12,0,0
BRDA:81,12,1,0
BRDA:86,13,0,0
BRDA:86,13,1,0
BRDA:86,14,0,0
BRDA:86,14,1,0
BRDA:161,15,0,0
BRDA:202,16,0,0
BRDA:203,17,0,0
BRDA:318,18,0,0
BRDA:318,18,1,10
BRDA:318,19,0,10
BRDA:318,19,1,10
BRDA:353,20,0,9
BRDA:353,20,1,0
BRF:39
BRH:6
end_of_record
TN:
SF:services/googleCalendar.js
FN:3,createOAuthClient
FN:11,parseEventTime
FN:24,normalizeEventsToIntervals
FN:47,listGoogleEvents
FN:67,fetchBusyIntervalsForUser
FNF:5
FNH:0
FNDA:0,createOAuthClient
FNDA:0,parseEventTime
FNDA:0,normalizeEventsToIntervals
FNDA:0,listGoogleEvents
FNDA:0,fetchBusyIntervalsForUser
DA:1,1
DA:4,0
DA:12,0
DA:13,0
DA:14,0
DA:15,0
DA:17,0
DA:18,0
DA:19,0
DA:21,0
DA:25,0
DA:26,0
DA:28,0
DA:29,0
DA:30,0
DA:31,0
DA:32,0
DA:33,0
DA:35,0
DA:44,0
DA:48,0
DA:49,0
DA:51,0
DA:53,0
DA:60,0
DA:61,0
DA:63,0
DA:64,0
DA:68,0
DA:69,0
DA:70,0
DA:71,0
DA:74,0
DA:80,0
DA:83,1
LF:35
LH:2
BRDA:12,0,0,0
BRDA:12,0,1,0
BRDA:13,1,0,0
BRDA:13,1,1,0
BRDA:15,2,0,0
BRDA:15,2,1,0
BRDA:17,3,0,0
BRDA:17,3,1,0
BRDA:19,4,0,0
BRDA:19,4,1,0
BRDA:25,5,0,0
BRDA:25,5,1,0
BRDA:29,6,0,0
BRDA:29,6,1,0
BRDA:29,7,0,0
BRDA:29,7,1,0
BRDA:29,7,2,0
BRDA:32,8,0,0
BRDA:32,8,1,0
BRDA:32,9,0,0
BRDA:32,9,1,0
BRDA:33,10,0,0
BRDA:33,10,1,0
BRDA:36,11,0,0
BRDA:36,11,1,0
BRDA:36,11,2,0
BRDA:60,12,0,0
BRDA:60,12,1,0
BRDA:61,13,0,0
BRDA:61,13,1,0
BRDA:64,14,0,0
BRDA:64,14,1,0
BRDA:68,15,0,0
BRDA:68,15,1,0
BRF:34
BRH:0
end_of_record
