TN:
SF:availability.js
FN:61,mergeIntervals
FN:93,overlaps
FN:112,computeAvailabilityBlocks
FNF:3
FNH:3
FNDA:23,mergeIntervals
FNDA:22,overlaps
FNDA:30,computeAvailabilityBlocks
DA:1,1
DA:2,1
DA:3,1
DA:4,1
DA:5,1
DA:6,1
DA:7,1
DA:8,1
DA:9,1
DA:10,1
DA:11,1
DA:12,1
DA:13,1
DA:14,1
DA:15,1
DA:16,1
DA:17,1
DA:18,1
DA:19,1
DA:20,1
DA:21,1
DA:22,1
DA:23,1
DA:24,1
DA:25,1
DA:26,1
DA:27,1
DA:28,1
DA:29,1
DA:30,1
DA:31,1
DA:32,1
DA:33,1
DA:34,1
DA:35,1
DA:36,1
DA:37,1
DA:38,1
DA:39,1
DA:40,1
DA:41,1
DA:42,1
DA:43,1
DA:44,1
DA:45,1
DA:46,1
DA:47,1
DA:48,1
DA:49,1
DA:50,1
DA:51,1
DA:52,1
DA:53,1
DA:54,1
DA:55,1
DA:56,1
DA:57,1
DA:58,1
DA:59,1
DA:60,1
DA:61,23
DA:62,23
DA:63,3
DA:64,3
DA:65,3
DA:66,3
DA:67,3
DA:68,3
DA:69,3
DA:70,3
DA:71,3
DA:72,3
DA:73,3
DA:74,3
DA:75,3
DA:76,1
DA:77,3
DA:78,2
DA:79,2
DA:80,2
DA:81,3
DA:82,3
DA:83,3
DA:84,3
DA:85,1
DA:86,1
DA:87,1
DA:88,1
DA:89,1
DA:90,1
DA:91,1
DA:92,1
DA:93,22
DA:94,22
DA:95,22
DA:96,1
DA:97,1
DA:98,1
DA:99,1
DA:100,1
DA:101,1
DA:102,1
DA:103,1
DA:104,1
DA:105,1
DA:106,1
DA:107,1
DA:108,1
DA:109,1
DA:110,1
DA:111,1
DA:112,1
DA:113,30
DA:114,30
DA:115,30
DA:116,30
DA:117,30
DA:118,30
DA:119,30
DA:120,2
DA:121,2
DA:122,30
DA:123,1
DA:124,1
DA:125,30
DA:126,1
DA:127,1
DA:128,26
DA:129,26
DA:130,30
DA:131,4
DA:132,4
DA:133,22
DA:134,22
DA:135,22
DA:136,22
DA:137,22
DA:138,30
DA:139,23
DA:140,23
DA:141,23
DA:142,23
DA:143,23
DA:144,23
DA:145,23
DA:146,25
DA:147,23
DA:148,23
DA:149,25
DA:150,25
DA:151,18
DA:152,18
DA:153,18
DA:154,18
DA:155,25
DA:156,16
DA:157,16
DA:158,16
DA:159,16
DA:160,16
DA:161,23
DA:162,23
DA:163,23
DA:164,13
DA:165,13
DA:166,23
DA:167,22
DA:168,22
DA:169,22
DA:170,22
DA:171,30
DA:172,22
DA:173,22
DA:174,22
DA:175,22
DA:176,22
DA:177,22
DA:178,22
DA:179,30
DA:180,42
DA:181,42
DA:182,42
DA:183,42
DA:184,42
DA:185,42
DA:186,42
DA:187,42
DA:188,41
DA:189,41
DA:190,41
DA:191,41
DA:192,41
DA:193,41
DA:194,41
DA:195,41
DA:196,41
DA:197,41
DA:198,41
DA:199,22
DA:200,22
DA:201,22
DA:202,41
DA:203,41
DA:204,21
DA:205,41
DA:206,42
DA:207,42
DA:208,42
DA:209,42
DA:210,42
DA:211,42
DA:212,42
DA:213,42
DA:214,42
DA:215,42
DA:216,42
DA:217,42
DA:218,42
DA:219,42
DA:220,42
DA:221,22
DA:222,22
DA:223,22
LF:223
LH:223
BRDA:61,0,0,23
BRDA:62,1,0,20
BRDA:62,2,0,3
BRDA:75,3,0,1
BRDA:77,4,0,2
BRDA:65,5,0,3
BRDA:93,6,0,22
BRDA:112,7,0,30
BRDA:119,8,0,29
BRDA:119,9,0,2
BRDA:121,10,0,28
BRDA:122,11,0,1
BRDA:124,12,0,27
BRDA:125,13,0,1
BRDA:127,14,0,26
BRDA:130,15,0,24
BRDA:130,16,0,4
BRDA:132,17,0,22
BRDA:138,18,0,23
BRDA:140,19,0,21
BRDA:140,20,0,2
BRDA:145,21,0,25
BRDA:146,22,0,2
BRDA:146,23,0,23
BRDA:149,24,0,21
BRDA:149,25,0,4
BRDA:149,26,0,19
BRDA:150,27,0,1
BRDA:150,28,0,18
BRDA:155,29,0,2
BRDA:155,30,0,16
BRDA:163,31,0,13
BRDA:166,32,0,22
BRDA:171,33,0,23
BRDA:171,34,0,22
BRDA:179,35,0,42
BRDA:187,36,0,41
BRDA:189,37,0,17
BRDA:190,38,0,38
BRDA:193,39,0,26
BRDA:193,40,0,4
BRDA:198,41,0,22
BRDA:203,42,0,20
BRDA:204,43,0,21
BRDA:218,44,0,4
BRDA:218,45,0,38
BRDA:220,46,0,22
BRF:47
BRH:47
end_of_record
TN:
SF:sum.js
FN:1,sum
FNF:1
FNH:1
FNDA:1,sum
DA:1,1
DA:2,1
DA:3,1
DA:4,1
LF:4
LH:4
BRDA:1,0,0,1
BRF:1
BRH:1
end_of_record
